#
# There is insufficient memory for the Java Runtime Environment to continue.
# Native memory allocation (malloc) failed to allocate 833376 bytes for Chunk::new
# Possible reasons:
#   The system is out of physical RAM or swap space
#   In 32 bit mode, the process size limit was hit
# Possible solutions:
#   Reduce memory load on the system
#   Increase physical memory or swap space
#   Check if swap backing store is full
#   Use 64 bit Java on a 64 bit OS
#   Decrease Java heap size (-Xmx/-Xms)
#   Decrease number of Java threads
#   Decrease Java thread stack sizes (-Xss)
#   Set larger code cache with -XX:ReservedCodeCacheSize=
# This output file may be truncated or incomplete.
#
#  Out of Memory Error (allocation.cpp:390), pid=5848, tid=3880
#
# JRE version: Java(TM) SE Runtime Environment (8.0_25-b18) (build 1.8.0_25-b18)
# Java VM: Java HotSpot(TM) 64-Bit Server VM (25.25-b02 mixed mode windows-amd64 compressed oops)
# Failed to write core dump. Minidumps are not enabled by default on client versions of Windows
#

---------------  T H R E A D  ---------------

Current thread (0x000000001555d800):  JavaThread "C2 CompilerThread0" daemon [_thread_in_native, id=3880, stack(0x0000000016ad0000,0x0000000016bd0000)]

Stack: [0x0000000016ad0000,0x0000000016bd0000]
Native frames: (J=compiled Java code, j=interpreted, Vv=VM code, C=native code)
V  [jvm.dll+0x31667a]


Current CompileTask:
C2:   8873 1297       4       com.android.dx.ssa.SCCP::simulateStmt (481 bytes)


---------------  P R O C E S S  ---------------

Java Threads: ( => current thread )
  0x00000000170dd000 JavaThread "pool-1-thread-4" [_thread_blocked, id=1484, stack(0x00000000177d0000,0x00000000178d0000)]
  0x00000000170c4000 JavaThread "pool-1-thread-3" [_thread_blocked, id=7480, stack(0x00000000176d0000,0x00000000177d0000)]
  0x000000001702b000 JavaThread "pool-1-thread-2" [_thread_in_Java, id=1756, stack(0x00000000175d0000,0x00000000176d0000)]
  0x0000000017005000 JavaThread "pool-2-thread-1" [_thread_blocked, id=1984, stack(0x00000000174d0000,0x00000000175d0000)]
  0x000000001700c800 JavaThread "pool-1-thread-1" [_thread_in_Java, id=6792, stack(0x00000000173d0000,0x00000000174d0000)]
  0x00000000155bd800 JavaThread "Service Thread" daemon [_thread_blocked, id=6036, stack(0x0000000016dd0000,0x0000000016ed0000)]
  0x00000000155b1800 JavaThread "C1 CompilerThread2" daemon [_thread_blocked, id=8344, stack(0x0000000016cd0000,0x0000000016dd0000)]
  0x0000000015560800 JavaThread "C2 CompilerThread1" daemon [_thread_in_native, id=8700, stack(0x0000000016bd0000,0x0000000016cd0000)]
=>0x000000001555d800 JavaThread "C2 CompilerThread0" daemon [_thread_in_native, id=3880, stack(0x0000000016ad0000,0x0000000016bd0000)]
  0x000000001555c000 JavaThread "Attach Listener" daemon [_thread_blocked, id=400, stack(0x00000000169d0000,0x0000000016ad0000)]
  0x000000001555a800 JavaThread "Signal Dispatcher" daemon [_thread_blocked, id=10780, stack(0x00000000168d0000,0x00000000169d0000)]
  0x0000000002e50000 JavaThread "Finalizer" daemon [_thread_blocked, id=5604, stack(0x00000000167c0000,0x00000000168c0000)]
  0x0000000002e4c800 JavaThread "Reference Handler" daemon [_thread_blocked, id=6332, stack(0x00000000166c0000,0x00000000167c0000)]
  0x000000000151e000 JavaThread "main" [_thread_in_native, id=8932, stack(0x0000000002c60000,0x0000000002d60000)]

Other Threads:
  0x0000000015525800 VMThread [stack: 0x00000000165c0000,0x00000000166c0000] [id=7992]
  0x0000000016ed1800 WatcherThread [stack: 0x00000000172d0000,0x00000000173d0000] [id=10820]

VM state:not at safepoint (normal execution)

VM Mutex/Monitor currently owned by a thread: None

Heap:
 PSYoungGen      total 35328K, used 6623K [0x00000000eab00000, 0x00000000ed000000, 0x0000000100000000)
  eden space 32768K, 12% used [0x00000000eab00000,0x00000000eaef7f40,0x00000000ecb00000)
  from space 2560K, 100% used [0x00000000ecd80000,0x00000000ed000000,0x00000000ed000000)
  to   space 2560K, 0% used [0x00000000ecb00000,0x00000000ecb00000,0x00000000ecd80000)
 ParOldGen       total 44032K, used 3856K [0x00000000c0000000, 0x00000000c2b00000, 0x00000000eab00000)
  object space 44032K, 8% used [0x00000000c0000000,0x00000000c03c4030,0x00000000c2b00000)
 Metaspace       used 5910K, capacity 6960K, committed 7040K, reserved 1056768K
  class space    used 578K, capacity 616K, committed 640K, reserved 1048576K

Card table byte_map: [0x0000000012230000,0x0000000012440000] byte_map_base: 0x0000000011c30000

Marking Bits: (ParMarkBitMap*) 0x00000000749dd490
 Begin Bits: [0x00000000129a0000, 0x00000000139a0000)
 End Bits:   [0x00000000139a0000, 0x00000000149a0000)

Polling page: 0x00000000010e0000

CodeCache: size=245760Kb used=5555Kb max_used=5555Kb free=240205Kb
 bounds [0x0000000002e70000, 0x00000000033f0000, 0x0000000011e70000]
 total_blobs=1644 nmethods=1380 adapters=178
 compilation: enabled

Compilation events (10 events):
Event: 8.851 Thread 0x00000000155b1800 1377       3       com.android.dx.dex.code.StdCatchBuilder::<init> (62 bytes)
Event: 8.852 Thread 0x00000000155b1800 nmethod 1377 0x00000000033cc010 code [0x00000000033cc1c0, 0x00000000033cc648]
Event: 8.852 Thread 0x00000000155b1800 1378       3       com.android.dx.dex.code.OutputCollector::getFinisher (26 bytes)
Event: 8.852 Thread 0x00000000155b1800 nmethod 1378 0x00000000033cc7d0 code [0x00000000033cc940, 0x00000000033ccbd8]
Event: 8.852 Thread 0x00000000155b1800 1379       3       com.android.dx.dex.code.DalvCode::<init> (68 bytes)
Event: 8.853 Thread 0x00000000155b1800 nmethod 1379 0x00000000033cccd0 code [0x00000000033cce60, 0x00000000033cd238]
Event: 8.853 Thread 0x00000000155b1800 1380       3       com.android.dx.cf.code.Simulator$SimVisitor::checkReturnType (64 bytes)
Event: 8.854 Thread 0x00000000155b1800 nmethod 1380 0x00000000033cd390 code [0x00000000033cd5c0, 0x00000000033ce308]
Event: 8.854 Thread 0x00000000155b1800 1381       3       com.android.dx.ssa.DomFront::run (264 bytes)
Event: 8.859 Thread 0x00000000155b1800 nmethod 1381 0x00000000033ce8d0 code [0x00000000033cee40, 0x00000000033d2428]

GC Heap History (4 events):
Event: 6.278 GC heap before
{Heap before GC invocations=1 (full 0):
 PSYoungGen      total 18944K, used 16384K [0x00000000eab00000, 0x00000000ec000000, 0x0000000100000000)
  eden space 16384K, 100% used [0x00000000eab00000,0x00000000ebb00000,0x00000000ebb00000)
  from space 2560K, 0% used [0x00000000ebd80000,0x00000000ebd80000,0x00000000ec000000)
  to   space 2560K, 0% used [0x00000000ebb00000,0x00000000ebb00000,0x00000000ebd80000)
 ParOldGen       total 44032K, used 0K [0x00000000c0000000, 0x00000000c2b00000, 0x00000000eab00000)
  object space 44032K, 0% used [0x00000000c0000000,0x00000000c0000000,0x00000000c2b00000)
 Metaspace       used 5565K, capacity 6704K, committed 6784K, reserved 1056768K
  class space    used 576K, capacity 616K, committed 640K, reserved 1048576K
Event: 6.608 GC heap after
Heap after GC invocations=1 (full 0):
 PSYoungGen      total 18944K, used 2538K [0x00000000eab00000, 0x00000000ed000000, 0x0000000100000000)
  eden space 16384K, 0% used [0x00000000eab00000,0x00000000eab00000,0x00000000ebb00000)
  from space 2560K, 99% used [0x00000000ebb00000,0x00000000ebd7aac8,0x00000000ebd80000)
  to   space 2560K, 0% used [0x00000000ecd80000,0x00000000ecd80000,0x00000000ed000000)
 ParOldGen       total 44032K, used 1670K [0x00000000c0000000, 0x00000000c2b00000, 0x00000000eab00000)
  object space 44032K, 3% used [0x00000000c0000000,0x00000000c01a18a8,0x00000000c2b00000)
 Metaspace       used 5565K, capacity 6704K, committed 6784K, reserved 1056768K
  class space    used 576K, capacity 616K, committed 640K, reserved 1048576K
}
Event: 8.359 GC heap before
{Heap before GC invocations=2 (full 0):
 PSYoungGen      total 18944K, used 18922K [0x00000000eab00000, 0x00000000ed000000, 0x0000000100000000)
  eden space 16384K, 100% used [0x00000000eab00000,0x00000000ebb00000,0x00000000ebb00000)
  from space 2560K, 99% used [0x00000000ebb00000,0x00000000ebd7aac8,0x00000000ebd80000)
  to   space 2560K, 0% used [0x00000000ecd80000,0x00000000ecd80000,0x00000000ed000000)
 ParOldGen       total 44032K, used 1670K [0x00000000c0000000, 0x00000000c2b00000, 0x00000000eab00000)
  object space 44032K, 3% used [0x00000000c0000000,0x00000000c01a18a8,0x00000000c2b00000)
 Metaspace       used 5817K, capacity 6896K, committed 7040K, reserved 1056768K
  class space    used 578K, capacity 616K, committed 640K, reserved 1048576K
Event: 8.736 GC heap after
Heap after GC invocations=2 (full 0):
 PSYoungGen      total 35328K, used 2560K [0x00000000eab00000, 0x00000000ed000000, 0x0000000100000000)
  eden space 32768K, 0% used [0x00000000eab00000,0x00000000eab00000,0x00000000ecb00000)
  from space 2560K, 100% used [0x00000000ecd80000,0x00000000ed000000,0x00000000ed000000)
  to   space 2560K, 0% used [0x00000000ecb00000,0x00000000ecb00000,0x00000000ecd80000)
 ParOldGen       total 44032K, used 3856K [0x00000000c0000000, 0x00000000c2b00000, 0x00000000eab00000)
  object space 44032K, 8% used [0x00000000c0000000,0x00000000c03c4030,0x00000000c2b00000)
 Metaspace       used 5817K, capacity 6896K, committed 7040K, reserved 1056768K
  class space    used 578K, capacity 616K, committed 640K, reserved 1048576K
}

Deoptimization events (10 events):
Event: 5.924 Thread 0x00000000170c4000 Uncommon trap: reason=class_check action=maybe_recompile pc=0x00000000030b3b70 method=com.android.dx.ssa.NormalSsaInsn.accept(Lcom/android/dx/ssa/SsaInsn$Visitor;)V @ 9
Event: 6.008 Thread 0x00000000170dd000 Uncommon trap: reason=class_check action=maybe_recompile pc=0x00000000030b3b70 method=com.android.dx.ssa.NormalSsaInsn.accept(Lcom/android/dx/ssa/SsaInsn$Visitor;)V @ 9
Event: 6.008 Thread 0x00000000170dd000 Uncommon trap: reason=class_check action=maybe_recompile pc=0x00000000030b3b70 method=com.android.dx.ssa.NormalSsaInsn.accept(Lcom/android/dx/ssa/SsaInsn$Visitor;)V @ 9
Event: 6.008 Thread 0x00000000170dd000 Uncommon trap: reason=class_check action=maybe_recompile pc=0x00000000030b3b70 method=com.android.dx.ssa.NormalSsaInsn.accept(Lcom/android/dx/ssa/SsaInsn$Visitor;)V @ 9
Event: 6.025 Thread 0x00000000170dd000 Uncommon trap: reason=class_check action=maybe_recompile pc=0x0000000003171c40 method=com.android.dx.ssa.NormalSsaInsn.accept(Lcom/android/dx/ssa/SsaInsn$Visitor;)V @ 9
Event: 6.631 Thread 0x000000001702b000 Uncommon trap: reason=bimorphic action=maybe_recompile pc=0x000000000314de18 method=java.util.HashMap.getNode(ILjava/lang/Object;)Ljava/util/HashMap$Node; @ 126
Event: 6.631 Thread 0x000000001702b000 Uncommon trap: reason=unreached action=reinterpret pc=0x00000000031497dc method=com.android.dx.rop.cst.Constant.compareTo(Lcom/android/dx/rop/cst/Constant;)I @ 12
Event: 6.826 Thread 0x00000000170c4000 Uncommon trap: reason=null_check action=make_not_entrant pc=0x0000000003166720 method=com.android.dx.rop.type.Type.equals(Ljava/lang/Object;)Z @ 8
Event: 8.035 Thread 0x000000000151e000 Uncommon trap: reason=bimorphic action=maybe_recompile pc=0x000000000307124c method=java.util.HashMap.getNode(ILjava/lang/Object;)Ljava/util/HashMap$Node; @ 126
Event: 8.035 Thread 0x000000000151e000 Uncommon trap: reason=bimorphic action=maybe_recompile pc=0x00000000032468f8 method=java.util.HashMap.putVal(ILjava/lang/Object;Ljava/lang/Object;ZZ)Ljava/lang/Object; @ 203

Internal exceptions (10 events):
Event: 5.321 Thread 0x00000000170dd000 Exception <a 'java/security/PrivilegedActionException'> (0x00000000eb461580) thrown at [D:\re\workspace\8-2-build-windows-amd64-cygwin\jdk8u25\1677\hotspot\src\share\vm\prims\jvm.cpp, line 1312]
Event: 5.326 Thread 0x00000000170dd000 Exception <a 'java/security/PrivilegedActionException'> (0x00000000eb46dda8) thrown at [D:\re\workspace\8-2-build-windows-amd64-cygwin\jdk8u25\1677\hotspot\src\share\vm\prims\jvm.cpp, line 1312]
Event: 5.327 Thread 0x00000000170dd000 Exception <a 'java/security/PrivilegedActionException'> (0x00000000eb473ff8) thrown at [D:\re\workspace\8-2-build-windows-amd64-cygwin\jdk8u25\1677\hotspot\src\share\vm\prims\jvm.cpp, line 1312]
Event: 5.329 Thread 0x00000000170dd000 Exception <a 'java/security/PrivilegedActionException'> (0x00000000eb478900) thrown at [D:\re\workspace\8-2-build-windows-amd64-cygwin\jdk8u25\1677\hotspot\src\share\vm\prims\jvm.cpp, line 1312]
Event: 5.333 Thread 0x00000000170c4000 Exception <a 'java/security/PrivilegedActionException'> (0x00000000eb3777a8) thrown at [D:\re\workspace\8-2-build-windows-amd64-cygwin\jdk8u25\1677\hotspot\src\share\vm\prims\jvm.cpp, line 1312]
Event: 5.341 Thread 0x000000001700c800 Exception <a 'java/security/PrivilegedActionException'> (0x00000000eb24b338) thrown at [D:\re\workspace\8-2-build-windows-amd64-cygwin\jdk8u25\1677\hotspot\src\share\vm\prims\jvm.cpp, line 1312]
Event: 5.347 Thread 0x000000001700c800 Exception <a 'java/security/PrivilegedActionException'> (0x00000000eb257ce0) thrown at [D:\re\workspace\8-2-build-windows-amd64-cygwin\jdk8u25\1677\hotspot\src\share\vm\prims\jvm.cpp, line 1312]
Event: 5.378 Thread 0x000000001702b000 Exception <a 'java/security/PrivilegedActionException'> (0x00000000eb510438) thrown at [D:\re\workspace\8-2-build-windows-amd64-cygwin\jdk8u25\1677\hotspot\src\share\vm\prims\jvm.cpp, line 1312]
Event: 6.254 Thread 0x00000000170c4000 Exception <a 'java/security/PrivilegedActionException'> (0x00000000ebab0468) thrown at [D:\re\workspace\8-2-build-windows-amd64-cygwin\jdk8u25\1677\hotspot\src\share\vm\prims\jvm.cpp, line 1312]
Event: 6.826 Thread 0x00000000170c4000 Implicit null exception at 0x0000000003166622 to 0x0000000003166712

Events (10 events):
Event: 8.035 Thread 0x000000000151e000 DEOPT PACKING pc=0x00000000032468f8 sp=0x0000000002d5df80
Event: 8.035 Thread 0x000000000151e000 DEOPT UNPACKING pc=0x0000000002eb556a sp=0x0000000002d5def8 mode 2
Event: 8.035 loading class java/util/TreeMap$EntrySet
Event: 8.088 Executing VM operation: ParallelGCFailedAllocation
Event: 8.359 loading class java/util/TreeMap$EntrySet done
Event: 8.736 Executing VM operation: ParallelGCFailedAllocation done
Event: 8.737 loading class java/util/TreeMap$EntryIterator
Event: 8.737 loading class java/util/TreeMap$EntryIterator done
Event: 8.737 Executing VM operation: Deoptimize
Event: 8.737 Executing VM operation: Deoptimize done


Dynamic libraries:
0x00007ff6cf090000 - 0x00007ff6cf0c4000 	C:\Program Files\Java\jdk1.8.0_25\bin\java.exe
0x00007ff9ac8f0000 - 0x00007ff9acab1000 	C:\WINDOWS\SYSTEM32\ntdll.dll
0x00007ff9aa1b0000 - 0x00007ff9aa25d000 	C:\WINDOWS\system32\KERNEL32.DLL
0x00007ff9a9470000 - 0x00007ff9a964d000 	C:\WINDOWS\system32\KERNELBASE.dll
0x00007ff9a7a70000 - 0x00007ff9a7ae8000 	C:\WINDOWS\system32\apphelp.dll
0x00007ff9ac5e0000 - 0x00007ff9ac686000 	C:\WINDOWS\system32\ADVAPI32.dll
0x00007ff9abda0000 - 0x00007ff9abe3d000 	C:\WINDOWS\system32\msvcrt.dll
0x00007ff9ac410000 - 0x00007ff9ac46b000 	C:\WINDOWS\system32\sechost.dll
0x00007ff9ac060000 - 0x00007ff9ac186000 	C:\WINDOWS\system32\RPCRT4.dll
0x00007ff9aa270000 - 0x00007ff9aa3be000 	C:\WINDOWS\system32\USER32.dll
0x00007ff9ab8f0000 - 0x00007ff9aba76000 	C:\WINDOWS\system32\GDI32.dll
0x00007ff989d90000 - 0x00007ff98a004000 	C:\WINDOWS\WinSxS\amd64_microsoft.windows.common-controls_6595b64144ccf1df_6.0.10240.16384_none_f41f7b285750ef43\COMCTL32.dll
0x00007ff9ac770000 - 0x00007ff9ac7a6000 	C:\WINDOWS\system32\IMM32.DLL
0x00007ff9aba80000 - 0x00007ff9abbdc000 	C:\WINDOWS\system32\MSCTF.dll
0x0000000073d80000 - 0x0000000073e52000 	C:\Program Files\Java\jdk1.8.0_25\jre\bin\msvcr100.dll
0x0000000074200000 - 0x0000000074a5a000 	C:\Program Files\Java\jdk1.8.0_25\jre\bin\server\jvm.dll
0x00007ff9aa260000 - 0x00007ff9aa268000 	C:\WINDOWS\system32\PSAPI.DLL
0x00007ff99c160000 - 0x00007ff99c169000 	C:\WINDOWS\SYSTEM32\WSOCK32.dll
0x00007ff9a7970000 - 0x00007ff9a7993000 	C:\WINDOWS\SYSTEM32\WINMM.dll
0x00007ff9ac6a0000 - 0x00007ff9ac709000 	C:\WINDOWS\system32\WS2_32.dll
0x00007ff9a7830000 - 0x00007ff9a785c000 	C:\WINDOWS\SYSTEM32\WINMMBASE.dll
0x00007ff9a9650000 - 0x00007ff9a9694000 	C:\WINDOWS\system32\cfgmgr32.dll
0x00007ff9a7bf0000 - 0x00007ff9a7c17000 	C:\WINDOWS\SYSTEM32\DEVOBJ.dll
0x00007ff9ac690000 - 0x00007ff9ac698000 	C:\WINDOWS\system32\NSI.dll
0x00000000741f0000 - 0x00000000741ff000 	C:\Program Files\Java\jdk1.8.0_25\jre\bin\verify.dll
0x00000000741c0000 - 0x00000000741e8000 	C:\Program Files\Java\jdk1.8.0_25\jre\bin\java.dll
0x00000000741a0000 - 0x00000000741b6000 	C:\Program Files\Java\jdk1.8.0_25\jre\bin\zip.dll
0x00007ff9aa3c0000 - 0x00007ff9ab8e2000 	C:\WINDOWS\system32\SHELL32.dll
0x00007ff9a9990000 - 0x00007ff9a9fb8000 	C:\WINDOWS\system32\windows.storage.dll
0x00007ff9ac190000 - 0x00007ff9ac40c000 	C:\WINDOWS\system32\combase.dll
0x00007ff9ac710000 - 0x00007ff9ac761000 	C:\WINDOWS\system32\shlwapi.dll
0x00007ff9a9390000 - 0x00007ff9a939f000 	C:\WINDOWS\system32\kernel.appcore.dll
0x00007ff9a96a0000 - 0x00007ff9a9753000 	C:\WINDOWS\system32\shcore.dll
0x00007ff9a9320000 - 0x00007ff9a936a000 	C:\WINDOWS\system32\powrprof.dll
0x00007ff9a93a0000 - 0x00007ff9a93b3000 	C:\WINDOWS\system32\profapi.dll

VM Arguments:
jvm_args: -Xmx1024M -Dfile.encoding=windows-1252 -Duser.country=US -Duser.language=en -Duser.variant 
java_command: com.android.dx.command.Main --dex --num-threads=4 --output D:\mekget\WorkSpace\androidStudioProjects\_gotera\AbbisWood\app\build\intermediates\pre-dexed\debug\nineoldandroids-library-2.4.0-0f3a7e7167979f5efaacc429826b94fae079e952.jar D:\mekget\WorkSpace\androidStudioProjects\_gotera\AbbisWood\app\build\intermediates\exploded-aar\com.specyci\residemenu\1.6\jars\libs\nineoldandroids-library-2.4.0.jar
java_class_path (initial): C:\Program Files (x86)\android1.0\sdk\build-tools\23.0.1\lib\dx.jar
Launcher Type: SUN_STANDARD

Environment Variables:
CLASSPATH=.;C:\Program Files (x86)\Java\jre1.6.0\lib\ext\QTJava.zip;C:\Program Files\Java\jdk1.7.0_51\bin;
PATH=C:\app\MEK\product\12.1.0\dbhome_1\bin;C:\ProgramData\Oracle\Java\javapath;C:\Python33\;C:\WINDOWS\system32;C:\WINDOWS;C:\WINDOWS\System32\Wbem;C:\WINDOWS\System32\WindowsPowerShell\v1.0\;C:\xampp\mysql\bin;C:\Program Files\Microsoft\Web Platform Installer\;C:\Program Files\Microsoft SQL Server\110\Tools\Binn\;c:\Program Files (x86)\Microsoft ASP.NET\ASP.NET Web Pages\v1.0\;C:\Program Files (x86)\Rational\ClearQuest;C:\Program Files (x86)\Rational\Rose\TopLink\;C:\Program Files (x86)\QuickTime\QTSystem\;C:\Program Files (x86)\Windows Kits\8.1\Windows Performance Toolkit\;C:\Program Files (x86)\Microsoft SDKs\TypeScript\1.0\;C:\altera\14.0\modelsim_ase\win32aloem;C:\Program Files (x86)\Git\cmd;D:\softwares\android-ndk-r10d;C:\Program Files\Microsoft SQL Server\Client SDK\ODBC\110\Tools\Binn\;C:\Program Files (x86)\Microsoft SQL Server\120\Tools\Binn\;C:\Program Files\Microsoft SQL Server\120\Tools\Binn\;C:\Program Files\Microsoft SQL Server\120\DTS\Binn\;C:\Program Files (x86)\Microsoft SQL Server\120\Tools\Binn\ManagementStudio\;C:\Program Files (x86)\Microsoft SQL Server\120\DTS\Binn\;C:\Program Files (x86)\Microsoft SQL Server\110\Tools\Binn\;C:\Program Files\Microsoft SQL Server\110\DTS\Binn\;C:\xampp\php;C:\ProgramData\ComposerSetup\bin;C:\Users\MEK\.dnx\bin;C:\Program Files\Microsoft DNX\Dnvm\;C:\Program Files\MongoDB\Server\3.0\bin;C:\Go\bin;C:\Program Files (x86)\nodejs\;C:\Program Files\MongoDB\Server\3.2\bin;C:\Users\MEK\.dnx\bin;C:\Python33\Lib\site-packages\django\bin;C:\Program Files\Java\jdk1.7.0_51\bin;D:\gradle-1.12\bin;C:\Windows\Microsoft.NET\Framework\v4.0.30319;C:\Program Files\Sublime Text 2;C:\Users\MEK\AppData\Local\Code\bin;C:\Program Files\Java\jdk1.8.0_25\jre\bin;C:\Users\MEK\AppData\Roaming\npm
USERNAME=MEK
OS=Windows_NT
PROCESSOR_IDENTIFIER=Intel64 Family 6 Model 42 Stepping 7, GenuineIntel



---------------  S Y S T E M  ---------------

OS: Windows 8.1 , 64 bit Build 9600 

CPU:total 4 (2 cores per cpu, 2 threads per core) family 6 model 42 stepping 7, cmov, cx8, fxsr, mmx, sse, sse2, sse3, ssse3, sse4.1, sse4.2, popcnt, avx, clmul, ht, tsc, tscinvbit

Memory: 4k page, physical 4099848k(334112k free), swap 7171848k(5212k free)

vm_info: Java HotSpot(TM) 64-Bit Server VM (25.25-b02) for windows-amd64 JRE (1.8.0_25-b18), built on Oct  7 2014 14:25:37 by "java_re" with MS VC++ 10.0 (VS2010)

time: Mon Jul 04 08:24:18 2016
elapsed time: 8 seconds (0d 0h 0m 8s)

