#
# There is insufficient memory for the Java Runtime Environment to continue.
# Native memory allocation (malloc) failed to allocate 510016 bytes for Chunk::new
# Possible reasons:
#   The system is out of physical RAM or swap space
#   In 32 bit mode, the process size limit was hit
# Possible solutions:
#   Reduce memory load on the system
#   Increase physical memory or swap space
#   Check if swap backing store is full
#   Use 64 bit Java on a 64 bit OS
#   Decrease Java heap size (-Xmx/-Xms)
#   Decrease number of Java threads
#   Decrease Java thread stack sizes (-Xss)
#   Set larger code cache with -XX:ReservedCodeCacheSize=
# This output file may be truncated or incomplete.
#
#  Out of Memory Error (allocation.cpp:390), pid=6152, tid=3560
#
# JRE version: Java(TM) SE Runtime Environment (8.0_25-b18) (build 1.8.0_25-b18)
# Java VM: Java HotSpot(TM) 64-Bit Server VM (25.25-b02 mixed mode windows-amd64 compressed oops)
# Failed to write core dump. Minidumps are not enabled by default on client versions of Windows
#

---------------  T H R E A D  ---------------

Current thread (0x0000000015314800):  JavaThread "C2 CompilerThread1" daemon [_thread_in_native, id=3560, stack(0x0000000016970000,0x0000000016a70000)]

Stack: [0x0000000016970000,0x0000000016a70000]
Native frames: (J=compiled Java code, j=interpreted, Vv=VM code, C=native code)
V  [jvm.dll+0x31667a]


Current CompileTask:
C2:   5435  687       4       com.android.dx.ssa.SsaBasicBlock::forEachInsn (37 bytes)


---------------  P R O C E S S  ---------------

Java Threads: ( => current thread )
  0x0000000016d9c000 JavaThread "pool-1-thread-4" [_thread_in_Java, id=6640, stack(0x0000000017570000,0x0000000017670000)]
  0x0000000016d9b000 JavaThread "pool-1-thread-3" [_thread_in_Java, id=7220, stack(0x0000000017470000,0x0000000017570000)]
  0x0000000016cc0800 JavaThread "pool-1-thread-2" [_thread_in_vm, id=672, stack(0x0000000017370000,0x0000000017470000)]
  0x0000000016cc0000 JavaThread "pool-2-thread-1" [_thread_blocked, id=1308, stack(0x0000000017270000,0x0000000017370000)]
  0x0000000016cbb000 JavaThread "pool-1-thread-1" [_thread_in_Java, id=2016, stack(0x0000000017170000,0x0000000017270000)]
  0x0000000016b80800 JavaThread "Service Thread" daemon [_thread_blocked, id=8828, stack(0x0000000016f70000,0x0000000017070000)]
  0x0000000015332800 JavaThread "C1 CompilerThread2" daemon [_thread_in_native, id=6256, stack(0x0000000016a70000,0x0000000016b70000)]
=>0x0000000015314800 JavaThread "C2 CompilerThread1" daemon [_thread_in_native, id=3560, stack(0x0000000016970000,0x0000000016a70000)]
  0x0000000015311800 JavaThread "C2 CompilerThread0" daemon [_thread_in_native, id=2624, stack(0x0000000016870000,0x0000000016970000)]
  0x000000001530d000 JavaThread "Attach Listener" daemon [_thread_blocked, id=6328, stack(0x0000000016770000,0x0000000016870000)]
  0x000000001530c800 JavaThread "Signal Dispatcher" daemon [_thread_blocked, id=3196, stack(0x0000000016670000,0x0000000016770000)]
  0x0000000002c37800 JavaThread "Finalizer" daemon [_thread_blocked, id=9168, stack(0x0000000016570000,0x0000000016670000)]
  0x0000000002c2e800 JavaThread "Reference Handler" daemon [_thread_blocked, id=9956, stack(0x0000000016470000,0x0000000016570000)]
  0x000000000293e000 JavaThread "main" [_thread_in_Java, id=10160, stack(0x0000000002940000,0x0000000002a40000)]

Other Threads:
  0x00000000152d5800 VMThread [stack: 0x0000000016370000,0x0000000016470000] [id=6000]
  0x0000000016b81000 WatcherThread [stack: 0x0000000017070000,0x0000000017170000] [id=7868]

VM state:not at safepoint (normal execution)

VM Mutex/Monitor currently owned by a thread: None

Heap:
 PSYoungGen      total 18944K, used 14732K [0x00000000eab00000, 0x00000000ec000000, 0x0000000100000000)
  eden space 16384K, 89% used [0x00000000eab00000,0x00000000eb9633e8,0x00000000ebb00000)
  from space 2560K, 0% used [0x00000000ebd80000,0x00000000ebd80000,0x00000000ec000000)
  to   space 2560K, 0% used [0x00000000ebb00000,0x00000000ebb00000,0x00000000ebd80000)
 ParOldGen       total 44032K, used 0K [0x00000000c0000000, 0x00000000c2b00000, 0x00000000eab00000)
  object space 44032K, 0% used [0x00000000c0000000,0x00000000c0000000,0x00000000c2b00000)
 Metaspace       used 5516K, capacity 6640K, committed 6784K, reserved 1056768K
  class space    used 581K, capacity 616K, committed 640K, reserved 1048576K

Card table byte_map: [0x0000000012000000,0x0000000012210000] byte_map_base: 0x0000000011a00000

Marking Bits: (ParMarkBitMap*) 0x00000000749dd490
 Begin Bits: [0x0000000012770000, 0x0000000013770000)
 End Bits:   [0x0000000013770000, 0x0000000014770000)

Polling page: 0x00000000012a0000

CodeCache: size=245760Kb used=2669Kb max_used=2681Kb free=243090Kb
 bounds [0x0000000002c40000, 0x0000000002ef0000, 0x0000000011c40000]
 total_blobs=985 nmethods=721 adapters=178
 compilation: enabled

Compilation events (10 events):
Event: 5.429 Thread 0x0000000015332800 nmethod 731 0x0000000002edc3d0 code [0x0000000002edc6e0, 0x0000000002ede938]
Event: 5.429 Thread 0x0000000015332800  735       3       com.android.dx.util.Bits::makeBitSet (11 bytes)
Event: 5.429 Thread 0x0000000015332800 nmethod 735 0x0000000002ed59d0 code [0x0000000002ed5b20, 0x0000000002ed5cd0]
Event: 5.429 Thread 0x0000000015332800  729       3       com.android.dx.rop.type.StdTypeList::get (9 bytes)
Event: 5.429 Thread 0x0000000015332800 nmethod 729 0x0000000002ed54d0 code [0x0000000002ed5640, 0x0000000002ed5928]
Event: 5.429 Thread 0x0000000015332800  730       3       com.android.dx.rop.code.Rops::ropFor (771 bytes)
Event: 5.429 Thread 0x0000000015311800 nmethod 734 0x0000000002edf250 code [0x0000000002edf3a0, 0x0000000002edf468]
Event: 5.430 Thread 0x0000000015311800  737       4       java.util.BitSet::<init> (56 bytes)
Event: 5.432 Thread 0x0000000015311800 nmethod 737 0x0000000002edab90 code [0x0000000002edace0, 0x0000000002edae18]
Event: 5.433 Thread 0x0000000015311800  739       4       com.android.dx.ssa.SsaMethod::getExitBlock (26 bytes)

GC Heap History (0 events):
No events

Deoptimization events (0 events):
No events

Internal exceptions (10 events):
Event: 4.690 Thread 0x0000000016d9b000 Exception <a 'java/security/PrivilegedActionException'> (0x00000000eb4a0568) thrown at [D:\re\workspace\8-2-build-windows-amd64-cygwin\jdk8u25\1677\hotspot\src\share\vm\prims\jvm.cpp, line 1312]
Event: 4.691 Thread 0x0000000016d9b000 Exception <a 'java/security/PrivilegedActionException'> (0x00000000eb4a59f8) thrown at [D:\re\workspace\8-2-build-windows-amd64-cygwin\jdk8u25\1677\hotspot\src\share\vm\prims\jvm.cpp, line 1312]
Event: 4.700 Thread 0x0000000016d9b000 Exception <a 'java/security/PrivilegedActionException'> (0x00000000eb4b4e38) thrown at [D:\re\workspace\8-2-build-windows-amd64-cygwin\jdk8u25\1677\hotspot\src\share\vm\prims\jvm.cpp, line 1312]
Event: 4.707 Thread 0x000000000293e000 Exception <a 'java/security/PrivilegedActionException'> (0x00000000eb1ce130) thrown at [D:\re\workspace\8-2-build-windows-amd64-cygwin\jdk8u25\1677\hotspot\src\share\vm\prims\jvm.cpp, line 1312]
Event: 4.746 Thread 0x0000000016cbb000 Exception <a 'java/security/PrivilegedActionException'> (0x00000000eb2e8208) thrown at [D:\re\workspace\8-2-build-windows-amd64-cygwin\jdk8u25\1677\hotspot\src\share\vm\prims\jvm.cpp, line 1312]
Event: 5.036 Thread 0x000000000293e000 Exception <a 'java/security/PrivilegedActionException'> (0x00000000eb5ea830) thrown at [D:\re\workspace\8-2-build-windows-amd64-cygwin\jdk8u25\1677\hotspot\src\share\vm\prims\jvm.cpp, line 1312]
Event: 5.037 Thread 0x000000000293e000 Exception <a 'java/security/PrivilegedActionException'> (0x00000000eb5ed1a0) thrown at [D:\re\workspace\8-2-build-windows-amd64-cygwin\jdk8u25\1677\hotspot\src\share\vm\prims\jvm.cpp, line 1312]
Event: 5.050 Thread 0x000000000293e000 Exception <a 'java/security/PrivilegedActionException'> (0x00000000eb5f6980) thrown at [D:\re\workspace\8-2-build-windows-amd64-cygwin\jdk8u25\1677\hotspot\src\share\vm\prims\jvm.cpp, line 1312]
Event: 5.051 Thread 0x000000000293e000 Exception <a 'java/security/PrivilegedActionException'> (0x00000000eb5f9180) thrown at [D:\re\workspace\8-2-build-windows-amd64-cygwin\jdk8u25\1677\hotspot\src\share\vm\prims\jvm.cpp, line 1312]
Event: 5.315 Thread 0x0000000016d9c000 Exception <a 'java/security/PrivilegedActionException'> (0x00000000eb6d92f0) thrown at [D:\re\workspace\8-2-build-windows-amd64-cygwin\jdk8u25\1677\hotspot\src\share\vm\prims\jvm.cpp, line 1312]

Events (10 events):
Event: 5.051 loading class com/android/dx/cf/attrib/AttRuntimeVisibleAnnotations
Event: 5.051 loading class com/android/dx/cf/attrib/AttRuntimeVisibleAnnotations done
Event: 5.315 loading class com/android/dx/cf/code/Ropper$ExceptionHandlerSetup
Event: 5.315 loading class com/android/dx/cf/code/Ropper$ExceptionHandlerSetup done
Event: 5.316 loading class java/util/HashMap$Values
Event: 5.316 loading class java/util/HashMap$Values done
Event: 5.316 loading class java/util/HashMap$ValueIterator
Event: 5.316 loading class java/util/HashMap$ValueIterator done
Event: 5.357 loading class java/util/ArrayList$1
Event: 5.357 loading class java/util/ArrayList$1 done


Dynamic libraries:
0x00007ff6cf090000 - 0x00007ff6cf0c4000 	C:\Program Files\Java\jdk1.8.0_25\bin\java.exe
0x00007ff9ac8f0000 - 0x00007ff9acab1000 	C:\WINDOWS\SYSTEM32\ntdll.dll
0x00007ff9aa1b0000 - 0x00007ff9aa25d000 	C:\WINDOWS\system32\KERNEL32.DLL
0x00007ff9a9470000 - 0x00007ff9a964d000 	C:\WINDOWS\system32\KERNELBASE.dll
0x00007ff9a7a70000 - 0x00007ff9a7ae8000 	C:\WINDOWS\system32\apphelp.dll
0x00007ff9ac5e0000 - 0x00007ff9ac686000 	C:\WINDOWS\system32\ADVAPI32.dll
0x00007ff9abda0000 - 0x00007ff9abe3d000 	C:\WINDOWS\system32\msvcrt.dll
0x00007ff9ac410000 - 0x00007ff9ac46b000 	C:\WINDOWS\system32\sechost.dll
0x00007ff9ac060000 - 0x00007ff9ac186000 	C:\WINDOWS\system32\RPCRT4.dll
0x00007ff9aa270000 - 0x00007ff9aa3be000 	C:\WINDOWS\system32\USER32.dll
0x00007ff9ab8f0000 - 0x00007ff9aba76000 	C:\WINDOWS\system32\GDI32.dll
0x00007ff989d90000 - 0x00007ff98a004000 	C:\WINDOWS\WinSxS\amd64_microsoft.windows.common-controls_6595b64144ccf1df_6.0.10240.16384_none_f41f7b285750ef43\COMCTL32.dll
0x00007ff9ac770000 - 0x00007ff9ac7a6000 	C:\WINDOWS\system32\IMM32.DLL
0x00007ff9aba80000 - 0x00007ff9abbdc000 	C:\WINDOWS\system32\MSCTF.dll
0x0000000073d80000 - 0x0000000073e52000 	C:\Program Files\Java\jdk1.8.0_25\jre\bin\msvcr100.dll
0x0000000074200000 - 0x0000000074a5a000 	C:\Program Files\Java\jdk1.8.0_25\jre\bin\server\jvm.dll
0x00007ff9aa260000 - 0x00007ff9aa268000 	C:\WINDOWS\system32\PSAPI.DLL
0x00007ff99c160000 - 0x00007ff99c169000 	C:\WINDOWS\SYSTEM32\WSOCK32.dll
0x00007ff9ac6a0000 - 0x00007ff9ac709000 	C:\WINDOWS\system32\WS2_32.dll
0x00007ff9ac690000 - 0x00007ff9ac698000 	C:\WINDOWS\system32\NSI.dll
0x00007ff9a7970000 - 0x00007ff9a7993000 	C:\WINDOWS\SYSTEM32\WINMM.dll
0x00007ff9a7830000 - 0x00007ff9a785c000 	C:\WINDOWS\SYSTEM32\WINMMBASE.dll
0x00007ff9a9650000 - 0x00007ff9a9694000 	C:\WINDOWS\system32\cfgmgr32.dll
0x00007ff9a7bf0000 - 0x00007ff9a7c17000 	C:\WINDOWS\SYSTEM32\DEVOBJ.dll
0x00000000741f0000 - 0x00000000741ff000 	C:\Program Files\Java\jdk1.8.0_25\jre\bin\verify.dll
0x00000000741c0000 - 0x00000000741e8000 	C:\Program Files\Java\jdk1.8.0_25\jre\bin\java.dll
0x00000000741a0000 - 0x00000000741b6000 	C:\Program Files\Java\jdk1.8.0_25\jre\bin\zip.dll
0x00007ff9aa3c0000 - 0x00007ff9ab8e2000 	C:\WINDOWS\system32\SHELL32.dll
0x00007ff9a9990000 - 0x00007ff9a9fb8000 	C:\WINDOWS\system32\windows.storage.dll
0x00007ff9ac190000 - 0x00007ff9ac40c000 	C:\WINDOWS\system32\combase.dll
0x00007ff9ac710000 - 0x00007ff9ac761000 	C:\WINDOWS\system32\shlwapi.dll
0x00007ff9a9390000 - 0x00007ff9a939f000 	C:\WINDOWS\system32\kernel.appcore.dll
0x00007ff9a96a0000 - 0x00007ff9a9753000 	C:\WINDOWS\system32\shcore.dll
0x00007ff9a9320000 - 0x00007ff9a936a000 	C:\WINDOWS\system32\powrprof.dll
0x00007ff9a93a0000 - 0x00007ff9a93b3000 	C:\WINDOWS\system32\profapi.dll

VM Arguments:
jvm_args: -Xmx1024M -Dfile.encoding=windows-1252 -Duser.country=US -Duser.language=en -Duser.variant 
java_command: com.android.dx.command.Main --dex --num-threads=4 --output D:\mekget\WorkSpace\androidStudioProjects\_gotera\AbbisWood\app\build\intermediates\pre-dexed\debug\classes-936230e575e6f13ae79e4d005c23c1c3dd1a880f.jar D:\mekget\WorkSpace\androidStudioProjects\_gotera\AbbisWood\app\build\intermediates\exploded-aar\com.mikepenz\iconics-core\2.6.6\jars\classes.jar
java_class_path (initial): C:\Program Files (x86)\android1.0\sdk\build-tools\23.0.1\lib\dx.jar
Launcher Type: SUN_STANDARD

Environment Variables:
CLASSPATH=.;C:\Program Files (x86)\Java\jre1.6.0\lib\ext\QTJava.zip;C:\Program Files\Java\jdk1.7.0_51\bin;
PATH=C:\app\MEK\product\12.1.0\dbhome_1\bin;C:\ProgramData\Oracle\Java\javapath;C:\Python33\;C:\WINDOWS\system32;C:\WINDOWS;C:\WINDOWS\System32\Wbem;C:\WINDOWS\System32\WindowsPowerShell\v1.0\;C:\xampp\mysql\bin;C:\Program Files\Microsoft\Web Platform Installer\;C:\Program Files\Microsoft SQL Server\110\Tools\Binn\;c:\Program Files (x86)\Microsoft ASP.NET\ASP.NET Web Pages\v1.0\;C:\Program Files (x86)\Rational\ClearQuest;C:\Program Files (x86)\Rational\Rose\TopLink\;C:\Program Files (x86)\QuickTime\QTSystem\;C:\Program Files (x86)\Windows Kits\8.1\Windows Performance Toolkit\;C:\Program Files (x86)\Microsoft SDKs\TypeScript\1.0\;C:\altera\14.0\modelsim_ase\win32aloem;C:\Program Files (x86)\Git\cmd;D:\softwares\android-ndk-r10d;C:\Program Files\Microsoft SQL Server\Client SDK\ODBC\110\Tools\Binn\;C:\Program Files (x86)\Microsoft SQL Server\120\Tools\Binn\;C:\Program Files\Microsoft SQL Server\120\Tools\Binn\;C:\Program Files\Microsoft SQL Server\120\DTS\Binn\;C:\Program Files (x86)\Microsoft SQL Server\120\Tools\Binn\ManagementStudio\;C:\Program Files (x86)\Microsoft SQL Server\120\DTS\Binn\;C:\Program Files (x86)\Microsoft SQL Server\110\Tools\Binn\;C:\Program Files\Microsoft SQL Server\110\DTS\Binn\;C:\xampp\php;C:\ProgramData\ComposerSetup\bin;C:\Users\MEK\.dnx\bin;C:\Program Files\Microsoft DNX\Dnvm\;C:\Program Files\MongoDB\Server\3.0\bin;C:\Go\bin;C:\Program Files (x86)\nodejs\;C:\Program Files\MongoDB\Server\3.2\bin;C:\Users\MEK\.dnx\bin;C:\Python33\Lib\site-packages\django\bin;C:\Program Files\Java\jdk1.7.0_51\bin;D:\gradle-1.12\bin;C:\Windows\Microsoft.NET\Framework\v4.0.30319;C:\Program Files\Sublime Text 2;C:\Users\MEK\AppData\Local\Code\bin;C:\Program Files\Java\jdk1.8.0_25\jre\bin;C:\Users\MEK\AppData\Roaming\npm
USERNAME=MEK
OS=Windows_NT
PROCESSOR_IDENTIFIER=Intel64 Family 6 Model 42 Stepping 7, GenuineIntel



---------------  S Y S T E M  ---------------

OS: Windows 8.1 , 64 bit Build 9600 

CPU:total 4 (2 cores per cpu, 2 threads per core) family 6 model 42 stepping 7, cmov, cx8, fxsr, mmx, sse, sse2, sse3, ssse3, sse4.1, sse4.2, popcnt, avx, clmul, ht, tsc, tscinvbit

Memory: 4k page, physical 4099848k(178516k free), swap 7171848k(232k free)

vm_info: Java HotSpot(TM) 64-Bit Server VM (25.25-b02) for windows-amd64 JRE (1.8.0_25-b18), built on Oct  7 2014 14:25:37 by "java_re" with MS VC++ 10.0 (VS2010)

time: Mon Jul 04 08:33:28 2016
elapsed time: 5 seconds (0d 0h 0m 5s)

