#
# There is insufficient memory for the Java Runtime Environment to continue.
# Native memory allocation (malloc) failed to allocate 38736 bytes for Chunk::new
# Possible reasons:
#   The system is out of physical RAM or swap space
#   In 32 bit mode, the process size limit was hit
# Possible solutions:
#   Reduce memory load on the system
#   Increase physical memory or swap space
#   Check if swap backing store is full
#   Use 64 bit Java on a 64 bit OS
#   Decrease Java heap size (-Xmx/-Xms)
#   Decrease number of Java threads
#   Decrease Java thread stack sizes (-Xss)
#   Set larger code cache with -XX:ReservedCodeCacheSize=
# This output file may be truncated or incomplete.
#
#  Out of Memory Error (allocation.cpp:390), pid=6860, tid=7976
#
# JRE version: Java(TM) SE Runtime Environment (8.0_25-b18) (build 1.8.0_25-b18)
# Java VM: Java HotSpot(TM) 64-Bit Server VM (25.25-b02 mixed mode windows-amd64 compressed oops)
# Failed to write core dump. Minidumps are not enabled by default on client versions of Windows
#

---------------  T H R E A D  ---------------

Current thread (0x0000000014846800):  JavaThread "C2 CompilerThread1" daemon [_thread_in_native, id=7976, stack(0x0000000015e60000,0x0000000015f60000)]

Stack: [0x0000000015e60000,0x0000000015f60000]
Native frames: (J=compiled Java code, j=interpreted, Vv=VM code, C=native code)
V  [jvm.dll+0x31667a]


Current CompileTask:
C2:   1728  817       4       com.android.dx.ssa.back.LivenessAnalyzer::handleTailRecursion (94 bytes)


---------------  P R O C E S S  ---------------

Java Threads: ( => current thread )
  0x000000001623b800 JavaThread "pool-1-thread-4" [_thread_blocked, id=3724, stack(0x0000000016a60000,0x0000000016b60000)]
  0x00000000161ba800 JavaThread "pool-1-thread-3" [_thread_in_vm, id=8344, stack(0x0000000016960000,0x0000000016a60000)]
  0x00000000161b8000 JavaThread "pool-1-thread-2" [_thread_in_Java, id=10292, stack(0x0000000016860000,0x0000000016960000)]
  0x00000000161b7000 JavaThread "pool-2-thread-1" [_thread_blocked, id=7888, stack(0x0000000016760000,0x0000000016860000)]
  0x00000000161a7800 JavaThread "pool-1-thread-1" [_thread_in_vm, id=9724, stack(0x0000000016660000,0x0000000016760000)]
  0x0000000016076800 JavaThread "Service Thread" daemon [_thread_blocked, id=8912, stack(0x0000000016460000,0x0000000016560000)]
  0x000000001485d000 JavaThread "C1 CompilerThread2" daemon [_thread_in_native, id=8316, stack(0x0000000015f60000,0x0000000016060000)]
=>0x0000000014846800 JavaThread "C2 CompilerThread1" daemon [_thread_in_native, id=7976, stack(0x0000000015e60000,0x0000000015f60000)]
  0x00000000147fd800 JavaThread "C2 CompilerThread0" daemon [_thread_blocked, id=9096, stack(0x0000000015d60000,0x0000000015e60000)]
  0x00000000147fc000 JavaThread "Attach Listener" daemon [_thread_blocked, id=1900, stack(0x0000000015c60000,0x0000000015d60000)]
  0x00000000147fb000 JavaThread "Signal Dispatcher" daemon [_thread_blocked, id=4868, stack(0x0000000015b60000,0x0000000015c60000)]
  0x0000000002125800 JavaThread "Finalizer" daemon [_thread_blocked, id=228, stack(0x0000000015a60000,0x0000000015b60000)]
  0x000000000211c800 JavaThread "Reference Handler" daemon [_thread_blocked, id=2264, stack(0x0000000015960000,0x0000000015a60000)]
  0x0000000001ebe000 JavaThread "main" [_thread_in_Java, id=9328, stack(0x0000000001ec0000,0x0000000001fc0000)]

Other Threads:
  0x00000000147c5800 VMThread [stack: 0x0000000015860000,0x0000000015960000] [id=1376]
  0x0000000016079000 WatcherThread [stack: 0x0000000016560000,0x0000000016660000] [id=6324]

VM state:not at safepoint (normal execution)

VM Mutex/Monitor currently owned by a thread: None

Heap:
 PSYoungGen      total 18944K, used 6904K [0x00000000eab00000, 0x00000000ec000000, 0x0000000100000000)
  eden space 16384K, 26% used [0x00000000eab00000,0x00000000eaf44610,0x00000000ebb00000)
  from space 2560K, 99% used [0x00000000ebb00000,0x00000000ebd79c88,0x00000000ebd80000)
  to   space 2560K, 0% used [0x00000000ebd80000,0x00000000ebd80000,0x00000000ec000000)
 ParOldGen       total 44032K, used 1722K [0x00000000c0000000, 0x00000000c2b00000, 0x00000000eab00000)
  object space 44032K, 3% used [0x00000000c0000000,0x00000000c01ae998,0x00000000c2b00000)
 Metaspace       used 5508K, capacity 6640K, committed 6784K, reserved 1056768K
  class space    used 570K, capacity 616K, committed 640K, reserved 1048576K

Card table byte_map: [0x00000000114f0000,0x0000000011700000] byte_map_base: 0x0000000010ef0000

Marking Bits: (ParMarkBitMap*) 0x00000000749dd490
 Begin Bits: [0x0000000011c60000, 0x0000000012c60000)
 End Bits:   [0x0000000012c60000, 0x0000000013c60000)

Polling page: 0x0000000000360000

CodeCache: size=245760Kb used=3170Kb max_used=3170Kb free=242589Kb
 bounds [0x0000000002130000, 0x0000000002450000, 0x0000000011130000]
 total_blobs=1083 nmethods=819 adapters=178
 compilation: enabled

Compilation events (10 events):
Event: 1.724 Thread 0x000000001485d000  808       3       java.util.TreeMap::getEntry (84 bytes)
Event: 1.725 Thread 0x00000000147fd800 nmethod 849 0x000000000243c650 code [0x000000000243c7a0, 0x000000000243cb68]
Event: 1.725 Thread 0x00000000147fd800  850       4       com.android.dx.rop.type.Type::equals (31 bytes)
Event: 1.725 Thread 0x000000001485d000 nmethod 808 0x000000000243d810 code [0x000000000243d9c0, 0x000000000243e028]
Event: 1.725 Thread 0x000000001485d000  804       3       com.android.dx.ssa.DomFront$DomInfo::<init> (10 bytes)
Event: 1.725 Thread 0x000000001485d000 nmethod 804 0x000000000243c290 code [0x000000000243c3e0, 0x000000000243c590]
Event: 1.725 Thread 0x000000001485d000  801       3       com.android.dx.ssa.SsaConverter::needsNewSuccessor (53 bytes)
Event: 1.726 Thread 0x000000001485d000 nmethod 801 0x0000000002448d50 code [0x0000000002448f60, 0x00000000024499f8]
Event: 1.726 Thread 0x000000001485d000  847       3       com.android.dx.rop.code.LocalVariableInfo::mergeStarts (75 bytes)
Event: 1.726 Thread 0x00000000147fd800 nmethod 850 0x0000000002447490 code [0x00000000024475e0, 0x0000000002447758]

GC Heap History (2 events):
Event: 1.456 GC heap before
{Heap before GC invocations=1 (full 0):
 PSYoungGen      total 18944K, used 16384K [0x00000000eab00000, 0x00000000ec000000, 0x0000000100000000)
  eden space 16384K, 100% used [0x00000000eab00000,0x00000000ebb00000,0x00000000ebb00000)
  from space 2560K, 0% used [0x00000000ebd80000,0x00000000ebd80000,0x00000000ec000000)
  to   space 2560K, 0% used [0x00000000ebb00000,0x00000000ebb00000,0x00000000ebd80000)
 ParOldGen       total 44032K, used 0K [0x00000000c0000000, 0x00000000c2b00000, 0x00000000eab00000)
  object space 44032K, 0% used [0x00000000c0000000,0x00000000c0000000,0x00000000c2b00000)
 Metaspace       used 5484K, capacity 6640K, committed 6784K, reserved 1056768K
  class space    used 570K, capacity 616K, committed 640K, reserved 1048576K
Event: 1.681 GC heap after
Heap after GC invocations=1 (full 0):
 PSYoungGen      total 18944K, used 2535K [0x00000000eab00000, 0x00000000ec000000, 0x0000000100000000)
  eden space 16384K, 0% used [0x00000000eab00000,0x00000000eab00000,0x00000000ebb00000)
  from space 2560K, 99% used [0x00000000ebb00000,0x00000000ebd79c88,0x00000000ebd80000)
  to   space 2560K, 0% used [0x00000000ebd80000,0x00000000ebd80000,0x00000000ec000000)
 ParOldGen       total 44032K, used 1722K [0x00000000c0000000, 0x00000000c2b00000, 0x00000000eab00000)
  object space 44032K, 3% used [0x00000000c0000000,0x00000000c01ae998,0x00000000c2b00000)
 Metaspace       used 5484K, capacity 6640K, committed 6784K, reserved 1056768K
  class space    used 570K, capacity 616K, committed 640K, reserved 1048576K
}

Deoptimization events (1 events):
Event: 1.147 Thread 0x00000000161ba800 Uncommon trap: reason=null_check action=make_not_entrant pc=0x00000000023ffd4c method=com.android.dx.ssa.SsaRenamer.getLocalForNewReg(I)Lcom/android/dx/rop/code/LocalItem; @ 19

Internal exceptions (10 events):
Event: 0.741 Thread 0x000000001623b800 Exception <a 'java/security/PrivilegedActionException'> (0x00000000eb3ef110) thrown at [D:\re\workspace\8-2-build-windows-amd64-cygwin\jdk8u25\1677\hotspot\src\share\vm\prims\jvm.cpp, line 1312]
Event: 0.742 Thread 0x000000001623b800 Exception <a 'java/security/PrivilegedActionException'> (0x00000000eb3f41e8) thrown at [D:\re\workspace\8-2-build-windows-amd64-cygwin\jdk8u25\1677\hotspot\src\share\vm\prims\jvm.cpp, line 1312]
Event: 0.743 Thread 0x000000001623b800 Exception <a 'java/security/PrivilegedActionException'> (0x00000000eb3f8858) thrown at [D:\re\workspace\8-2-build-windows-amd64-cygwin\jdk8u25\1677\hotspot\src\share\vm\prims\jvm.cpp, line 1312]
Event: 0.744 Thread 0x000000001623b800 Exception <a 'java/security/PrivilegedActionException'> (0x00000000eb3fddb0) thrown at [D:\re\workspace\8-2-build-windows-amd64-cygwin\jdk8u25\1677\hotspot\src\share\vm\prims\jvm.cpp, line 1312]
Event: 0.745 Thread 0x000000001623b800 Exception <a 'java/security/PrivilegedActionException'> (0x00000000eb401770) thrown at [D:\re\workspace\8-2-build-windows-amd64-cygwin\jdk8u25\1677\hotspot\src\share\vm\prims\jvm.cpp, line 1312]
Event: 0.750 Thread 0x000000001623b800 Exception <a 'java/security/PrivilegedActionException'> (0x00000000eb40e0d8) thrown at [D:\re\workspace\8-2-build-windows-amd64-cygwin\jdk8u25\1677\hotspot\src\share\vm\prims\jvm.cpp, line 1312]
Event: 0.751 Thread 0x000000001623b800 Exception <a 'java/security/PrivilegedActionException'> (0x00000000eb414328) thrown at [D:\re\workspace\8-2-build-windows-amd64-cygwin\jdk8u25\1677\hotspot\src\share\vm\prims\jvm.cpp, line 1312]
Event: 0.752 Thread 0x000000001623b800 Exception <a 'java/security/PrivilegedActionException'> (0x00000000eb418cc8) thrown at [D:\re\workspace\8-2-build-windows-amd64-cygwin\jdk8u25\1677\hotspot\src\share\vm\prims\jvm.cpp, line 1312]
Event: 0.761 Thread 0x00000000161b8000 Exception <a 'java/security/PrivilegedActionException'> (0x00000000eb498138) thrown at [D:\re\workspace\8-2-build-windows-amd64-cygwin\jdk8u25\1677\hotspot\src\share\vm\prims\jvm.cpp, line 1312]
Event: 1.147 Thread 0x00000000161ba800 Implicit null exception at 0x00000000023fe61d to 0x00000000023ffd1d

Events (10 events):
Event: 0.761 loading class com/android/dx/dex/file/MethodAnnotationStruct done
Event: 0.948 loading class java/util/ArrayList$1
Event: 0.948 loading class java/util/ArrayList$1 done
Event: 1.147 Thread 0x00000000161ba800 Uncommon trap: trap_request=0xfffffff4 fr.pc=0x00000000023ffd4c
Event: 1.147 Thread 0x00000000161ba800 DEOPT PACKING pc=0x00000000023ffd4c sp=0x0000000016a5e9b0
Event: 1.147 Thread 0x00000000161ba800 DEOPT UNPACKING pc=0x000000000217556a sp=0x0000000016a5e7e8 mode 2
Event: 1.456 Executing VM operation: ParallelGCFailedAllocation
Event: 1.681 Executing VM operation: ParallelGCFailedAllocation done
Event: 1.684 loading class sun/misc/Cleaner
Event: 1.684 loading class sun/misc/Cleaner done


Dynamic libraries:
0x00007ff6cf090000 - 0x00007ff6cf0c4000 	C:\Program Files\Java\jdk1.8.0_25\bin\java.exe
0x00007ff9ac8f0000 - 0x00007ff9acab1000 	C:\WINDOWS\SYSTEM32\ntdll.dll
0x00007ff9aa1b0000 - 0x00007ff9aa25d000 	C:\WINDOWS\system32\KERNEL32.DLL
0x00007ff9a9470000 - 0x00007ff9a964d000 	C:\WINDOWS\system32\KERNELBASE.dll
0x00007ff9a7a70000 - 0x00007ff9a7ae8000 	C:\WINDOWS\system32\apphelp.dll
0x00007ff9ac5e0000 - 0x00007ff9ac686000 	C:\WINDOWS\system32\ADVAPI32.dll
0x00007ff9abda0000 - 0x00007ff9abe3d000 	C:\WINDOWS\system32\msvcrt.dll
0x00007ff9ac410000 - 0x00007ff9ac46b000 	C:\WINDOWS\system32\sechost.dll
0x00007ff9ac060000 - 0x00007ff9ac186000 	C:\WINDOWS\system32\RPCRT4.dll
0x00007ff9aa270000 - 0x00007ff9aa3be000 	C:\WINDOWS\system32\USER32.dll
0x00007ff9ab8f0000 - 0x00007ff9aba76000 	C:\WINDOWS\system32\GDI32.dll
0x00007ff989d90000 - 0x00007ff98a004000 	C:\WINDOWS\WinSxS\amd64_microsoft.windows.common-controls_6595b64144ccf1df_6.0.10240.16384_none_f41f7b285750ef43\COMCTL32.dll
0x00007ff9ac770000 - 0x00007ff9ac7a6000 	C:\WINDOWS\system32\IMM32.DLL
0x00007ff9aba80000 - 0x00007ff9abbdc000 	C:\WINDOWS\system32\MSCTF.dll
0x0000000073d80000 - 0x0000000073e52000 	C:\Program Files\Java\jdk1.8.0_25\jre\bin\msvcr100.dll
0x0000000074200000 - 0x0000000074a5a000 	C:\Program Files\Java\jdk1.8.0_25\jre\bin\server\jvm.dll
0x00007ff9aa260000 - 0x00007ff9aa268000 	C:\WINDOWS\system32\PSAPI.DLL
0x00007ff9a7970000 - 0x00007ff9a7993000 	C:\WINDOWS\SYSTEM32\WINMM.dll
0x00007ff9a7830000 - 0x00007ff9a785c000 	C:\WINDOWS\SYSTEM32\WINMMBASE.dll
0x00007ff9a9650000 - 0x00007ff9a9694000 	C:\WINDOWS\system32\cfgmgr32.dll
0x00007ff9a7bf0000 - 0x00007ff9a7c17000 	C:\WINDOWS\SYSTEM32\DEVOBJ.dll
0x00007ff99c160000 - 0x00007ff99c169000 	C:\WINDOWS\SYSTEM32\WSOCK32.dll
0x00007ff9ac6a0000 - 0x00007ff9ac709000 	C:\WINDOWS\system32\WS2_32.dll
0x00007ff9ac690000 - 0x00007ff9ac698000 	C:\WINDOWS\system32\NSI.dll
0x00000000741f0000 - 0x00000000741ff000 	C:\Program Files\Java\jdk1.8.0_25\jre\bin\verify.dll
0x00000000741c0000 - 0x00000000741e8000 	C:\Program Files\Java\jdk1.8.0_25\jre\bin\java.dll
0x00000000741a0000 - 0x00000000741b6000 	C:\Program Files\Java\jdk1.8.0_25\jre\bin\zip.dll
0x00007ff9aa3c0000 - 0x00007ff9ab8e2000 	C:\WINDOWS\system32\SHELL32.dll
0x00007ff9a9990000 - 0x00007ff9a9fb8000 	C:\WINDOWS\system32\windows.storage.dll
0x00007ff9ac190000 - 0x00007ff9ac40c000 	C:\WINDOWS\system32\combase.dll
0x00007ff9ac710000 - 0x00007ff9ac761000 	C:\WINDOWS\system32\shlwapi.dll
0x00007ff9a9390000 - 0x00007ff9a939f000 	C:\WINDOWS\system32\kernel.appcore.dll
0x00007ff9a96a0000 - 0x00007ff9a9753000 	C:\WINDOWS\system32\shcore.dll
0x00007ff9a9320000 - 0x00007ff9a936a000 	C:\WINDOWS\system32\powrprof.dll
0x00007ff9a93a0000 - 0x00007ff9a93b3000 	C:\WINDOWS\system32\profapi.dll

VM Arguments:
jvm_args: -Xmx1024M -Dfile.encoding=windows-1252 -Duser.country=US -Duser.language=en -Duser.variant 
java_command: com.android.dx.command.Main --dex --num-threads=4 --output D:\mekget\WorkSpace\androidStudioProjects\_gotera\AbbisWood\app\build\intermediates\pre-dexed\debug\classes-abf69e15b2119b07a5e935b6abb7c7acd8edc917.jar D:\mekget\WorkSpace\androidStudioProjects\_gotera\AbbisWood\app\build\intermediates\exploded-aar\com.mikepenz\materialize\0.9.0\jars\classes.jar
java_class_path (initial): C:\Program Files (x86)\android1.0\sdk\build-tools\23.0.1\lib\dx.jar
Launcher Type: SUN_STANDARD

Environment Variables:
CLASSPATH=.;C:\Program Files (x86)\Java\jre1.6.0\lib\ext\QTJava.zip;C:\Program Files\Java\jdk1.7.0_51\bin;
PATH=C:\app\MEK\product\12.1.0\dbhome_1\bin;C:\ProgramData\Oracle\Java\javapath;C:\Python33\;C:\WINDOWS\system32;C:\WINDOWS;C:\WINDOWS\System32\Wbem;C:\WINDOWS\System32\WindowsPowerShell\v1.0\;C:\xampp\mysql\bin;C:\Program Files\Microsoft\Web Platform Installer\;C:\Program Files\Microsoft SQL Server\110\Tools\Binn\;c:\Program Files (x86)\Microsoft ASP.NET\ASP.NET Web Pages\v1.0\;C:\Program Files (x86)\Rational\ClearQuest;C:\Program Files (x86)\Rational\Rose\TopLink\;C:\Program Files (x86)\QuickTime\QTSystem\;C:\Program Files (x86)\Windows Kits\8.1\Windows Performance Toolkit\;C:\Program Files (x86)\Microsoft SDKs\TypeScript\1.0\;C:\altera\14.0\modelsim_ase\win32aloem;C:\Program Files (x86)\Git\cmd;D:\softwares\android-ndk-r10d;C:\Program Files\Microsoft SQL Server\Client SDK\ODBC\110\Tools\Binn\;C:\Program Files (x86)\Microsoft SQL Server\120\Tools\Binn\;C:\Program Files\Microsoft SQL Server\120\Tools\Binn\;C:\Program Files\Microsoft SQL Server\120\DTS\Binn\;C:\Program Files (x86)\Microsoft SQL Server\120\Tools\Binn\ManagementStudio\;C:\Program Files (x86)\Microsoft SQL Server\120\DTS\Binn\;C:\Program Files (x86)\Microsoft SQL Server\110\Tools\Binn\;C:\Program Files\Microsoft SQL Server\110\DTS\Binn\;C:\xampp\php;C:\ProgramData\ComposerSetup\bin;C:\Users\MEK\.dnx\bin;C:\Program Files\Microsoft DNX\Dnvm\;C:\Program Files\MongoDB\Server\3.0\bin;C:\Go\bin;C:\Program Files (x86)\nodejs\;C:\Program Files\MongoDB\Server\3.2\bin;C:\Users\MEK\.dnx\bin;C:\Python33\Lib\site-packages\django\bin;C:\Program Files\Java\jdk1.7.0_51\bin;D:\gradle-1.12\bin;C:\Windows\Microsoft.NET\Framework\v4.0.30319;C:\Program Files\Sublime Text 2;C:\Users\MEK\AppData\Local\Code\bin;C:\Program Files\Java\jdk1.8.0_25\jre\bin;C:\Users\MEK\AppData\Roaming\npm
USERNAME=MEK
OS=Windows_NT
PROCESSOR_IDENTIFIER=Intel64 Family 6 Model 42 Stepping 7, GenuineIntel



---------------  S Y S T E M  ---------------

OS: Windows 8.1 , 64 bit Build 9600 

CPU:total 4 (2 cores per cpu, 2 threads per core) family 6 model 42 stepping 7, cmov, cx8, fxsr, mmx, sse, sse2, sse3, ssse3, sse4.1, sse4.2, popcnt, avx, clmul, ht, tsc, tscinvbit

Memory: 4k page, physical 4099848k(241432k free), swap 7171848k(5104k free)

vm_info: Java HotSpot(TM) 64-Bit Server VM (25.25-b02) for windows-amd64 JRE (1.8.0_25-b18), built on Oct  7 2014 14:25:37 by "java_re" with MS VC++ 10.0 (VS2010)

time: Mon Jul 04 08:33:36 2016
elapsed time: 1 seconds (0d 0h 0m 1s)

