#
# There is insufficient memory for the Java Runtime Environment to continue.
# Native memory allocation (malloc) failed to allocate 173456 bytes for Chunk::new
# Possible reasons:
#   The system is out of physical RAM or swap space
#   In 32 bit mode, the process size limit was hit
# Possible solutions:
#   Reduce memory load on the system
#   Increase physical memory or swap space
#   Check if swap backing store is full
#   Use 64 bit Java on a 64 bit OS
#   Decrease Java heap size (-Xmx/-Xms)
#   Decrease number of Java threads
#   Decrease Java thread stack sizes (-Xss)
#   Set larger code cache with -XX:ReservedCodeCacheSize=
# This output file may be truncated or incomplete.
#
#  Out of Memory Error (allocation.cpp:390), pid=8308, tid=772
#
# JRE version: Java(TM) SE Runtime Environment (8.0_25-b18) (build 1.8.0_25-b18)
# Java VM: Java HotSpot(TM) 64-Bit Server VM (25.25-b02 mixed mode windows-amd64 compressed oops)
# Failed to write core dump. Minidumps are not enabled by default on client versions of Windows
#

---------------  T H R E A D  ---------------

Current thread (0x0000000015484000):  JavaThread "C2 CompilerThread1" daemon [_thread_in_native, id=772, stack(0x0000000016ae0000,0x0000000016be0000)]

Stack: [0x0000000016ae0000,0x0000000016be0000]
Native frames: (J=compiled Java code, j=interpreted, Vv=VM code, C=native code)
V  [jvm.dll+0x31667a]
V  [jvm.dll+0x267073]
V  [jvm.dll+0x267cb3]
V  [jvm.dll+0x25f5b5]
V  [jvm.dll+0xbf165]
V  [jvm.dll+0xbf60c]
V  [jvm.dll+0x45d672]
V  [jvm.dll+0x49e8ef]
V  [jvm.dll+0x452668]
V  [jvm.dll+0x453864]
V  [jvm.dll+0x437372]
V  [jvm.dll+0x98a02]
V  [jvm.dll+0x991f3]
V  [jvm.dll+0x22bde4]
V  [jvm.dll+0x2852fa]
C  [msvcr100.dll+0x21d9f]
C  [msvcr100.dll+0x21e3b]
C  [KERNEL32.DLL+0x12d92]
C  [ntdll.dll+0x9f64]


Current CompileTask:
C2:   5336  850       4       com.android.dx.ssa.back.LivenessAnalyzer::liveOutAtStatement (61 bytes)


---------------  P R O C E S S  ---------------

Java Threads: ( => current thread )
  0x0000000016f81800 JavaThread "pool-1-thread-4" [_thread_in_Java, id=4176, stack(0x00000000176e0000,0x00000000177e0000)]
  0x0000000016f7f800 JavaThread "pool-1-thread-3" [_thread_in_Java, id=10624, stack(0x00000000175e0000,0x00000000176e0000)]
  0x0000000016e26000 JavaThread "pool-1-thread-2" [_thread_in_Java, id=6168, stack(0x00000000174e0000,0x00000000175e0000)]
  0x0000000016e21000 JavaThread "pool-2-thread-1" [_thread_blocked, id=11092, stack(0x00000000173e0000,0x00000000174e0000)]
  0x0000000016e20000 JavaThread "pool-1-thread-1" [_thread_in_Java, id=9480, stack(0x00000000172e0000,0x00000000173e0000)]
  0x0000000016cf0800 JavaThread "Service Thread" daemon [_thread_blocked, id=10072, stack(0x00000000170e0000,0x00000000171e0000)]
  0x00000000154a4000 JavaThread "C1 CompilerThread2" daemon [_thread_blocked, id=10904, stack(0x0000000016be0000,0x0000000016ce0000)]
=>0x0000000015484000 JavaThread "C2 CompilerThread1" daemon [_thread_in_native, id=772, stack(0x0000000016ae0000,0x0000000016be0000)]
  0x0000000015481000 JavaThread "C2 CompilerThread0" daemon [_thread_in_native, id=232, stack(0x00000000169e0000,0x0000000016ae0000)]
  0x000000001547c000 JavaThread "Attach Listener" daemon [_thread_blocked, id=2684, stack(0x00000000168e0000,0x00000000169e0000)]
  0x000000001547a800 JavaThread "Signal Dispatcher" daemon [_thread_blocked, id=8792, stack(0x00000000167e0000,0x00000000168e0000)]
  0x0000000002da5800 JavaThread "Finalizer" daemon [_thread_blocked, id=10584, stack(0x00000000166e0000,0x00000000167e0000)]
  0x0000000002d9c800 JavaThread "Reference Handler" daemon [_thread_blocked, id=9852, stack(0x00000000165e0000,0x00000000166e0000)]
  0x0000000002bae000 JavaThread "main" [_thread_blocked, id=7932, stack(0x0000000002bb0000,0x0000000002cb0000)]

Other Threads:
  0x0000000015445800 VMThread [stack: 0x00000000164e0000,0x00000000165e0000] [id=6176]
  0x0000000016cf2800 WatcherThread [stack: 0x00000000171e0000,0x00000000172e0000] [id=2996]

VM state:not at safepoint (normal execution)

VM Mutex/Monitor currently owned by a thread: None

Heap:
 PSYoungGen      total 18944K, used 16384K [0x00000000eab00000, 0x00000000ec000000, 0x0000000100000000)
  eden space 16384K, 100% used [0x00000000eab00000,0x00000000ebb00000,0x00000000ebb00000)
  from space 2560K, 0% used [0x00000000ebd80000,0x00000000ebd80000,0x00000000ec000000)
  to   space 2560K, 0% used [0x00000000ebb00000,0x00000000ebb00000,0x00000000ebd80000)
 ParOldGen       total 44032K, used 0K [0x00000000c0000000, 0x00000000c2b00000, 0x00000000eab00000)
  object space 44032K, 0% used [0x00000000c0000000,0x00000000c0000000,0x00000000c2b00000)
 Metaspace       used 5608K, capacity 6768K, committed 7040K, reserved 1056768K
  class space    used 578K, capacity 616K, committed 640K, reserved 1048576K

Card table byte_map: [0x0000000012170000,0x0000000012380000] byte_map_base: 0x0000000011b70000

Marking Bits: (ParMarkBitMap*) 0x00000000749dd490
 Begin Bits: [0x00000000128e0000, 0x00000000138e0000)
 End Bits:   [0x00000000138e0000, 0x00000000148e0000)

Polling page: 0x0000000001290000

CodeCache: size=245760Kb used=3632Kb max_used=3632Kb free=242127Kb
 bounds [0x0000000002db0000, 0x0000000003140000, 0x0000000011db0000]
 total_blobs=1158 nmethods=894 adapters=178
 compilation: enabled

Compilation events (10 events):
Event: 5.145 Thread 0x00000000154a4000 nmethod 855 0x0000000003109450 code [0x00000000031095c0, 0x00000000031098a8]
Event: 5.146 Thread 0x00000000154a4000  856       3       com.android.dx.ssa.InterferenceRegisterMapper::addInterfence (62 bytes)
Event: 5.146 Thread 0x0000000015481000 nmethod 849 0x000000000310cc10 code [0x000000000310cda0, 0x000000000310d468]
Event: 5.146 Thread 0x0000000015481000  851       4       com.android.dx.ssa.back.LivenessAnalyzer::handleTailRecursion (94 bytes)
Event: 5.148 Thread 0x00000000154a4000 nmethod 856 0x000000000310a910 code [0x000000000310abe0, 0x000000000310bea8]
Event: 5.148 Thread 0x00000000154a4000  859       3       com.android.dx.util.Bits::or (24 bytes)
Event: 5.148 Thread 0x00000000154a4000 nmethod 859 0x000000000310a450 code [0x000000000310a5c0, 0x000000000310a7d0]
Event: 5.148 Thread 0x00000000154a4000  867       3       com.android.dx.ssa.back.SsaToRop::convertInsns (53 bytes)
Event: 5.149 Thread 0x00000000154a4000 nmethod 867 0x000000000310dad0 code [0x000000000310dd40, 0x000000000310ecc8]
Event: 5.149 Thread 0x00000000154a4000  865       3       com.android.dx.ssa.SsaMethod::computeReachability (131 bytes)

GC Heap History (0 events):
No events

Deoptimization events (4 events):
Event: 4.904 Thread 0x0000000016f81800 Uncommon trap: reason=bimorphic action=maybe_recompile pc=0x0000000003006e2c method=com.android.dx.ssa.NormalSsaInsn.accept(Lcom/android/dx/ssa/SsaInsn$Visitor;)V @ 9
Event: 4.907 Thread 0x0000000016f81800 Uncommon trap: reason=bimorphic action=maybe_recompile pc=0x0000000003006e2c method=com.android.dx.ssa.NormalSsaInsn.accept(Lcom/android/dx/ssa/SsaInsn$Visitor;)V @ 9
Event: 4.910 Thread 0x0000000016f81800 Uncommon trap: reason=bimorphic action=maybe_recompile pc=0x0000000003006e2c method=com.android.dx.ssa.NormalSsaInsn.accept(Lcom/android/dx/ssa/SsaInsn$Visitor;)V @ 9
Event: 4.910 Thread 0x0000000016f81800 Uncommon trap: reason=bimorphic action=maybe_recompile pc=0x0000000003006e2c method=com.android.dx.ssa.NormalSsaInsn.accept(Lcom/android/dx/ssa/SsaInsn$Visitor;)V @ 9

Internal exceptions (10 events):
Event: 4.641 Thread 0x0000000002bae000 Exception <a 'java/security/PrivilegedActionException'> (0x00000000eb4f7200) thrown at [D:\re\workspace\8-2-build-windows-amd64-cygwin\jdk8u25\1677\hotspot\src\share\vm\prims\jvm.cpp, line 1312]
Event: 4.642 Thread 0x0000000002bae000 Exception <a 'java/security/PrivilegedActionException'> (0x00000000eb4fcf50) thrown at [D:\re\workspace\8-2-build-windows-amd64-cygwin\jdk8u25\1677\hotspot\src\share\vm\prims\jvm.cpp, line 1312]
Event: 4.643 Thread 0x0000000002bae000 Exception <a 'java/security/PrivilegedActionException'> (0x00000000eb505d48) thrown at [D:\re\workspace\8-2-build-windows-amd64-cygwin\jdk8u25\1677\hotspot\src\share\vm\prims\jvm.cpp, line 1312]
Event: 4.667 Thread 0x0000000016f81800 Exception <a 'java/security/PrivilegedActionException'> (0x00000000eb46ed98) thrown at [D:\re\workspace\8-2-build-windows-amd64-cygwin\jdk8u25\1677\hotspot\src\share\vm\prims\jvm.cpp, line 1312]
Event: 4.670 Thread 0x0000000016f81800 Exception <a 'java/security/PrivilegedActionException'> (0x00000000eb477768) thrown at [D:\re\workspace\8-2-build-windows-amd64-cygwin\jdk8u25\1677\hotspot\src\share\vm\prims\jvm.cpp, line 1312]
Event: 4.792 Thread 0x0000000016e26000 Exception <a 'java/security/PrivilegedActionException'> (0x00000000eb6039d0) thrown at [D:\re\workspace\8-2-build-windows-amd64-cygwin\jdk8u25\1677\hotspot\src\share\vm\prims\jvm.cpp, line 1312]
Event: 4.793 Thread 0x0000000016e26000 Exception <a 'java/security/PrivilegedActionException'> (0x00000000eb609438) thrown at [D:\re\workspace\8-2-build-windows-amd64-cygwin\jdk8u25\1677\hotspot\src\share\vm\prims\jvm.cpp, line 1312]
Event: 4.806 Thread 0x0000000016e26000 Exception <a 'java/security/PrivilegedActionException'> (0x00000000eb60eb80) thrown at [D:\re\workspace\8-2-build-windows-amd64-cygwin\jdk8u25\1677\hotspot\src\share\vm\prims\jvm.cpp, line 1312]
Event: 5.085 Thread 0x0000000016f7f800 Exception <a 'java/security/PrivilegedActionException'> (0x00000000eb813838) thrown at [D:\re\workspace\8-2-build-windows-amd64-cygwin\jdk8u25\1677\hotspot\src\share\vm\prims\jvm.cpp, line 1312]
Event: 5.095 Thread 0x0000000016f7f800 Exception <a 'java/security/PrivilegedActionException'> (0x00000000eb8f53d8) thrown at [D:\re\workspace\8-2-build-windows-amd64-cygwin\jdk8u25\1677\hotspot\src\share\vm\prims\jvm.cpp, line 1312]

Events (10 events):
Event: 4.910 Thread 0x0000000016f81800 DEOPT UNPACKING pc=0x0000000002df556a sp=0x00000000177de8e0 mode 2
Event: 4.910 Thread 0x0000000016f81800 Uncommon trap: trap_request=0xffffffc6 fr.pc=0x0000000003006e2c
Event: 4.910 Thread 0x0000000016f81800 DEOPT PACKING pc=0x0000000003006e2c sp=0x00000000177de980
Event: 4.910 Thread 0x0000000016f81800 DEOPT UNPACKING pc=0x0000000002df556a sp=0x00000000177de910 mode 2
Event: 4.952 Executing VM operation: ForceSafepoint
Event: 5.025 Executing VM operation: ForceSafepoint done
Event: 5.085 loading class com/android/dx/cf/code/SwitchList
Event: 5.085 loading class com/android/dx/cf/code/SwitchList done
Event: 5.095 loading class com/android/dx/cf/code/BytecodeArray$ConstantParserVisitor
Event: 5.095 loading class com/android/dx/cf/code/BytecodeArray$ConstantParserVisitor done


Dynamic libraries:
0x00007ff6cf090000 - 0x00007ff6cf0c4000 	C:\Program Files\Java\jdk1.8.0_25\bin\java.exe
0x00007ff9ac8f0000 - 0x00007ff9acab1000 	C:\WINDOWS\SYSTEM32\ntdll.dll
0x00007ff9aa1b0000 - 0x00007ff9aa25d000 	C:\WINDOWS\system32\KERNEL32.DLL
0x00007ff9a9470000 - 0x00007ff9a964d000 	C:\WINDOWS\system32\KERNELBASE.dll
0x00007ff9a7a70000 - 0x00007ff9a7ae8000 	C:\WINDOWS\system32\apphelp.dll
0x00007ff9ac5e0000 - 0x00007ff9ac686000 	C:\WINDOWS\system32\ADVAPI32.dll
0x00007ff9abda0000 - 0x00007ff9abe3d000 	C:\WINDOWS\system32\msvcrt.dll
0x00007ff9ac410000 - 0x00007ff9ac46b000 	C:\WINDOWS\system32\sechost.dll
0x00007ff9ac060000 - 0x00007ff9ac186000 	C:\WINDOWS\system32\RPCRT4.dll
0x00007ff9aa270000 - 0x00007ff9aa3be000 	C:\WINDOWS\system32\USER32.dll
0x00007ff9ab8f0000 - 0x00007ff9aba76000 	C:\WINDOWS\system32\GDI32.dll
0x00007ff989d90000 - 0x00007ff98a004000 	C:\WINDOWS\WinSxS\amd64_microsoft.windows.common-controls_6595b64144ccf1df_6.0.10240.16384_none_f41f7b285750ef43\COMCTL32.dll
0x00007ff9ac770000 - 0x00007ff9ac7a6000 	C:\WINDOWS\system32\IMM32.DLL
0x00007ff9aba80000 - 0x00007ff9abbdc000 	C:\WINDOWS\system32\MSCTF.dll
0x0000000073d80000 - 0x0000000073e52000 	C:\Program Files\Java\jdk1.8.0_25\jre\bin\msvcr100.dll
0x0000000074200000 - 0x0000000074a5a000 	C:\Program Files\Java\jdk1.8.0_25\jre\bin\server\jvm.dll
0x00007ff9aa260000 - 0x00007ff9aa268000 	C:\WINDOWS\system32\PSAPI.DLL
0x00007ff99c160000 - 0x00007ff99c169000 	C:\WINDOWS\SYSTEM32\WSOCK32.dll
0x00007ff9ac6a0000 - 0x00007ff9ac709000 	C:\WINDOWS\system32\WS2_32.dll
0x00007ff9ac690000 - 0x00007ff9ac698000 	C:\WINDOWS\system32\NSI.dll
0x00007ff9a7970000 - 0x00007ff9a7993000 	C:\WINDOWS\SYSTEM32\WINMM.dll
0x00007ff9a7830000 - 0x00007ff9a785c000 	C:\WINDOWS\SYSTEM32\WINMMBASE.dll
0x00007ff9a9650000 - 0x00007ff9a9694000 	C:\WINDOWS\system32\cfgmgr32.dll
0x00007ff9a7bf0000 - 0x00007ff9a7c17000 	C:\WINDOWS\SYSTEM32\DEVOBJ.dll
0x00000000741f0000 - 0x00000000741ff000 	C:\Program Files\Java\jdk1.8.0_25\jre\bin\verify.dll
0x00000000741c0000 - 0x00000000741e8000 	C:\Program Files\Java\jdk1.8.0_25\jre\bin\java.dll
0x00000000741a0000 - 0x00000000741b6000 	C:\Program Files\Java\jdk1.8.0_25\jre\bin\zip.dll
0x00007ff9aa3c0000 - 0x00007ff9ab8e2000 	C:\WINDOWS\system32\SHELL32.dll
0x00007ff9a9990000 - 0x00007ff9a9fb8000 	C:\WINDOWS\system32\windows.storage.dll
0x00007ff9ac190000 - 0x00007ff9ac40c000 	C:\WINDOWS\system32\combase.dll
0x00007ff9ac710000 - 0x00007ff9ac761000 	C:\WINDOWS\system32\shlwapi.dll
0x00007ff9a9390000 - 0x00007ff9a939f000 	C:\WINDOWS\system32\kernel.appcore.dll
0x00007ff9a96a0000 - 0x00007ff9a9753000 	C:\WINDOWS\system32\shcore.dll
0x00007ff9a9320000 - 0x00007ff9a936a000 	C:\WINDOWS\system32\powrprof.dll
0x00007ff9a93a0000 - 0x00007ff9a93b3000 	C:\WINDOWS\system32\profapi.dll
0x00007ff989c00000 - 0x00007ff989d8a000 	C:\WINDOWS\SYSTEM32\dbghelp.dll

VM Arguments:
jvm_args: -Xmx1024M -Dfile.encoding=windows-1252 -Duser.country=US -Duser.language=en -Duser.variant 
java_command: com.android.dx.command.Main --dex --num-threads=4 --output D:\mekget\WorkSpace\androidStudioProjects\_gotera\AbbisWood\app\build\intermediates\pre-dexed\debug\classes-351a60d3cc878218a362566c4d2e7fae8c95a434.jar D:\mekget\WorkSpace\androidStudioProjects\_gotera\AbbisWood\app\build\intermediates\exploded-aar\com.android.support\cardview-v7\24.0.0-beta1\jars\classes.jar
java_class_path (initial): C:\Program Files (x86)\android1.0\sdk\build-tools\23.0.1\lib\dx.jar
Launcher Type: SUN_STANDARD

Environment Variables:
CLASSPATH=.;C:\Program Files (x86)\Java\jre1.6.0\lib\ext\QTJava.zip;C:\Program Files\Java\jdk1.7.0_51\bin;
PATH=C:\app\MEK\product\12.1.0\dbhome_1\bin;C:\ProgramData\Oracle\Java\javapath;C:\Python33\;C:\WINDOWS\system32;C:\WINDOWS;C:\WINDOWS\System32\Wbem;C:\WINDOWS\System32\WindowsPowerShell\v1.0\;C:\xampp\mysql\bin;C:\Program Files\Microsoft\Web Platform Installer\;C:\Program Files\Microsoft SQL Server\110\Tools\Binn\;c:\Program Files (x86)\Microsoft ASP.NET\ASP.NET Web Pages\v1.0\;C:\Program Files (x86)\Rational\ClearQuest;C:\Program Files (x86)\Rational\Rose\TopLink\;C:\Program Files (x86)\QuickTime\QTSystem\;C:\Program Files (x86)\Windows Kits\8.1\Windows Performance Toolkit\;C:\Program Files (x86)\Microsoft SDKs\TypeScript\1.0\;C:\altera\14.0\modelsim_ase\win32aloem;C:\Program Files (x86)\Git\cmd;D:\softwares\android-ndk-r10d;C:\Program Files\Microsoft SQL Server\Client SDK\ODBC\110\Tools\Binn\;C:\Program Files (x86)\Microsoft SQL Server\120\Tools\Binn\;C:\Program Files\Microsoft SQL Server\120\Tools\Binn\;C:\Program Files\Microsoft SQL Server\120\DTS\Binn\;C:\Program Files (x86)\Microsoft SQL Server\120\Tools\Binn\ManagementStudio\;C:\Program Files (x86)\Microsoft SQL Server\120\DTS\Binn\;C:\Program Files (x86)\Microsoft SQL Server\110\Tools\Binn\;C:\Program Files\Microsoft SQL Server\110\DTS\Binn\;C:\xampp\php;C:\ProgramData\ComposerSetup\bin;C:\Users\MEK\.dnx\bin;C:\Program Files\Microsoft DNX\Dnvm\;C:\Program Files\MongoDB\Server\3.0\bin;C:\Go\bin;C:\Program Files (x86)\nodejs\;C:\Program Files\MongoDB\Server\3.2\bin;C:\Users\MEK\.dnx\bin;C:\Python33\Lib\site-packages\django\bin;C:\Program Files\Java\jdk1.7.0_51\bin;D:\gradle-1.12\bin;C:\Windows\Microsoft.NET\Framework\v4.0.30319;C:\Program Files\Sublime Text 2;C:\Users\MEK\AppData\Local\Code\bin;C:\Program Files\Java\jdk1.8.0_25\jre\bin;C:\Users\MEK\AppData\Roaming\npm
USERNAME=MEK
OS=Windows_NT
PROCESSOR_IDENTIFIER=Intel64 Family 6 Model 42 Stepping 7, GenuineIntel



---------------  S Y S T E M  ---------------

OS: Windows 8.1 , 64 bit Build 9600 

CPU:total 4 (2 cores per cpu, 2 threads per core) family 6 model 42 stepping 7, cmov, cx8, fxsr, mmx, sse, sse2, sse3, ssse3, sse4.1, sse4.2, popcnt, avx, clmul, ht, tsc, tscinvbit

Memory: 4k page, physical 4099848k(180612k free), swap 7171848k(1236k free)

vm_info: Java HotSpot(TM) 64-Bit Server VM (25.25-b02) for windows-amd64 JRE (1.8.0_25-b18), built on Oct  7 2014 14:25:37 by "java_re" with MS VC++ 10.0 (VS2010)

time: Mon Jul 04 08:33:28 2016
elapsed time: 5 seconds (0d 0h 0m 5s)

