#
# There is insufficient memory for the Java Runtime Environment to continue.
# Native memory allocation (malloc) failed to allocate 35952 bytes for Chunk::new
# Possible reasons:
#   The system is out of physical RAM or swap space
#   In 32 bit mode, the process size limit was hit
# Possible solutions:
#   Reduce memory load on the system
#   Increase physical memory or swap space
#   Check if swap backing store is full
#   Use 64 bit Java on a 64 bit OS
#   Decrease Java heap size (-Xmx/-Xms)
#   Decrease number of Java threads
#   Decrease Java thread stack sizes (-Xss)
#   Set larger code cache with -XX:ReservedCodeCacheSize=
# This output file may be truncated or incomplete.
#
#  Out of Memory Error (allocation.cpp:390), pid=10260, tid=1256
#
# JRE version:  (8.0_25-b18) (build )
# Java VM: Java HotSpot(TM) 64-Bit Server VM (25.25-b02 mixed mode windows-amd64 compressed oops)
# Failed to write core dump. Minidumps are not enabled by default on client versions of Windows
#

---------------  T H R E A D  ---------------

Current thread (0x00000000026ce000):  JavaThread "main" [_thread_in_native, id=1256, stack(0x00000000026f0000,0x00000000027f0000)]

Stack: [0x00000000026f0000,0x00000000027f0000]
Native frames: (J=compiled Java code, j=interpreted, Vv=VM code, C=native code)
V  [jvm.dll+0x31667a]

Java frames: (J=compiled Java code, j=interpreted, Vv=VM code)
j  java.lang.AbstractStringBuilder.expandCapacity(I)V+43
j  java.lang.AbstractStringBuilder.ensureCapacityInternal(I)V+12
j  java.lang.AbstractStringBuilder.append(Ljava/lang/String;)Ljava/lang/AbstractStringBuilder;+21
j  java.lang.StringBuilder.append(Ljava/lang/String;)Ljava/lang/StringBuilder;+2
j  sun.nio.cs.FastCharsetProvider.lookup(Ljava/lang/String;)Ljava/nio/charset/Charset;+104
j  sun.nio.cs.FastCharsetProvider.charsetForName(Ljava/lang/String;)Ljava/nio/charset/Charset;+10
j  java.nio.charset.Charset.lookup2(Ljava/lang/String;)Ljava/nio/charset/Charset;+39
j  java.nio.charset.Charset.lookup(Ljava/lang/String;)Ljava/nio/charset/Charset;+40
j  java.nio.charset.Charset.defaultCharset()Ljava/nio/charset/Charset;+28
j  sun.nio.cs.StreamEncoder.forOutputStreamWriter(Ljava/io/OutputStream;Ljava/lang/Object;Ljava/lang/String;)Lsun/nio/cs/StreamEncoder;+6
j  java.io.OutputStreamWriter.<init>(Ljava/io/OutputStream;)V+12
j  java.io.PrintStream.<init>(ZLjava/io/OutputStream;)V+26
j  java.io.PrintStream.<init>(Ljava/io/OutputStream;Z)V+11
j  java.lang.System.newPrintStream(Ljava/io/FileOutputStream;Ljava/lang/String;)Ljava/io/PrintStream;+42
j  java.lang.System.initializeSystemClass()V+90
v  ~StubRoutines::call_stub

---------------  P R O C E S S  ---------------

Java Threads: ( => current thread )
  0x00000000028e5800 JavaThread "Finalizer" daemon [_thread_blocked, id=2252, stack(0x0000000016230000,0x0000000016330000)]
  0x00000000028dc800 JavaThread "Reference Handler" daemon [_thread_blocked, id=7884, stack(0x0000000016130000,0x0000000016230000)]
=>0x00000000026ce000 JavaThread "main" [_thread_in_native, id=1256, stack(0x00000000026f0000,0x00000000027f0000)]

Other Threads:
  0x0000000014f86000 VMThread [stack: 0x0000000016030000,0x0000000016130000] [id=3304]

VM state:not at safepoint (normal execution)

VM Mutex/Monitor currently owned by a thread: None

Heap:
 PSYoungGen      total 18944K, used 655K [0x00000000eab00000, 0x00000000ec000000, 0x0000000100000000)
  eden space 16384K, 4% used [0x00000000eab00000,0x00000000eaba3e28,0x00000000ebb00000)
  from space 2560K, 0% used [0x00000000ebd80000,0x00000000ebd80000,0x00000000ec000000)
  to   space 2560K, 0% used [0x00000000ebb00000,0x00000000ebb00000,0x00000000ebd80000)
 ParOldGen       total 44032K, used 0K [0x00000000c0000000, 0x00000000c2b00000, 0x00000000eab00000)
  object space 44032K, 0% used [0x00000000c0000000,0x00000000c0000000,0x00000000c2b00000)
 Metaspace       used 1270K, capacity 4480K, committed 4480K, reserved 1056768K
  class space    used 142K, capacity 384K, committed 384K, reserved 1048576K

Card table byte_map: [0x0000000011cb0000,0x0000000011ec0000] byte_map_base: 0x00000000116b0000

Marking Bits: (ParMarkBitMap*) 0x00000000749dd490
 Begin Bits: [0x0000000012420000, 0x0000000013420000)
 End Bits:   [0x0000000013420000, 0x0000000014420000)

Polling page: 0x0000000002600000

CodeCache: size=245760Kb used=405Kb max_used=405Kb free=245354Kb
 bounds [0x00000000028f0000, 0x0000000002b60000, 0x00000000118f0000]
 total_blobs=107 nmethods=0 adapters=82
 compilation: enabled

Compilation events (0 events):
No events

GC Heap History (0 events):
No events

Deoptimization events (0 events):
No events

Internal exceptions (2 events):
Event: 0.123 Thread 0x00000000026ce000 Exception <a 'java/lang/NoSuchMethodError': Method sun.misc.Unsafe.defineClass(Ljava/lang/String;[BII)Ljava/lang/Class; name or signature does not match> (0x00000000eab0cec8) thrown at [D:\re\workspace\8-2-build-windows-amd64-cygwin\jdk8u25\1677\hotspot\sr ?¸‡ž¿?
Event: 0.124 Thread 0x00000000026ce000 Exception <a 'java/lang/NoSuchMethodError': Method sun.misc.Unsafe.prefetchRead(Ljava/lang/Object;J)V name or signature does not match> (0x00000000eab0d158) thrown at [D:\re\workspace\8-2-build-windows-amd64-cygwin\jdk8u25\1677\hotspot\src\share\vm\prims\j

Events (10 events):
Event: 0.130 loading class sun/nio/cs/StandardCharsets$Classes done
Event: 0.130 loading class sun/nio/cs/StandardCharsets$Cache
Event: 0.131 loading class sun/nio/cs/StandardCharsets$Cache done
Event: 0.131 loading class java/lang/ThreadLocal
Event: 0.131 loading class java/lang/ThreadLocal done
Event: 0.131 loading class java/util/concurrent/atomic/AtomicInteger
Event: 0.131 loading class java/util/concurrent/atomic/AtomicInteger done
Event: 0.131 loading class sun/security/action/GetPropertyAction
Event: 0.131 loading class sun/security/action/GetPropertyAction done
Event: 0.132 loading class java/util/Arrays


Dynamic libraries:
0x00007ff6cf090000 - 0x00007ff6cf0c4000 	C:\Program Files\Java\jdk1.8.0_25\bin\java.exe
0x00007ff9ac8f0000 - 0x00007ff9acab1000 	C:\WINDOWS\SYSTEM32\ntdll.dll
0x00007ff9aa1b0000 - 0x00007ff9aa25d000 	C:\WINDOWS\system32\KERNEL32.DLL
0x00007ff9a9470000 - 0x00007ff9a964d000 	C:\WINDOWS\system32\KERNELBASE.dll
0x00007ff9a7a70000 - 0x00007ff9a7ae8000 	C:\WINDOWS\system32\apphelp.dll
0x00007ff9ac5e0000 - 0x00007ff9ac686000 	C:\WINDOWS\system32\ADVAPI32.dll
0x00007ff9abda0000 - 0x00007ff9abe3d000 	C:\WINDOWS\system32\msvcrt.dll
0x00007ff9ac410000 - 0x00007ff9ac46b000 	C:\WINDOWS\system32\sechost.dll
0x00007ff9ac060000 - 0x00007ff9ac186000 	C:\WINDOWS\system32\RPCRT4.dll
0x00007ff9aa270000 - 0x00007ff9aa3be000 	C:\WINDOWS\system32\USER32.dll
0x00007ff9ab8f0000 - 0x00007ff9aba76000 	C:\WINDOWS\system32\GDI32.dll
0x00007ff989d90000 - 0x00007ff98a004000 	C:\WINDOWS\WinSxS\amd64_microsoft.windows.common-controls_6595b64144ccf1df_6.0.10240.16384_none_f41f7b285750ef43\COMCTL32.dll
0x00007ff9ac770000 - 0x00007ff9ac7a6000 	C:\WINDOWS\system32\IMM32.DLL
0x00007ff9aba80000 - 0x00007ff9abbdc000 	C:\WINDOWS\system32\MSCTF.dll
0x0000000073d80000 - 0x0000000073e52000 	C:\Program Files\Java\jdk1.8.0_25\jre\bin\msvcr100.dll
0x0000000074200000 - 0x0000000074a5a000 	C:\Program Files\Java\jdk1.8.0_25\jre\bin\server\jvm.dll
0x00007ff9aa260000 - 0x00007ff9aa268000 	C:\WINDOWS\system32\PSAPI.DLL
0x00007ff9a7970000 - 0x00007ff9a7993000 	C:\WINDOWS\SYSTEM32\WINMM.dll
0x00007ff9a7830000 - 0x00007ff9a785c000 	C:\WINDOWS\SYSTEM32\WINMMBASE.dll
0x00007ff9a9650000 - 0x00007ff9a9694000 	C:\WINDOWS\system32\cfgmgr32.dll
0x00007ff9a7bf0000 - 0x00007ff9a7c17000 	C:\WINDOWS\SYSTEM32\DEVOBJ.dll
0x00007ff99c160000 - 0x00007ff99c169000 	C:\WINDOWS\SYSTEM32\WSOCK32.dll
0x00007ff9ac6a0000 - 0x00007ff9ac709000 	C:\WINDOWS\system32\WS2_32.dll
0x00007ff9ac690000 - 0x00007ff9ac698000 	C:\WINDOWS\system32\NSI.dll
0x00000000741f0000 - 0x00000000741ff000 	C:\Program Files\Java\jdk1.8.0_25\jre\bin\verify.dll
0x00000000741c0000 - 0x00000000741e8000 	C:\Program Files\Java\jdk1.8.0_25\jre\bin\java.dll
0x00000000741a0000 - 0x00000000741b6000 	C:\Program Files\Java\jdk1.8.0_25\jre\bin\zip.dll
0x00007ff9aa3c0000 - 0x00007ff9ab8e2000 	C:\WINDOWS\system32\SHELL32.dll
0x00007ff9a9990000 - 0x00007ff9a9fb8000 	C:\WINDOWS\system32\windows.storage.dll
0x00007ff9ac190000 - 0x00007ff9ac40c000 	C:\WINDOWS\system32\combase.dll
0x00007ff9ac710000 - 0x00007ff9ac761000 	C:\WINDOWS\system32\shlwapi.dll
0x00007ff9a9390000 - 0x00007ff9a939f000 	C:\WINDOWS\system32\kernel.appcore.dll
0x00007ff9a96a0000 - 0x00007ff9a9753000 	C:\WINDOWS\system32\shcore.dll
0x00007ff9a9320000 - 0x00007ff9a936a000 	C:\WINDOWS\system32\powrprof.dll
0x00007ff9a93a0000 - 0x00007ff9a93b3000 	C:\WINDOWS\system32\profapi.dll
0x00007ff989c00000 - 0x00007ff989d8a000 	C:\WINDOWS\SYSTEM32\dbghelp.dll

VM Arguments:
jvm_args: -Xmx1024M -Dfile.encoding=windows-1252 -Duser.country=US -Duser.language=en -Duser.variant 
java_command: com.android.dx.command.Main --dex --output D:\mekget\WorkSpace\androidStudioProjects\_gotera\AbbisWood\app\build\intermediates\pre-dexed\debug\foldable-layout-1.2.0-268e092951494b0d53d085cc7563aea41215cde5.jar C:\Users\MEK\.gradle\caches\modules-2\files-2.1\com.alexvasilkov\foldable-layout\1.2.0\134b63d8b604479ffb03ae58d271eb2dc580d9cc\foldable-layout-1.2.0.jar
java_class_path (initial): C:\Program Files (x86)\android1.0\sdk\build-tools\22.0.1\lib\dx.jar
Launcher Type: SUN_STANDARD

Environment Variables:
CLASSPATH=.;C:\Program Files (x86)\Java\jre1.6.0\lib\ext\QTJava.zip;C:\Program Files\Java\jdk1.7.0_51\bin;
PATH=C:\app\MEK\product\12.1.0\dbhome_1\bin;C:\ProgramData\Oracle\Java\javapath;C:\Python33\;C:\WINDOWS\system32;C:\WINDOWS;C:\WINDOWS\System32\Wbem;C:\WINDOWS\System32\WindowsPowerShell\v1.0\;C:\xampp\mysql\bin;C:\Program Files\Microsoft\Web Platform Installer\;C:\Program Files\Microsoft SQL Server\110\Tools\Binn\;c:\Program Files (x86)\Microsoft ASP.NET\ASP.NET Web Pages\v1.0\;C:\Program Files (x86)\Rational\ClearQuest;C:\Program Files (x86)\Rational\Rose\TopLink\;C:\Program Files (x86)\QuickTime\QTSystem\;C:\Program Files (x86)\Windows Kits\8.1\Windows Performance Toolkit\;C:\Program Files (x86)\Microsoft SDKs\TypeScript\1.0\;C:\altera\14.0\modelsim_ase\win32aloem;C:\Program Files (x86)\Git\cmd;D:\softwares\android-ndk-r10d;C:\Program Files\Microsoft SQL Server\Client SDK\ODBC\110\Tools\Binn\;C:\Program Files (x86)\Microsoft SQL Server\120\Tools\Binn\;C:\Program Files\Microsoft SQL Server\120\Tools\Binn\;C:\Program Files\Microsoft SQL Server\120\DTS\Binn\;C:\Program Files (x86)\Microsoft SQL Server\120\Tools\Binn\ManagementStudio\;C:\Program Files (x86)\Microsoft SQL Server\120\DTS\Binn\;C:\Program Files (x86)\Microsoft SQL Server\110\Tools\Binn\;C:\Program Files\Microsoft SQL Server\110\DTS\Binn\;C:\xampp\php;C:\ProgramData\ComposerSetup\bin;C:\Users\MEK\.dnx\bin;C:\Program Files\Microsoft DNX\Dnvm\;C:\Program Files\MongoDB\Server\3.0\bin;C:\Go\bin;C:\Program Files (x86)\nodejs\;C:\Program Files\MongoDB\Server\3.2\bin;C:\Users\MEK\.dnx\bin;C:\Python33\Lib\site-packages\django\bin;C:\Program Files\Java\jdk1.7.0_51\bin;D:\gradle-1.12\bin;C:\Windows\Microsoft.NET\Framework\v4.0.30319;C:\Program Files\Sublime Text 2;C:\Users\MEK\AppData\Local\Code\bin;C:\Program Files\Java\jdk1.8.0_25\jre\bin;C:\Users\MEK\AppData\Roaming\npm
USERNAME=MEK
OS=Windows_NT
PROCESSOR_IDENTIFIER=Intel64 Family 6 Model 42 Stepping 7, GenuineIntel



---------------  S Y S T E M  ---------------

OS: Windows 8.1 , 64 bit Build 9600 

CPU:total 4 (2 cores per cpu, 2 threads per core) family 6 model 42 stepping 7, cmov, cx8, fxsr, mmx, sse, sse2, sse3, ssse3, sse4.1, sse4.2, popcnt, avx, clmul, ht, tsc, tscinvbit

Memory: 4k page, physical 4099848k(335988k free), swap 7171848k(784k free)

vm_info: Java HotSpot(TM) 64-Bit Server VM (25.25-b02) for windows-amd64 JRE (1.8.0_25-b18), built on Oct  7 2014 14:25:37 by "java_re" with MS VC++ 10.0 (VS2010)

time: Mon Jul 04 08:03:38 2016
elapsed time: 0 seconds (0d 0h 0m 0s)

