#
# There is insufficient memory for the Java Runtime Environment to continue.
# Native memory allocation (malloc) failed to allocate 863856 bytes for Chunk::new
# Possible reasons:
#   The system is out of physical RAM or swap space
#   In 32 bit mode, the process size limit was hit
# Possible solutions:
#   Reduce memory load on the system
#   Increase physical memory or swap space
#   Check if swap backing store is full
#   Use 64 bit Java on a 64 bit OS
#   Decrease Java heap size (-Xmx/-Xms)
#   Decrease number of Java threads
#   Decrease Java thread stack sizes (-Xss)
#   Set larger code cache with -XX:ReservedCodeCacheSize=
# This output file may be truncated or incomplete.
#
#  Out of Memory Error (allocation.cpp:390), pid=2192, tid=4000
#
# JRE version: Java(TM) SE Runtime Environment (8.0_25-b18) (build 1.8.0_25-b18)
# Java VM: Java HotSpot(TM) 64-Bit Server VM (25.25-b02 mixed mode windows-amd64 compressed oops)
# Failed to write core dump. Minidumps are not enabled by default on client versions of Windows
#

---------------  T H R E A D  ---------------

Current thread (0x0000000014ead800):  JavaThread "C2 CompilerThread0" daemon [_thread_in_native, id=4000, stack(0x0000000016410000,0x0000000016510000)]

Stack: [0x0000000016410000,0x0000000016510000]
Native frames: (J=compiled Java code, j=interpreted, Vv=VM code, C=native code)
V  [jvm.dll+0x31667a]


Current CompileTask:
C2:   4444 1346   !   4       com.android.dx.cf.code.RopperMachine::run (1550 bytes)


---------------  P R O C E S S  ---------------

Java Threads: ( => current thread )
  0x0000000016860800 JavaThread "pool-1-thread-4" [_thread_in_Java, id=8316, stack(0x0000000017110000,0x0000000017210000)]
  0x000000001685f800 JavaThread "pool-1-thread-3" [_thread_blocked, id=9040, stack(0x0000000017010000,0x0000000017110000)]
  0x000000001685f000 JavaThread "pool-1-thread-2" [_thread_blocked, id=10396, stack(0x0000000016f10000,0x0000000017010000)]
  0x000000001685e000 JavaThread "pool-2-thread-1" [_thread_blocked, id=10264, stack(0x0000000016e10000,0x0000000016f10000)]
  0x000000001684a800 JavaThread "pool-1-thread-1" [_thread_blocked, id=10436, stack(0x0000000016d10000,0x0000000016e10000)]
  0x0000000014f0d800 JavaThread "Service Thread" daemon [_thread_blocked, id=11160, stack(0x0000000016b10000,0x0000000016c10000)]
  0x0000000014eb7000 JavaThread "C1 CompilerThread2" daemon [_thread_in_vm, id=9108, stack(0x0000000016610000,0x0000000016710000)]
  0x0000000014eb0800 JavaThread "C2 CompilerThread1" daemon [_thread_in_native, id=7300, stack(0x0000000016510000,0x0000000016610000)]
=>0x0000000014ead800 JavaThread "C2 CompilerThread0" daemon [_thread_in_native, id=4000, stack(0x0000000016410000,0x0000000016510000)]
  0x0000000014eac000 JavaThread "Attach Listener" daemon [_thread_blocked, id=7776, stack(0x0000000016310000,0x0000000016410000)]
  0x0000000014eab000 JavaThread "Signal Dispatcher" daemon [_thread_blocked, id=5856, stack(0x0000000016210000,0x0000000016310000)]
  0x00000000027d5800 JavaThread "Finalizer" daemon [_thread_blocked, id=7184, stack(0x0000000016110000,0x0000000016210000)]
  0x00000000027cc800 JavaThread "Reference Handler" daemon [_thread_blocked, id=6556, stack(0x0000000016010000,0x0000000016110000)]
  0x000000000266e000 JavaThread "main" [_thread_in_Java, id=10736, stack(0x0000000002530000,0x0000000002630000)]

Other Threads:
  0x0000000014e75800 VMThread [stack: 0x0000000015f10000,0x0000000016010000] [id=11088]
  0x0000000016739000 WatcherThread [stack: 0x0000000016c10000,0x0000000016d10000] [id=1620]

VM state:not at safepoint (normal execution)

VM Mutex/Monitor currently owned by a thread: None

Heap:
 PSYoungGen      total 35328K, used 27925K [0x00000000eab00000, 0x00000000ed000000, 0x0000000100000000)
  eden space 32768K, 77% used [0x00000000eab00000,0x00000000ec3cb010,0x00000000ecb00000)
  from space 2560K, 99% used [0x00000000ecd80000,0x00000000ecffa400,0x00000000ed000000)
  to   space 2560K, 0% used [0x00000000ecb00000,0x00000000ecb00000,0x00000000ecd80000)
 ParOldGen       total 44032K, used 4772K [0x00000000c0000000, 0x00000000c2b00000, 0x00000000eab00000)
  object space 44032K, 10% used [0x00000000c0000000,0x00000000c04a9218,0x00000000c2b00000)
 Metaspace       used 6103K, capacity 7090K, committed 7296K, reserved 1056768K
  class space    used 603K, capacity 618K, committed 640K, reserved 1048576K

Card table byte_map: [0x0000000011ba0000,0x0000000011db0000] byte_map_base: 0x00000000115a0000

Marking Bits: (ParMarkBitMap*) 0x00000000749dd490
 Begin Bits: [0x0000000012310000, 0x0000000013310000)
 End Bits:   [0x0000000013310000, 0x0000000014310000)

Polling page: 0x0000000002630000

CodeCache: size=245760Kb used=5905Kb max_used=5905Kb free=239854Kb
 bounds [0x00000000027e0000, 0x0000000002db0000, 0x00000000117e0000]
 total_blobs=1749 nmethods=1485 adapters=178
 compilation: enabled

Compilation events (10 events):
Event: 4.434 Thread 0x0000000014eb7000 1504       2       com.android.dx.rop.type.Type::isReference (15 bytes)
Event: 4.435 Thread 0x0000000014eb7000 nmethod 1504 0x0000000002da6410 code [0x0000000002da6560, 0x0000000002da66d0]
Event: 4.435 Thread 0x0000000014eb7000 1505       1       com.android.dx.cf.direct.AttributeListParser::setObserver (6 bytes)
Event: 4.436 Thread 0x0000000014eb7000 nmethod 1505 0x0000000002da6750 code [0x0000000002da68a0, 0x0000000002da69d0]
Event: 4.436 Thread 0x0000000014eb7000 1506       1       com.android.dx.rop.cst.CstType::isCategory2 (2 bytes)
Event: 4.436 Thread 0x0000000014eb7000 nmethod 1506 0x0000000002da6a50 code [0x0000000002da6ba0, 0x0000000002da6cb0]
Event: 4.436 Thread 0x0000000014eb7000 1507       2       com.android.dx.rop.type.Type::isUninitialized (13 bytes)
Event: 4.436 Thread 0x0000000014eb7000 nmethod 1507 0x0000000002da6d10 code [0x0000000002da6e60, 0x0000000002da6fd0]
Event: 4.437 Thread 0x0000000014eb7000 1508       2       com.android.dx.cf.direct.DirectClassFile::getThisClass (9 bytes)
Event: 4.437 Thread 0x0000000014eb7000 nmethod 1508 0x0000000002da7050 code [0x0000000002da71c0, 0x0000000002da7348]

GC Heap History (4 events):
Event: 1.235 GC heap before
{Heap before GC invocations=1 (full 0):
 PSYoungGen      total 18944K, used 16384K [0x00000000eab00000, 0x00000000ec000000, 0x0000000100000000)
  eden space 16384K, 100% used [0x00000000eab00000,0x00000000ebb00000,0x00000000ebb00000)
  from space 2560K, 0% used [0x00000000ebd80000,0x00000000ebd80000,0x00000000ec000000)
  to   space 2560K, 0% used [0x00000000ebb00000,0x00000000ebb00000,0x00000000ebd80000)
 ParOldGen       total 44032K, used 0K [0x00000000c0000000, 0x00000000c2b00000, 0x00000000eab00000)
  object space 44032K, 0% used [0x00000000c0000000,0x00000000c0000000,0x00000000c2b00000)
 Metaspace       used 5633K, capacity 6768K, committed 7040K, reserved 1056768K
  class space    used 579K, capacity 616K, committed 640K, reserved 1048576K
Event: 1.254 GC heap after
Heap after GC invocations=1 (full 0):
 PSYoungGen      total 18944K, used 2552K [0x00000000eab00000, 0x00000000ed000000, 0x0000000100000000)
  eden space 16384K, 0% used [0x00000000eab00000,0x00000000eab00000,0x00000000ebb00000)
  from space 2560K, 99% used [0x00000000ebb00000,0x00000000ebd7e350,0x00000000ebd80000)
  to   space 2560K, 0% used [0x00000000ecd80000,0x00000000ecd80000,0x00000000ed000000)
 ParOldGen       total 44032K, used 1813K [0x00000000c0000000, 0x00000000c2b00000, 0x00000000eab00000)
  object space 44032K, 4% used [0x00000000c0000000,0x00000000c01c5728,0x00000000c2b00000)
 Metaspace       used 5633K, capacity 6768K, committed 7040K, reserved 1056768K
  class space    used 579K, capacity 616K, committed 640K, reserved 1048576K
}
Event: 3.161 GC heap before
{Heap before GC invocations=2 (full 0):
 PSYoungGen      total 18944K, used 18936K [0x00000000eab00000, 0x00000000ed000000, 0x0000000100000000)
  eden space 16384K, 100% used [0x00000000eab00000,0x00000000ebb00000,0x00000000ebb00000)
  from space 2560K, 99% used [0x00000000ebb00000,0x00000000ebd7e350,0x00000000ebd80000)
  to   space 2560K, 0% used [0x00000000ecd80000,0x00000000ecd80000,0x00000000ed000000)
 ParOldGen       total 44032K, used 1813K [0x00000000c0000000, 0x00000000c2b00000, 0x00000000eab00000)
  object space 44032K, 4% used [0x00000000c0000000,0x00000000c01c5728,0x00000000c2b00000)
 Metaspace       used 5896K, capacity 6960K, committed 7040K, reserved 1056768K
  class space    used 581K, capacity 616K, committed 640K, reserved 1048576K
Event: 3.173 GC heap after
Heap after GC invocations=2 (full 0):
 PSYoungGen      total 35328K, used 2537K [0x00000000eab00000, 0x00000000ed000000, 0x0000000100000000)
  eden space 32768K, 0% used [0x00000000eab00000,0x00000000eab00000,0x00000000ecb00000)
  from space 2560K, 99% used [0x00000000ecd80000,0x00000000ecffa400,0x00000000ed000000)
  to   space 2560K, 0% used [0x00000000ecb00000,0x00000000ecb00000,0x00000000ecd80000)
 ParOldGen       total 44032K, used 4772K [0x00000000c0000000, 0x00000000c2b00000, 0x00000000eab00000)
  object space 44032K, 10% used [0x00000000c0000000,0x00000000c04a9218,0x00000000c2b00000)
 Metaspace       used 5896K, capacity 6960K, committed 7040K, reserved 1056768K
  class space    used 581K, capacity 616K, committed 640K, reserved 1048576K
}

Deoptimization events (10 events):
Event: 3.399 Thread 0x000000001684a800 Uncommon trap: reason=class_check action=maybe_recompile pc=0x0000000002a9c32c method=com.android.dx.rop.type.Type.equals(Ljava/lang/Object;)Z @ 8
Event: 3.400 Thread 0x000000001684a800 Uncommon trap: reason=class_check action=maybe_recompile pc=0x0000000002b23294 method=com.android.dx.rop.type.Type.equals(Ljava/lang/Object;)Z @ 8
Event: 3.400 Thread 0x000000001684a800 Uncommon trap: reason=class_check action=maybe_recompile pc=0x0000000002b23294 method=com.android.dx.rop.type.Type.equals(Ljava/lang/Object;)Z @ 8
Event: 3.401 Thread 0x000000001684a800 Uncommon trap: reason=class_check action=maybe_recompile pc=0x0000000002a9c32c method=com.android.dx.rop.type.Type.equals(Ljava/lang/Object;)Z @ 8
Event: 3.402 Thread 0x000000001684a800 Uncommon trap: reason=null_check action=make_not_entrant pc=0x0000000002b33c88 method=com.android.dx.ssa.SsaRenamer.getLocalForNewReg(I)Lcom/android/dx/rop/code/LocalItem; @ 19
Event: 3.402 Thread 0x000000001684a800 Uncommon trap: reason=null_check action=make_not_entrant pc=0x0000000002b2c0ac method=com.android.dx.ssa.SsaRenamer.getLocalForNewReg(I)Lcom/android/dx/rop/code/LocalItem; @ 19
Event: 3.825 Thread 0x0000000016860800 Uncommon trap: reason=bimorphic action=maybe_recompile pc=0x0000000002c225bc method=java.util.HashMap.putVal(ILjava/lang/Object;Ljava/lang/Object;ZZ)Ljava/lang/Object; @ 91
Event: 3.825 Thread 0x0000000016860800 Uncommon trap: reason=bimorphic action=maybe_recompile pc=0x0000000002c225bc method=java.util.HashMap.putVal(ILjava/lang/Object;Ljava/lang/Object;ZZ)Ljava/lang/Object; @ 91
Event: 3.983 Thread 0x000000001685f000 Uncommon trap: reason=unreached action=reinterpret pc=0x00000000029e0770 method=java.util.HashMap.getNode(ILjava/lang/Object;)Ljava/util/HashMap$Node; @ 84
Event: 4.009 Thread 0x000000001685f000 Uncommon trap: reason=unreached action=reinterpret pc=0x0000000002d30738 method=java.util.HashMap.getNode(ILjava/lang/Object;)Ljava/util/HashMap$Node; @ 84

Internal exceptions (10 events):
Event: 0.928 Thread 0x000000000266e000 Exception <a 'java/security/PrivilegedActionException'> (0x00000000eb53c550) thrown at [D:\re\workspace\8-2-build-windows-amd64-cygwin\jdk8u25\1677\hotspot\src\share\vm\prims\jvm.cpp, line 1312]
Event: 0.929 Thread 0x000000000266e000 Exception <a 'java/security/PrivilegedActionException'> (0x00000000eb5e5e70) thrown at [D:\re\workspace\8-2-build-windows-amd64-cygwin\jdk8u25\1677\hotspot\src\share\vm\prims\jvm.cpp, line 1312]
Event: 3.188 Thread 0x000000001685f800 Implicit null exception at 0x0000000002c528a2 to 0x0000000002c529a1
Event: 3.382 Thread 0x000000001684a800 Exception <a 'java/security/PrivilegedActionException'> (0x00000000eb6b9e78) thrown at [D:\re\workspace\8-2-build-windows-amd64-cygwin\jdk8u25\1677\hotspot\src\share\vm\prims\jvm.cpp, line 1312]
Event: 3.402 Thread 0x000000001684a800 Implicit null exception at 0x0000000002b328da to 0x0000000002b33c65
Event: 3.402 Thread 0x000000001684a800 Implicit null exception at 0x0000000002b2ad12 to 0x0000000002b2c071
Event: 3.837 Thread 0x000000000266e000 Exception <a 'java/security/PrivilegedActionException'> (0x00000000ebc55230) thrown at [D:\re\workspace\8-2-build-windows-amd64-cygwin\jdk8u25\1677\hotspot\src\share\vm\prims\jvm.cpp, line 1312]
Event: 3.843 Thread 0x000000001685f000 Exception <a 'java/lang/ArrayIndexOutOfBoundsException': 18> (0x00000000ebbe6aa8) thrown at [D:\re\workspace\8-2-build-windows-amd64-cygwin\jdk8u25\1677\hotspot\src\share\vm\interpreter\interpreterRuntime.cpp, line 366]
Event: 3.843 Thread 0x000000001685f000 Exception <a 'java/lang/ArrayIndexOutOfBoundsException'> (0x00000000ebbe8540) thrown at [D:\re\workspace\8-2-build-windows-amd64-cygwin\jdk8u25\1677\hotspot\src\share\vm\runtime\sharedRuntime.cpp, line 604]
Event: 3.978 Thread 0x000000001685f000 Exception <a 'java/lang/ArrayIndexOutOfBoundsException'> (0x00000000ebbe9758) thrown at [D:\re\workspace\8-2-build-windows-amd64-cygwin\jdk8u25\1677\hotspot\src\share\vm\runtime\sharedRuntime.cpp, line 604]

Events (10 events):
Event: 3.983 loading class sun/reflect/generics/reflectiveObjects/LazyReflectiveObjectGenerator done
Event: 3.983 loading class sun/reflect/generics/reflectiveObjects/TypeVariableImpl done
Event: 3.983 Thread 0x000000001685f000 Uncommon trap: trap_request=0xffffffad fr.pc=0x00000000029e0770
Event: 3.983 Thread 0x000000001685f000 DEOPT PACKING pc=0x00000000029e0770 sp=0x000000001700ed40
Event: 3.983 Thread 0x000000001685f000 DEOPT UNPACKING pc=0x000000000282556a sp=0x000000001700ecb8 mode 2
Event: 4.009 Thread 0x000000001685f000 Uncommon trap: trap_request=0xffffffad fr.pc=0x0000000002d30738
Event: 4.009 Thread 0x000000001685f000 DEOPT PACKING pc=0x0000000002d30738 sp=0x000000001700ecc0
Event: 4.009 Thread 0x000000001685f000 DEOPT UNPACKING pc=0x000000000282556a sp=0x000000001700ea18 mode 2
Event: 4.430 Executing VM operation: EnableBiasedLocking
Event: 4.430 Executing VM operation: EnableBiasedLocking done


Dynamic libraries:
0x00007ff6cf090000 - 0x00007ff6cf0c4000 	C:\Program Files\Java\jdk1.8.0_25\bin\java.exe
0x00007ff9ac8f0000 - 0x00007ff9acab1000 	C:\WINDOWS\SYSTEM32\ntdll.dll
0x00007ff9aa1b0000 - 0x00007ff9aa25d000 	C:\WINDOWS\system32\KERNEL32.DLL
0x00007ff9a9470000 - 0x00007ff9a964d000 	C:\WINDOWS\system32\KERNELBASE.dll
0x00007ff9a7a70000 - 0x00007ff9a7ae8000 	C:\WINDOWS\system32\apphelp.dll
0x00007ff9ac5e0000 - 0x00007ff9ac686000 	C:\WINDOWS\system32\ADVAPI32.dll
0x00007ff9abda0000 - 0x00007ff9abe3d000 	C:\WINDOWS\system32\msvcrt.dll
0x00007ff9ac410000 - 0x00007ff9ac46b000 	C:\WINDOWS\system32\sechost.dll
0x00007ff9ac060000 - 0x00007ff9ac186000 	C:\WINDOWS\system32\RPCRT4.dll
0x00007ff9aa270000 - 0x00007ff9aa3be000 	C:\WINDOWS\system32\USER32.dll
0x00007ff9ab8f0000 - 0x00007ff9aba76000 	C:\WINDOWS\system32\GDI32.dll
0x00007ff989d90000 - 0x00007ff98a004000 	C:\WINDOWS\WinSxS\amd64_microsoft.windows.common-controls_6595b64144ccf1df_6.0.10240.16384_none_f41f7b285750ef43\COMCTL32.dll
0x00007ff9ac770000 - 0x00007ff9ac7a6000 	C:\WINDOWS\system32\IMM32.DLL
0x00007ff9aba80000 - 0x00007ff9abbdc000 	C:\WINDOWS\system32\MSCTF.dll
0x0000000073d80000 - 0x0000000073e52000 	C:\Program Files\Java\jdk1.8.0_25\jre\bin\msvcr100.dll
0x0000000074200000 - 0x0000000074a5a000 	C:\Program Files\Java\jdk1.8.0_25\jre\bin\server\jvm.dll
0x00007ff9aa260000 - 0x00007ff9aa268000 	C:\WINDOWS\system32\PSAPI.DLL
0x00007ff99c160000 - 0x00007ff99c169000 	C:\WINDOWS\SYSTEM32\WSOCK32.dll
0x00007ff9a7970000 - 0x00007ff9a7993000 	C:\WINDOWS\SYSTEM32\WINMM.dll
0x00007ff9ac6a0000 - 0x00007ff9ac709000 	C:\WINDOWS\system32\WS2_32.dll
0x00007ff9ac690000 - 0x00007ff9ac698000 	C:\WINDOWS\system32\NSI.dll
0x0000000000dd0000 - 0x0000000000dfc000 	C:\WINDOWS\SYSTEM32\WINMMBASE.dll
0x00007ff9a9650000 - 0x00007ff9a9694000 	C:\WINDOWS\system32\cfgmgr32.dll
0x00007ff9a7bf0000 - 0x00007ff9a7c17000 	C:\WINDOWS\SYSTEM32\DEVOBJ.dll
0x00000000741f0000 - 0x00000000741ff000 	C:\Program Files\Java\jdk1.8.0_25\jre\bin\verify.dll
0x00000000741c0000 - 0x00000000741e8000 	C:\Program Files\Java\jdk1.8.0_25\jre\bin\java.dll
0x00000000741a0000 - 0x00000000741b6000 	C:\Program Files\Java\jdk1.8.0_25\jre\bin\zip.dll
0x00007ff9aa3c0000 - 0x00007ff9ab8e2000 	C:\WINDOWS\system32\SHELL32.dll
0x00007ff9a9990000 - 0x00007ff9a9fb8000 	C:\WINDOWS\system32\windows.storage.dll
0x00007ff9ac190000 - 0x00007ff9ac40c000 	C:\WINDOWS\system32\combase.dll
0x00007ff9ac710000 - 0x00007ff9ac761000 	C:\WINDOWS\system32\shlwapi.dll
0x00007ff9a9390000 - 0x00007ff9a939f000 	C:\WINDOWS\system32\kernel.appcore.dll
0x00007ff9a96a0000 - 0x00007ff9a9753000 	C:\WINDOWS\system32\shcore.dll
0x00007ff9a9320000 - 0x00007ff9a936a000 	C:\WINDOWS\system32\powrprof.dll
0x00007ff9a93a0000 - 0x00007ff9a93b3000 	C:\WINDOWS\system32\profapi.dll
0x00007ff989c00000 - 0x00007ff989d8a000 	C:\WINDOWS\SYSTEM32\dbghelp.dll

VM Arguments:
jvm_args: -Xmx1024M -Dfile.encoding=windows-1252 -Duser.country=US -Duser.language=en -Duser.variant 
java_command: com.android.dx.command.Main --dex --num-threads=4 --output D:\mekget\WorkSpace\androidStudioProjects\_gotera\AbbisWood\app\build\intermediates\pre-dexed\debug\classes-cf9f60e5c35dd49cbbcb564ef02f28a47a800afa.jar D:\mekget\WorkSpace\androidStudioProjects\_gotera\AbbisWood\app\build\intermediates\exploded-aar\com.mikepenz\materialdrawer\5.3.3\jars\classes.jar
java_class_path (initial): C:\Program Files (x86)\android1.0\sdk\build-tools\23.0.1\lib\dx.jar
Launcher Type: SUN_STANDARD

Environment Variables:
CLASSPATH=.;C:\Program Files (x86)\Java\jre1.6.0\lib\ext\QTJava.zip;C:\Program Files\Java\jdk1.7.0_51\bin;
PATH=C:\app\MEK\product\12.1.0\dbhome_1\bin;C:\ProgramData\Oracle\Java\javapath;C:\Python33\;C:\WINDOWS\system32;C:\WINDOWS;C:\WINDOWS\System32\Wbem;C:\WINDOWS\System32\WindowsPowerShell\v1.0\;C:\xampp\mysql\bin;C:\Program Files\Microsoft\Web Platform Installer\;C:\Program Files\Microsoft SQL Server\110\Tools\Binn\;c:\Program Files (x86)\Microsoft ASP.NET\ASP.NET Web Pages\v1.0\;C:\Program Files (x86)\Rational\ClearQuest;C:\Program Files (x86)\Rational\Rose\TopLink\;C:\Program Files (x86)\QuickTime\QTSystem\;C:\Program Files (x86)\Windows Kits\8.1\Windows Performance Toolkit\;C:\Program Files (x86)\Microsoft SDKs\TypeScript\1.0\;C:\altera\14.0\modelsim_ase\win32aloem;C:\Program Files (x86)\Git\cmd;D:\softwares\android-ndk-r10d;C:\Program Files\Microsoft SQL Server\Client SDK\ODBC\110\Tools\Binn\;C:\Program Files (x86)\Microsoft SQL Server\120\Tools\Binn\;C:\Program Files\Microsoft SQL Server\120\Tools\Binn\;C:\Program Files\Microsoft SQL Server\120\DTS\Binn\;C:\Program Files (x86)\Microsoft SQL Server\120\Tools\Binn\ManagementStudio\;C:\Program Files (x86)\Microsoft SQL Server\120\DTS\Binn\;C:\Program Files (x86)\Microsoft SQL Server\110\Tools\Binn\;C:\Program Files\Microsoft SQL Server\110\DTS\Binn\;C:\xampp\php;C:\ProgramData\ComposerSetup\bin;C:\Users\MEK\.dnx\bin;C:\Program Files\Microsoft DNX\Dnvm\;C:\Program Files\MongoDB\Server\3.0\bin;C:\Go\bin;C:\Program Files (x86)\nodejs\;C:\Program Files\MongoDB\Server\3.2\bin;C:\Users\MEK\.dnx\bin;C:\Python33\Lib\site-packages\django\bin;C:\Program Files\Java\jdk1.7.0_51\bin;D:\gradle-1.12\bin;C:\Windows\Microsoft.NET\Framework\v4.0.30319;C:\Program Files\Sublime Text 2;C:\Users\MEK\AppData\Local\Code\bin;C:\Program Files\Java\jdk1.8.0_25\jre\bin;C:\Users\MEK\AppData\Roaming\npm
USERNAME=MEK
OS=Windows_NT
PROCESSOR_IDENTIFIER=Intel64 Family 6 Model 42 Stepping 7, GenuineIntel



---------------  S Y S T E M  ---------------

OS: Windows 8.1 , 64 bit Build 9600 

CPU:total 4 (2 cores per cpu, 2 threads per core) family 6 model 42 stepping 7, cmov, cx8, fxsr, mmx, sse, sse2, sse3, ssse3, sse4.1, sse4.2, popcnt, avx, clmul, ht, tsc, tscinvbit

Memory: 4k page, physical 4099848k(323072k free), swap 7171848k(5108k free)

vm_info: Java HotSpot(TM) 64-Bit Server VM (25.25-b02) for windows-amd64 JRE (1.8.0_25-b18), built on Oct  7 2014 14:25:37 by "java_re" with MS VC++ 10.0 (VS2010)

time: Mon Jul 04 08:24:23 2016
elapsed time: 4 seconds (0d 0h 0m 4s)

