#
# A fatal error has been detected by the Java Runtime Environment:
#
#  EXCEPTION_ACCESS_VIOLATION (0xc0000005) at pc=0x00000000743fac07, pid=832, tid=10920
#
# JRE version: Java(TM) SE Runtime Environment (8.0_25-b18) (build 1.8.0_25-b18)
# Java VM: Java HotSpot(TM) 64-Bit Server VM (25.25-b02 mixed mode windows-amd64 compressed oops)
# Problematic frame:
# V  [jvm.dll+0x1fac07]
#
# Failed to write core dump. Minidumps are not enabled by default on client versions of Windows
#
# If you would like to submit a bug report, please visit:
#   http://bugreport.sun.com/bugreport/crash.jsp
#

---------------  T H R E A D  ---------------

Current thread (0x0000000016bb3800):  JavaThread "pool-1-thread-3" [_thread_in_vm, id=10920, stack(0x00000000171f0000,0x00000000172f0000)]

siginfo: ExceptionCode=0xc0000005, writing address 0x00000000172e6d40

Registers:
RAX=0x00000000172e6d40, RBX=0x0000000000000007, RCX=0x0000000000006000, RDX=0x0000000000000011
RSP=0x00000000172ecd40, RBP=0x0000000000000000, RSI=0x00000000172ecd40, RDI=0x0000000000000007
R8 =0x0000000000000011, R9 =0x0000000016c5a960, R10=0x0000000014714630, R11=0x00000000171fa160
R12=0x0000000016c5a960, R13=0x0000000016bb3800, R14=0x00000000172ece08, R15=0x0000000014714630
RIP=0x00000000743fac07, EFLAGS=0x0000000000010202

Top of Stack: (sp=0x00000000172ecd40)
0x00000000172ecd40:   000000001760fde8 0000000017616ae0
0x00000000172ecd50:   0000000016bb3800 0000000016c5a960
0x00000000172ecd60:   00000000ffffffff 00000000743fbb37
0x00000000172ecd70:   00000000172ece70 0000000014714630
0x00000000172ecd80:   0000000016bb3800 00000000742b20d3
0x00000000172ecd90:   00000000172ecdd0 0000000016bb3800
0x00000000172ecda0:   00000000172ece60 0000000016bb3800
0x00000000172ecdb0:   0000000014714630 0000000016bb3800
0x00000000172ecdc0:   0000000002a169a0 0000000016bb3800
0x00000000172ecdd0:   0000000014714630 0000000016bb3800
0x00000000172ecde0:   0000000014714630 0000000016bb3800
0x00000000172ecdf0:   0000000000000001 0000000014714630
0x00000000172ece00:   0000000016bb3800 00000000168f9d78
0x00000000172ece10:   0000000016bb3800 00000000742b35bd
0x00000000172ece20:   00000000172ed1a0 0000000100002368
0x00000000172ece30:   0000000100037890 0000000002915920 

Instructions: (pc=0x00000000743fac07)
0x00000000743fabe7:   48 89 6c 24 30 33 ed 66 90 e8 eb 5c 08 00 ff c3
0x00000000743fabf7:   48 63 c8 48 8b c6 48 0f af cf 48 ff c7 48 2b c1
0x00000000743fac07:   89 28 48 63 c3 48 3b 05 ed 73 57 00 7e db 48 8b
0x00000000743fac17:   6c 24 30 48 8b 5c 24 38 48 8b 74 24 40 48 83 c4 


Register to memory mapping:

RAX=0x00000000172e6d40 is pointing into the stack for thread: 0x0000000016bb3800
RBX=0x0000000000000007 is an unknown value
RCX=0x0000000000006000 is an unknown value
RDX=0x0000000000000011 is an unknown value
RSP=0x00000000172ecd40 is pointing into the stack for thread: 0x0000000016bb3800
RBP=0x0000000000000000 is an unknown value
RSI=0x00000000172ecd40 is pointing into the stack for thread: 0x0000000016bb3800
RDI=0x0000000000000007 is an unknown value
R8 =0x0000000000000011 is an unknown value
R9 =0x0000000016c5a960 is an unknown value
R10={method} {0x0000000014714638} 'loadClass' '(Ljava/lang/String;)Ljava/lang/Class;' in 'java/lang/ClassLoader'
R11=0x00000000171fa160 is pointing into the stack for thread: 0x0000000016bb3800
R12=0x0000000016c5a960 is an unknown value
R13=0x0000000016bb3800 is a thread
R14=0x00000000172ece08 is pointing into the stack for thread: 0x0000000016bb3800
R15={method} {0x0000000014714638} 'loadClass' '(Ljava/lang/String;)Ljava/lang/Class;' in 'java/lang/ClassLoader'


Stack: [0x00000000171f0000,0x00000000172f0000],  sp=0x00000000172ecd40,  free space=1011k
Native frames: (J=compiled Java code, j=interpreted, Vv=VM code, C=native code)

Java frames: (J=compiled Java code, j=interpreted, Vv=VM code)
j  com.android.dx.dex.file.EncodedMethod.<init>(Lcom/android/dx/rop/cst/CstMethodRef;ILcom/android/dx/dex/code/DalvCode;Lcom/android/dx/rop/type/TypeList;)V+51
j  com.android.dx.dex.cf.CfTranslator.processMethods(Lcom/android/dx/cf/direct/DirectClassFile;Lcom/android/dx/dex/cf/CfOptions;Lcom/android/dx/dex/DexOptions;Lcom/android/dx/dex/file/ClassDefItem;Lcom/android/dx/dex/file/DexFile;)V+408
j  com.android.dx.dex.cf.CfTranslator.translate0(Lcom/android/dx/cf/direct/DirectClassFile;[BLcom/android/dx/dex/cf/CfOptions;Lcom/android/dx/dex/DexOptions;Lcom/android/dx/dex/file/DexFile;)Lcom/android/dx/dex/file/ClassDefItem;+120
j  com.android.dx.dex.cf.CfTranslator.translate(Lcom/android/dx/cf/direct/DirectClassFile;[BLcom/android/dx/dex/cf/CfOptions;Lcom/android/dx/dex/DexOptions;Lcom/android/dx/dex/file/DexFile;)Lcom/android/dx/dex/file/ClassDefItem;+6
j  com.android.dx.command.dexer.Main.translateClass([BLcom/android/dx/cf/direct/DirectClassFile;)Lcom/android/dx/dex/file/ClassDefItem;+17
j  com.android.dx.command.dexer.Main.access$2700([BLcom/android/dx/cf/direct/DirectClassFile;)Lcom/android/dx/dex/file/ClassDefItem;+2
j  com.android.dx.command.dexer.Main$ClassTranslatorTask.call()Lcom/android/dx/dex/file/ClassDefItem;+8
j  com.android.dx.command.dexer.Main$ClassTranslatorTask.call()Ljava/lang/Object;+1
j  java.util.concurrent.FutureTask.run()V+42
j  java.util.concurrent.ThreadPoolExecutor.runWorker(Ljava/util/concurrent/ThreadPoolExecutor$Worker;)V+95
j  java.util.concurrent.ThreadPoolExecutor$Worker.run()V+5
j  java.lang.Thread.run()V+11
v  ~StubRoutines::call_stub

---------------  P R O C E S S  ---------------

Java Threads: ( => current thread )
  0x0000000016bb4800 JavaThread "pool-1-thread-4" [_thread_blocked, id=7532, stack(0x00000000172f0000,0x00000000173f0000)]
=>0x0000000016bb3800 JavaThread "pool-1-thread-3" [_thread_in_vm, id=10920, stack(0x00000000171f0000,0x00000000172f0000)]
  0x0000000016bb3000 JavaThread "pool-1-thread-2" [_thread_blocked, id=8612, stack(0x00000000170f0000,0x00000000171f0000)]
  0x0000000016bb2000 JavaThread "pool-2-thread-1" [_thread_blocked, id=9288, stack(0x0000000016ff0000,0x00000000170f0000)]
  0x0000000016b92000 JavaThread "pool-1-thread-1" [_thread_blocked, id=2020, stack(0x0000000016ef0000,0x0000000016ff0000)]
  0x00000000168f6000 JavaThread "Service Thread" daemon [_thread_blocked, id=7832, stack(0x0000000016cf0000,0x0000000016df0000)]
  0x00000000150f2800 JavaThread "C1 CompilerThread2" daemon [_thread_blocked, id=9644, stack(0x00000000167f0000,0x00000000168f0000)]
  0x00000000150a1800 JavaThread "C2 CompilerThread1" daemon [_thread_blocked, id=5184, stack(0x00000000166f0000,0x00000000167f0000)]
  0x000000001509e800 JavaThread "C2 CompilerThread0" daemon [_thread_blocked, id=6896, stack(0x00000000165f0000,0x00000000166f0000)]
  0x000000001509d000 JavaThread "Attach Listener" daemon [_thread_blocked, id=7480, stack(0x00000000164f0000,0x00000000165f0000)]
  0x000000001509c000 JavaThread "Signal Dispatcher" daemon [_thread_blocked, id=10952, stack(0x00000000163f0000,0x00000000164f0000)]
  0x00000000029c0000 JavaThread "Finalizer" daemon [_thread_blocked, id=8936, stack(0x00000000162f0000,0x00000000163f0000)]
  0x00000000029bc800 JavaThread "Reference Handler" daemon [_thread_blocked, id=9528, stack(0x00000000161f0000,0x00000000162f0000)]
  0x0000000000fae000 JavaThread "main" [_thread_blocked, id=7000, stack(0x00000000027a0000,0x00000000028a0000)]

Other Threads:
  0x0000000015065800 VMThread [stack: 0x00000000160f0000,0x00000000161f0000] [id=6024]
  0x00000000168f8000 WatcherThread [stack: 0x0000000016df0000,0x0000000016ef0000] [id=11172]

VM state:not at safepoint (normal execution)

VM Mutex/Monitor currently owned by a thread: None

Heap:
 PSYoungGen      total 18944K, used 2125K [0x00000000eab00000, 0x00000000ec000000, 0x0000000100000000)
  eden space 16384K, 12% used [0x00000000eab00000,0x00000000ead137c0,0x00000000ebb00000)
  from space 2560K, 0% used [0x00000000ebb00000,0x00000000ebb00000,0x00000000ebd80000)
  to   space 2560K, 0% used [0x00000000ebd80000,0x00000000ebd80000,0x00000000ec000000)
 ParOldGen       total 33792K, used 2534K [0x00000000c0000000, 0x00000000c2100000, 0x00000000eab00000)
  object space 33792K, 7% used [0x00000000c0000000,0x00000000c0279ac0,0x00000000c2100000)
 Metaspace       used 5248K, capacity 6384K, committed 6528K, reserved 1058816K
  class space    used 572K, capacity 616K, committed 640K, reserved 1048576K

Card table byte_map: [0x0000000011d90000,0x0000000011fa0000] byte_map_base: 0x0000000011790000

Marking Bits: (ParMarkBitMap*) 0x00000000749dd490
 Begin Bits: [0x0000000012500000, 0x0000000013500000)
 End Bits:   [0x0000000013500000, 0x0000000014500000)

Polling page: 0x0000000000f90000

CodeCache: size=245760Kb used=2111Kb max_used=2121Kb free=243649Kb
 bounds [0x00000000029d0000, 0x0000000002c40000, 0x00000000119d0000]
 total_blobs=725 nmethods=461 adapters=178
 compilation: enabled

Compilation events (10 events):
Event: 2.260 Thread 0x00000000150f2800 nmethod 457 0x0000000002bdf750 code [0x0000000002bdf8e0, 0x0000000002bdfc68]
Event: 2.260 Thread 0x00000000150f2800  458       3       com.android.dx.util.LabeledList::indexOfLabel (22 bytes)
Event: 2.261 Thread 0x00000000150f2800 nmethod 458 0x0000000002bdf210 code [0x0000000002bdf380, 0x0000000002bdf668]
Event: 2.264 Thread 0x00000000150f2800  460       3       java.util.Arrays::hashCode (56 bytes)
Event: 2.264 Thread 0x00000000150f2800 nmethod 460 0x0000000002bdd6d0 code [0x0000000002bdd840, 0x0000000002bddbc8]
Event: 2.264 Thread 0x00000000150f2800  459       3       com.android.dx.util.FixedSizeList::hashCode (8 bytes)
Event: 2.264 Thread 0x000000001509e800 nmethod 456 0x0000000002be2650 code [0x0000000002be27a0, 0x0000000002be2bf8]
Event: 2.264 Thread 0x00000000150f2800 nmethod 459 0x0000000002bdee90 code [0x0000000002bdf000, 0x0000000002bdf188]
Event: 2.265 Thread 0x00000000150f2800  461       1       com.android.dx.rop.code.BasicBlock::getPrimarySuccessor (5 bytes)
Event: 2.265 Thread 0x00000000150f2800 nmethod 461 0x0000000002bdebd0 code [0x0000000002bded20, 0x0000000002bdee30]

GC Heap History (4 events):
Event: 2.185 GC heap before
{Heap before GC invocations=1 (full 0):
 PSYoungGen      total 18944K, used 9201K [0x00000000eab00000, 0x00000000ec000000, 0x0000000100000000)
  eden space 16384K, 56% used [0x00000000eab00000,0x00000000eb3fc658,0x00000000ebb00000)
  from space 2560K, 0% used [0x00000000ebd80000,0x00000000ebd80000,0x00000000ec000000)
  to   space 2560K, 0% used [0x00000000ebb00000,0x00000000ebb00000,0x00000000ebd80000)
 ParOldGen       total 44032K, used 0K [0x00000000c0000000, 0x00000000c2b00000, 0x00000000eab00000)
  object space 44032K, 0% used [0x00000000c0000000,0x00000000c0000000,0x00000000c2b00000)
 Metaspace       used 5034K, capacity 6160K, committed 6272K, reserved 1060864K
  class space    used 553K, capacity 584K, committed 640K, reserved 1048576K
Event: 2.191 GC heap after
Heap after GC invocations=1 (full 0):
 PSYoungGen      total 18944K, used 2546K [0x00000000eab00000, 0x00000000ec000000, 0x0000000100000000)
  eden space 16384K, 0% used [0x00000000eab00000,0x00000000eab00000,0x00000000ebb00000)
  from space 2560K, 99% used [0x00000000ebb00000,0x00000000ebd7cb20,0x00000000ebd80000)
  to   space 2560K, 0% used [0x00000000ebd80000,0x00000000ebd80000,0x00000000ec000000)
 ParOldGen       total 44032K, used 183K [0x00000000c0000000, 0x00000000c2b00000, 0x00000000eab00000)
  object space 44032K, 0% used [0x00000000c0000000,0x00000000c002dc08,0x00000000c2b00000)
 Metaspace       used 5034K, capacity 6160K, committed 6272K, reserved 1060864K
  class space    used 553K, capacity 584K, committed 640K, reserved 1048576K
}
Event: 2.191 GC heap before
{Heap before GC invocations=2 (full 1):
 PSYoungGen      total 18944K, used 2546K [0x00000000eab00000, 0x00000000ec000000, 0x0000000100000000)
  eden space 16384K, 0% used [0x00000000eab00000,0x00000000eab00000,0x00000000ebb00000)
  from space 2560K, 99% used [0x00000000ebb00000,0x00000000ebd7cb20,0x00000000ebd80000)
  to   space 2560K, 0% used [0x00000000ebd80000,0x00000000ebd80000,0x00000000ec000000)
 ParOldGen       total 44032K, used 183K [0x00000000c0000000, 0x00000000c2b00000, 0x00000000eab00000)
  object space 44032K, 0% used [0x00000000c0000000,0x00000000c002dc08,0x00000000c2b00000)
 Metaspace       used 5034K, capacity 6160K, committed 6272K, reserved 1060864K
  class space    used 553K, capacity 584K, committed 640K, reserved 1048576K
Event: 2.231 GC heap after
Heap after GC invocations=2 (full 1):
 PSYoungGen      total 18944K, used 0K [0x00000000eab00000, 0x00000000ec000000, 0x0000000100000000)
  eden space 16384K, 0% used [0x00000000eab00000,0x00000000eab00000,0x00000000ebb00000)
  from space 2560K, 0% used [0x00000000ebb00000,0x00000000ebb00000,0x00000000ebd80000)
  to   space 2560K, 0% used [0x00000000ebd80000,0x00000000ebd80000,0x00000000ec000000)
 ParOldGen       total 33792K, used 2534K [0x00000000c0000000, 0x00000000c2100000, 0x00000000eab00000)
  object space 33792K, 7% used [0x00000000c0000000,0x00000000c0279ac0,0x00000000c2100000)
 Metaspace       used 5034K, capacity 6160K, committed 6272K, reserved 1058816K
  class space    used 553K, capacity 584K, committed 640K, reserved 1048576K
}

Deoptimization events (0 events):
No events

Internal exceptions (10 events):
Event: 2.253 Thread 0x0000000000fae000 Exception <a 'java/security/PrivilegedActionException'> (0x00000000eac80a90) thrown at [D:\re\workspace\8-2-build-windows-amd64-cygwin\jdk8u25\1677\hotspot\src\share\vm\prims\jvm.cpp, line 1312]
Event: 2.254 Thread 0x0000000016b92000 Exception <a 'java/security/PrivilegedActionException'> (0x00000000eac10da8) thrown at [D:\re\workspace\8-2-build-windows-amd64-cygwin\jdk8u25\1677\hotspot\src\share\vm\prims\jvm.cpp, line 1312]
Event: 2.256 Thread 0x0000000016bb3000 Exception <a 'java/security/PrivilegedActionException'> (0x00000000eaceb320) thrown at [D:\re\workspace\8-2-build-windows-amd64-cygwin\jdk8u25\1677\hotspot\src\share\vm\prims\jvm.cpp, line 1312]
Event: 2.257 Thread 0x0000000016bb3000 Exception <a 'java/security/PrivilegedActionException'> (0x00000000eacef990) thrown at [D:\re\workspace\8-2-build-windows-amd64-cygwin\jdk8u25\1677\hotspot\src\share\vm\prims\jvm.cpp, line 1312]
Event: 2.257 Thread 0x0000000016bb3000 Exception <a 'java/security/PrivilegedActionException'> (0x00000000eacf26a0) thrown at [D:\re\workspace\8-2-build-windows-amd64-cygwin\jdk8u25\1677\hotspot\src\share\vm\prims\jvm.cpp, line 1312]
Event: 2.258 Thread 0x0000000016bb3000 Exception <a 'java/security/PrivilegedActionException'> (0x00000000eacf77a0) thrown at [D:\re\workspace\8-2-build-windows-amd64-cygwin\jdk8u25\1677\hotspot\src\share\vm\prims\jvm.cpp, line 1312]
Event: 2.259 Thread 0x0000000016bb3000 Exception <a 'java/security/PrivilegedActionException'> (0x00000000eacfccf8) thrown at [D:\re\workspace\8-2-build-windows-amd64-cygwin\jdk8u25\1677\hotspot\src\share\vm\prims\jvm.cpp, line 1312]
Event: 2.260 Thread 0x0000000000fae000 Exception <a 'java/security/PrivilegedActionException'> (0x00000000eac84308) thrown at [D:\re\workspace\8-2-build-windows-amd64-cygwin\jdk8u25\1677\hotspot\src\share\vm\prims\jvm.cpp, line 1312]
Event: 2.265 Thread 0x0000000000fae000 Exception <a 'java/security/PrivilegedActionException'> (0x00000000eac90e50) thrown at [D:\re\workspace\8-2-build-windows-amd64-cygwin\jdk8u25\1677\hotspot\src\share\vm\prims\jvm.cpp, line 1312]
Event: 2.266 Thread 0x0000000016b92000 Exception <a 'java/security/PrivilegedActionException'> (0x00000000eac21b20) thrown at [D:\re\workspace\8-2-build-windows-amd64-cygwin\jdk8u25\1677\hotspot\src\share\vm\prims\jvm.cpp, line 1312]

Events (10 events):
Event: 2.258 loading class com/android/dx/dex/code/SwitchData
Event: 2.258 loading class com/android/dx/dex/code/SwitchData done
Event: 2.259 loading class com/android/dx/dex/code/LocalStart
Event: 2.259 loading class com/android/dx/dex/code/LocalStart done
Event: 2.260 loading class com/android/dx/dex/code/RopToDop
Event: 2.260 loading class com/android/dx/dex/code/RopToDop done
Event: 2.265 loading class com/android/dx/dex/code/StdCatchBuilder
Event: 2.265 loading class com/android/dx/dex/code/StdCatchBuilder done
Event: 2.266 loading class com/android/dx/dex/code/DalvCode
Event: 2.266 loading class com/android/dx/dex/code/DalvCode done


Dynamic libraries:
0x00007ff6cf090000 - 0x00007ff6cf0c4000 	C:\Program Files\Java\jdk1.8.0_25\bin\java.exe
0x00007ff9ac8f0000 - 0x00007ff9acab1000 	C:\WINDOWS\SYSTEM32\ntdll.dll
0x00007ff9aa1b0000 - 0x00007ff9aa25d000 	C:\WINDOWS\system32\KERNEL32.DLL
0x00007ff9a9470000 - 0x00007ff9a964d000 	C:\WINDOWS\system32\KERNELBASE.dll
0x00007ff9a7a70000 - 0x00007ff9a7ae8000 	C:\WINDOWS\system32\apphelp.dll
0x00007ff9ac5e0000 - 0x00007ff9ac686000 	C:\WINDOWS\system32\ADVAPI32.dll
0x00007ff9abda0000 - 0x00007ff9abe3d000 	C:\WINDOWS\system32\msvcrt.dll
0x00007ff9ac410000 - 0x00007ff9ac46b000 	C:\WINDOWS\system32\sechost.dll
0x00007ff9ac060000 - 0x00007ff9ac186000 	C:\WINDOWS\system32\RPCRT4.dll
0x00007ff9aa270000 - 0x00007ff9aa3be000 	C:\WINDOWS\system32\USER32.dll
0x00007ff9ab8f0000 - 0x00007ff9aba76000 	C:\WINDOWS\system32\GDI32.dll
0x00007ff989d90000 - 0x00007ff98a004000 	C:\WINDOWS\WinSxS\amd64_microsoft.windows.common-controls_6595b64144ccf1df_6.0.10240.16384_none_f41f7b285750ef43\COMCTL32.dll
0x00007ff9ac770000 - 0x00007ff9ac7a6000 	C:\WINDOWS\system32\IMM32.DLL
0x00007ff9aba80000 - 0x00007ff9abbdc000 	C:\WINDOWS\system32\MSCTF.dll
0x0000000073d80000 - 0x0000000073e52000 	C:\Program Files\Java\jdk1.8.0_25\jre\bin\msvcr100.dll
0x0000000074200000 - 0x0000000074a5a000 	C:\Program Files\Java\jdk1.8.0_25\jre\bin\server\jvm.dll
0x00007ff9aa260000 - 0x00007ff9aa268000 	C:\WINDOWS\system32\PSAPI.DLL
0x00007ff99c160000 - 0x00007ff99c169000 	C:\WINDOWS\SYSTEM32\WSOCK32.dll
0x00007ff9ac6a0000 - 0x00007ff9ac709000 	C:\WINDOWS\system32\WS2_32.dll
0x00007ff9ac690000 - 0x00007ff9ac698000 	C:\WINDOWS\system32\NSI.dll
0x00007ff9a7970000 - 0x00007ff9a7993000 	C:\WINDOWS\SYSTEM32\WINMM.dll
0x00007ff9a7830000 - 0x00007ff9a785c000 	C:\WINDOWS\SYSTEM32\WINMMBASE.dll
0x00007ff9a9650000 - 0x00007ff9a9694000 	C:\WINDOWS\system32\cfgmgr32.dll
0x00007ff9a7bf0000 - 0x00007ff9a7c17000 	C:\WINDOWS\SYSTEM32\DEVOBJ.dll
0x00000000741f0000 - 0x00000000741ff000 	C:\Program Files\Java\jdk1.8.0_25\jre\bin\verify.dll
0x00000000741c0000 - 0x00000000741e8000 	C:\Program Files\Java\jdk1.8.0_25\jre\bin\java.dll
0x00000000741a0000 - 0x00000000741b6000 	C:\Program Files\Java\jdk1.8.0_25\jre\bin\zip.dll
0x00007ff9aa3c0000 - 0x00007ff9ab8e2000 	C:\WINDOWS\system32\SHELL32.dll
0x00007ff9a9990000 - 0x00007ff9a9fb8000 	C:\WINDOWS\system32\windows.storage.dll
0x00007ff9ac190000 - 0x00007ff9ac40c000 	C:\WINDOWS\system32\combase.dll
0x00007ff9ac710000 - 0x00007ff9ac761000 	C:\WINDOWS\system32\shlwapi.dll
0x00007ff9a9390000 - 0x00007ff9a939f000 	C:\WINDOWS\system32\kernel.appcore.dll
0x00007ff9a96a0000 - 0x00007ff9a9753000 	C:\WINDOWS\system32\shcore.dll
0x00007ff9a9320000 - 0x00007ff9a936a000 	C:\WINDOWS\system32\powrprof.dll
0x00007ff9a93a0000 - 0x00007ff9a93b3000 	C:\WINDOWS\system32\profapi.dll
0x00007ff989c00000 - 0x00007ff989d8a000 	C:\WINDOWS\SYSTEM32\dbghelp.dll

VM Arguments:
jvm_args: -Xmx1024M -Dfile.encoding=windows-1252 -Duser.country=US -Duser.language=en -Duser.variant 
java_command: com.android.dx.command.Main --dex --num-threads=4 --output D:\mekget\WorkSpace\androidStudioProjects\_gotera\AbbisWood\app\build\intermediates\pre-dexed\debug\classes-970e5c98191060a10992fbd7e90cb8eb0b22f936.jar D:\mekget\WorkSpace\androidStudioProjects\_gotera\AbbisWood\app\build\intermediates\exploded-aar\com.android.support\support-v4\24.0.0\jars\classes.jar
java_class_path (initial): C:\Program Files (x86)\android1.0\sdk\build-tools\23.0.1\lib\dx.jar
Launcher Type: SUN_STANDARD

Environment Variables:
CLASSPATH=.;C:\Program Files (x86)\Java\jre1.6.0\lib\ext\QTJava.zip;C:\Program Files\Java\jdk1.7.0_51\bin;
PATH=C:\app\MEK\product\12.1.0\dbhome_1\bin;C:\ProgramData\Oracle\Java\javapath;C:\Python33\;C:\WINDOWS\system32;C:\WINDOWS;C:\WINDOWS\System32\Wbem;C:\WINDOWS\System32\WindowsPowerShell\v1.0\;C:\xampp\mysql\bin;C:\Program Files\Microsoft\Web Platform Installer\;C:\Program Files\Microsoft SQL Server\110\Tools\Binn\;c:\Program Files (x86)\Microsoft ASP.NET\ASP.NET Web Pages\v1.0\;C:\Program Files (x86)\Rational\ClearQuest;C:\Program Files (x86)\Rational\Rose\TopLink\;C:\Program Files (x86)\QuickTime\QTSystem\;C:\Program Files (x86)\Windows Kits\8.1\Windows Performance Toolkit\;C:\Program Files (x86)\Microsoft SDKs\TypeScript\1.0\;C:\altera\14.0\modelsim_ase\win32aloem;C:\Program Files (x86)\Git\cmd;D:\softwares\android-ndk-r10d;C:\Program Files\Microsoft SQL Server\Client SDK\ODBC\110\Tools\Binn\;C:\Program Files (x86)\Microsoft SQL Server\120\Tools\Binn\;C:\Program Files\Microsoft SQL Server\120\Tools\Binn\;C:\Program Files\Microsoft SQL Server\120\DTS\Binn\;C:\Program Files (x86)\Microsoft SQL Server\120\Tools\Binn\ManagementStudio\;C:\Program Files (x86)\Microsoft SQL Server\120\DTS\Binn\;C:\Program Files (x86)\Microsoft SQL Server\110\Tools\Binn\;C:\Program Files\Microsoft SQL Server\110\DTS\Binn\;C:\xampp\php;C:\ProgramData\ComposerSetup\bin;C:\Users\MEK\.dnx\bin;C:\Program Files\Microsoft DNX\Dnvm\;C:\Program Files\MongoDB\Server\3.0\bin;C:\Go\bin;C:\Program Files (x86)\nodejs\;C:\Program Files\MongoDB\Server\3.2\bin;C:\Users\MEK\.dnx\bin;C:\Python33\Lib\site-packages\django\bin;C:\Program Files\Java\jdk1.7.0_51\bin;D:\gradle-1.12\bin;C:\Windows\Microsoft.NET\Framework\v4.0.30319;C:\Program Files\Sublime Text 2;C:\Users\MEK\AppData\Local\Code\bin;C:\Program Files\Java\jdk1.8.0_25\jre\bin;C:\Users\MEK\AppData\Roaming\npm
USERNAME=MEK
OS=Windows_NT
PROCESSOR_IDENTIFIER=Intel64 Family 6 Model 42 Stepping 7, GenuineIntel



---------------  S Y S T E M  ---------------

OS: Windows 8.1 , 64 bit Build 9600 

CPU:total 4 (2 cores per cpu, 2 threads per core) family 6 model 42 stepping 7, cmov, cx8, fxsr, mmx, sse, sse2, sse3, ssse3, sse4.1, sse4.2, popcnt, avx, clmul, ht, tsc, tscinvbit

Memory: 4k page, physical 4099848k(291392k free), swap 7171848k(293980k free)

vm_info: Java HotSpot(TM) 64-Bit Server VM (25.25-b02) for windows-amd64 JRE (1.8.0_25-b18), built on Oct  7 2014 14:25:37 by "java_re" with MS VC++ 10.0 (VS2010)

time: Mon Jul 04 08:33:32 2016
elapsed time: 2 seconds (0d 0h 0m 2s)

