#
# There is insufficient memory for the Java Runtime Environment to continue.
# Native memory allocation (malloc) failed to allocate 38352 bytes for Chunk::new
# Possible reasons:
#   The system is out of physical RAM or swap space
#   In 32 bit mode, the process size limit was hit
# Possible solutions:
#   Reduce memory load on the system
#   Increase physical memory or swap space
#   Check if swap backing store is full
#   Use 64 bit Java on a 64 bit OS
#   Decrease Java heap size (-Xmx/-Xms)
#   Decrease number of Java threads
#   Decrease Java thread stack sizes (-Xss)
#   Set larger code cache with -XX:ReservedCodeCacheSize=
# This output file may be truncated or incomplete.
#
#  Out of Memory Error (allocation.cpp:390), pid=8860, tid=9180
#
# JRE version: Java(TM) SE Runtime Environment (8.0_25-b18) (build 1.8.0_25-b18)
# Java VM: Java HotSpot(TM) 64-Bit Server VM (25.25-b02 mixed mode windows-amd64 compressed oops)
# Failed to write core dump. Minidumps are not enabled by default on client versions of Windows
#

---------------  T H R E A D  ---------------

Current thread (0x000000001495a000):  JavaThread "C1 CompilerThread2" daemon [_thread_in_native, id=9180, stack(0x00000000160a0000,0x00000000161a0000)]

Stack: [0x00000000160a0000,0x00000000161a0000]
Native frames: (J=compiled Java code, j=interpreted, Vv=VM code, C=native code)
V  [jvm.dll+0x31667a]


Current CompileTask:
C1:   5210  625   !   3       com.android.dx.cf.code.RopperMachine::run (1550 bytes)


---------------  P R O C E S S  ---------------

Java Threads: ( => current thread )
  0x00000000163f7800 JavaThread "pool-1-thread-4" [_thread_blocked, id=2488, stack(0x0000000016ba0000,0x0000000016ca0000)]
  0x00000000163cc000 JavaThread "pool-1-thread-3" [_thread_blocked, id=3352, stack(0x0000000016aa0000,0x0000000016ba0000)]
  0x00000000162f3000 JavaThread "pool-1-thread-2" [_thread_in_Java, id=7948, stack(0x00000000169a0000,0x0000000016aa0000)]
  0x00000000162f2000 JavaThread "pool-2-thread-1" [_thread_blocked, id=5980, stack(0x00000000168a0000,0x00000000169a0000)]
  0x00000000162f1800 JavaThread "pool-1-thread-1" [_thread_in_Java, id=3820, stack(0x00000000167a0000,0x00000000168a0000)]
  0x00000000161b0800 JavaThread "Service Thread" daemon [_thread_blocked, id=7736, stack(0x00000000165a0000,0x00000000166a0000)]
=>0x000000001495a000 JavaThread "C1 CompilerThread2" daemon [_thread_in_native, id=9180, stack(0x00000000160a0000,0x00000000161a0000)]
  0x0000000014959800 JavaThread "C2 CompilerThread1" daemon [_thread_in_native, id=9888, stack(0x0000000015fa0000,0x00000000160a0000)]
  0x0000000014940800 JavaThread "C2 CompilerThread0" daemon [_thread_in_native, id=7768, stack(0x0000000015ea0000,0x0000000015fa0000)]
  0x000000001493c000 JavaThread "Attach Listener" daemon [_thread_blocked, id=10288, stack(0x0000000015da0000,0x0000000015ea0000)]
  0x000000001493a800 JavaThread "Signal Dispatcher" daemon [_thread_blocked, id=9808, stack(0x0000000015ca0000,0x0000000015da0000)]
  0x0000000002260000 JavaThread "Finalizer" daemon [_thread_blocked, id=4208, stack(0x0000000015b90000,0x0000000015c90000)]
  0x000000000225e800 JavaThread "Reference Handler" daemon [_thread_blocked, id=6824, stack(0x0000000015a90000,0x0000000015b90000)]
  0x000000000206e000 JavaThread "main" [_thread_blocked, id=10956, stack(0x0000000002070000,0x0000000002170000)]

Other Threads:
  0x0000000014905800 VMThread [stack: 0x0000000015990000,0x0000000015a90000] [id=10464]
  0x00000000161b1000 WatcherThread [stack: 0x00000000166a0000,0x00000000167a0000] [id=7088]

VM state:not at safepoint (normal execution)

VM Mutex/Monitor currently owned by a thread: None

Heap:
 PSYoungGen      total 18944K, used 12766K [0x00000000eab00000, 0x00000000ec000000, 0x0000000100000000)
  eden space 16384K, 77% used [0x00000000eab00000,0x00000000eb777b80,0x00000000ebb00000)
  from space 2560K, 0% used [0x00000000ebd80000,0x00000000ebd80000,0x00000000ec000000)
  to   space 2560K, 0% used [0x00000000ebb00000,0x00000000ebb00000,0x00000000ebd80000)
 ParOldGen       total 44032K, used 0K [0x00000000c0000000, 0x00000000c2b00000, 0x00000000eab00000)
  object space 44032K, 0% used [0x00000000c0000000,0x00000000c0000000,0x00000000c2b00000)
 Metaspace       used 5457K, capacity 6640K, committed 6784K, reserved 1056768K
  class space    used 577K, capacity 616K, committed 640K, reserved 1048576K

Card table byte_map: [0x0000000011630000,0x0000000011840000] byte_map_base: 0x0000000011030000

Marking Bits: (ParMarkBitMap*) 0x00000000749dd490
 Begin Bits: [0x0000000011da0000, 0x0000000012da0000)
 End Bits:   [0x0000000012da0000, 0x0000000013da0000)

Polling page: 0x0000000002010000

CodeCache: size=245760Kb used=2495Kb max_used=2509Kb free=243264Kb
 bounds [0x0000000002270000, 0x00000000024f0000, 0x0000000011270000]
 total_blobs=899 nmethods=635 adapters=178
 compilation: enabled

Compilation events (10 events):
Event: 5.183 Thread 0x0000000014940800 nmethod 645 0x00000000024dcbd0 code [0x00000000024dcd20, 0x00000000024dce08]
Event: 5.184 Thread 0x0000000014959800  647       4       java.util.BitSet::set (58 bytes)
Event: 5.187 Thread 0x0000000014959800 nmethod 647 0x00000000024e1810 code [0x00000000024e1960, 0x00000000024e1ae8]
Event: 5.189 Thread 0x0000000014940800  651   !   4       com.android.dx.util.FixedSizeList::set0 (22 bytes)
Event: 5.190 Thread 0x0000000014940800 nmethod 651 0x00000000024dc810 code [0x00000000024dc960, 0x00000000024dca58]
Event: 5.191 Thread 0x0000000014959800  652       4       com.android.dx.rop.type.Type::hashCode (8 bytes)
Event: 5.194 Thread 0x0000000014940800  654       4       java.util.ArrayList::iterator (10 bytes)
Event: 5.194 Thread 0x0000000014959800 nmethod 652 0x00000000024e1450 code [0x00000000024e1580, 0x00000000024e16f8]
Event: 5.195 Thread 0x0000000014940800 nmethod 654 0x00000000024e1110 code [0x00000000024e1260, 0x00000000024e1368]
Event: 5.196 Thread 0x0000000014959800  655       4       java.util.HashSet::contains (9 bytes)

GC Heap History (0 events):
No events

Deoptimization events (0 events):
No events

Internal exceptions (10 events):
Event: 4.872 Thread 0x00000000163cc000 Exception <a 'java/security/PrivilegedActionException'> (0x00000000eb2417b0) thrown at [D:\re\workspace\8-2-build-windows-amd64-cygwin\jdk8u25\1677\hotspot\src\share\vm\prims\jvm.cpp, line 1312]
Event: 4.873 Thread 0x00000000163cc000 Exception <a 'java/security/PrivilegedActionException'> (0x00000000eb245e90) thrown at [D:\re\workspace\8-2-build-windows-amd64-cygwin\jdk8u25\1677\hotspot\src\share\vm\prims\jvm.cpp, line 1312]
Event: 4.874 Thread 0x00000000163cc000 Exception <a 'java/security/PrivilegedActionException'> (0x00000000eb24b8c0) thrown at [D:\re\workspace\8-2-build-windows-amd64-cygwin\jdk8u25\1677\hotspot\src\share\vm\prims\jvm.cpp, line 1312]
Event: 4.875 Thread 0x00000000163cc000 Exception <a 'java/security/PrivilegedActionException'> (0x00000000eb254398) thrown at [D:\re\workspace\8-2-build-windows-amd64-cygwin\jdk8u25\1677\hotspot\src\share\vm\prims\jvm.cpp, line 1312]
Event: 4.879 Thread 0x00000000163cc000 Exception <a 'java/security/PrivilegedActionException'> (0x00000000eb259a38) thrown at [D:\re\workspace\8-2-build-windows-amd64-cygwin\jdk8u25\1677\hotspot\src\share\vm\prims\jvm.cpp, line 1312]
Event: 4.879 Thread 0x00000000163cc000 Exception <a 'java/security/PrivilegedActionException'> (0x00000000eb25ca38) thrown at [D:\re\workspace\8-2-build-windows-amd64-cygwin\jdk8u25\1677\hotspot\src\share\vm\prims\jvm.cpp, line 1312]
Event: 4.884 Thread 0x00000000163cc000 Exception <a 'java/security/PrivilegedActionException'> (0x00000000eb267250) thrown at [D:\re\workspace\8-2-build-windows-amd64-cygwin\jdk8u25\1677\hotspot\src\share\vm\prims\jvm.cpp, line 1312]
Event: 4.886 Thread 0x00000000163cc000 Exception <a 'java/security/PrivilegedActionException'> (0x00000000eb4eee28) thrown at [D:\re\workspace\8-2-build-windows-amd64-cygwin\jdk8u25\1677\hotspot\src\share\vm\prims\jvm.cpp, line 1312]
Event: 4.898 Thread 0x00000000163cc000 Exception <a 'java/security/PrivilegedActionException'> (0x00000000eb50a158) thrown at [D:\re\workspace\8-2-build-windows-amd64-cygwin\jdk8u25\1677\hotspot\src\share\vm\prims\jvm.cpp, line 1312]
Event: 4.969 Thread 0x00000000162f1800 Exception <a 'java/security/PrivilegedActionException'> (0x00000000eb5a9010) thrown at [D:\re\workspace\8-2-build-windows-amd64-cygwin\jdk8u25\1677\hotspot\src\share\vm\prims\jvm.cpp, line 1312]

Events (10 events):
Event: 4.886 loading class com/android/dx/ssa/back/FirstFitLocalCombiningAllocator$Multiset
Event: 4.886 loading class com/android/dx/ssa/back/FirstFitLocalCombiningAllocator$Multiset done
Event: 4.898 loading class com/android/dx/cf/code/Ropper$ExceptionHandlerSetup
Event: 4.898 loading class com/android/dx/cf/code/Ropper$ExceptionHandlerSetup done
Event: 4.914 loading class java/util/HashMap$Values
Event: 4.914 loading class java/util/HashMap$Values done
Event: 4.914 loading class java/util/HashMap$ValueIterator
Event: 4.914 loading class java/util/HashMap$ValueIterator done
Event: 4.969 loading class com/android/dx/dex/file/FieldAnnotationStruct
Event: 4.969 loading class com/android/dx/dex/file/FieldAnnotationStruct done


Dynamic libraries:
0x00007ff6cf090000 - 0x00007ff6cf0c4000 	C:\Program Files\Java\jdk1.8.0_25\bin\java.exe
0x00007ff9ac8f0000 - 0x00007ff9acab1000 	C:\WINDOWS\SYSTEM32\ntdll.dll
0x00007ff9aa1b0000 - 0x00007ff9aa25d000 	C:\WINDOWS\system32\KERNEL32.DLL
0x00007ff9a9470000 - 0x00007ff9a964d000 	C:\WINDOWS\system32\KERNELBASE.dll
0x00007ff9a7a70000 - 0x00007ff9a7ae8000 	C:\WINDOWS\system32\apphelp.dll
0x00007ff9ac5e0000 - 0x00007ff9ac686000 	C:\WINDOWS\system32\ADVAPI32.dll
0x00007ff9abda0000 - 0x00007ff9abe3d000 	C:\WINDOWS\system32\msvcrt.dll
0x00007ff9ac410000 - 0x00007ff9ac46b000 	C:\WINDOWS\system32\sechost.dll
0x00007ff9ac060000 - 0x00007ff9ac186000 	C:\WINDOWS\system32\RPCRT4.dll
0x00007ff9aa270000 - 0x00007ff9aa3be000 	C:\WINDOWS\system32\USER32.dll
0x00007ff9ab8f0000 - 0x00007ff9aba76000 	C:\WINDOWS\system32\GDI32.dll
0x00007ff989d90000 - 0x00007ff98a004000 	C:\WINDOWS\WinSxS\amd64_microsoft.windows.common-controls_6595b64144ccf1df_6.0.10240.16384_none_f41f7b285750ef43\COMCTL32.dll
0x00007ff9ac770000 - 0x00007ff9ac7a6000 	C:\WINDOWS\system32\IMM32.DLL
0x00007ff9aba80000 - 0x00007ff9abbdc000 	C:\WINDOWS\system32\MSCTF.dll
0x0000000073d80000 - 0x0000000073e52000 	C:\Program Files\Java\jdk1.8.0_25\jre\bin\msvcr100.dll
0x0000000074200000 - 0x0000000074a5a000 	C:\Program Files\Java\jdk1.8.0_25\jre\bin\server\jvm.dll
0x00007ff9aa260000 - 0x00007ff9aa268000 	C:\WINDOWS\system32\PSAPI.DLL
0x00007ff99c160000 - 0x00007ff99c169000 	C:\WINDOWS\SYSTEM32\WSOCK32.dll
0x00007ff9ac6a0000 - 0x00007ff9ac709000 	C:\WINDOWS\system32\WS2_32.dll
0x00007ff9ac690000 - 0x00007ff9ac698000 	C:\WINDOWS\system32\NSI.dll
0x00007ff9a7970000 - 0x00007ff9a7993000 	C:\WINDOWS\SYSTEM32\WINMM.dll
0x00007ff9a7830000 - 0x00007ff9a785c000 	C:\WINDOWS\SYSTEM32\WINMMBASE.dll
0x00007ff9a9650000 - 0x00007ff9a9694000 	C:\WINDOWS\system32\cfgmgr32.dll
0x00007ff9a7bf0000 - 0x00007ff9a7c17000 	C:\WINDOWS\SYSTEM32\DEVOBJ.dll
0x00000000741f0000 - 0x00000000741ff000 	C:\Program Files\Java\jdk1.8.0_25\jre\bin\verify.dll
0x00000000741c0000 - 0x00000000741e8000 	C:\Program Files\Java\jdk1.8.0_25\jre\bin\java.dll
0x00000000741a0000 - 0x00000000741b6000 	C:\Program Files\Java\jdk1.8.0_25\jre\bin\zip.dll
0x00007ff9aa3c0000 - 0x00007ff9ab8e2000 	C:\WINDOWS\system32\SHELL32.dll
0x00007ff9a9990000 - 0x00007ff9a9fb8000 	C:\WINDOWS\system32\windows.storage.dll
0x00007ff9ac190000 - 0x00007ff9ac40c000 	C:\WINDOWS\system32\combase.dll
0x00007ff9ac710000 - 0x00007ff9ac761000 	C:\WINDOWS\system32\shlwapi.dll
0x00007ff9a9390000 - 0x00007ff9a939f000 	C:\WINDOWS\system32\kernel.appcore.dll
0x00007ff9a96a0000 - 0x00007ff9a9753000 	C:\WINDOWS\system32\shcore.dll
0x00007ff9a9320000 - 0x00007ff9a936a000 	C:\WINDOWS\system32\powrprof.dll
0x00007ff9a93a0000 - 0x00007ff9a93b3000 	C:\WINDOWS\system32\profapi.dll

VM Arguments:
jvm_args: -Xmx1024M -Dfile.encoding=windows-1252 -Duser.country=US -Duser.language=en -Duser.variant 
java_command: com.android.dx.command.Main --dex --num-threads=4 --output D:\mekget\WorkSpace\androidStudioProjects\_gotera\AbbisWood\app\build\intermediates\pre-dexed\debug\foldable-layout-1.2.0-268e092951494b0d53d085cc7563aea41215cde5.jar C:\Users\MEK\.gradle\caches\modules-2\files-2.1\com.alexvasilkov\foldable-layout\1.2.0\134b63d8b604479ffb03ae58d271eb2dc580d9cc\foldable-layout-1.2.0.jar
java_class_path (initial): C:\Program Files (x86)\android1.0\sdk\build-tools\23.0.1\lib\dx.jar
Launcher Type: SUN_STANDARD

Environment Variables:
CLASSPATH=.;C:\Program Files (x86)\Java\jre1.6.0\lib\ext\QTJava.zip;C:\Program Files\Java\jdk1.7.0_51\bin;
PATH=C:\app\MEK\product\12.1.0\dbhome_1\bin;C:\ProgramData\Oracle\Java\javapath;C:\Python33\;C:\WINDOWS\system32;C:\WINDOWS;C:\WINDOWS\System32\Wbem;C:\WINDOWS\System32\WindowsPowerShell\v1.0\;C:\xampp\mysql\bin;C:\Program Files\Microsoft\Web Platform Installer\;C:\Program Files\Microsoft SQL Server\110\Tools\Binn\;c:\Program Files (x86)\Microsoft ASP.NET\ASP.NET Web Pages\v1.0\;C:\Program Files (x86)\Rational\ClearQuest;C:\Program Files (x86)\Rational\Rose\TopLink\;C:\Program Files (x86)\QuickTime\QTSystem\;C:\Program Files (x86)\Windows Kits\8.1\Windows Performance Toolkit\;C:\Program Files (x86)\Microsoft SDKs\TypeScript\1.0\;C:\altera\14.0\modelsim_ase\win32aloem;C:\Program Files (x86)\Git\cmd;D:\softwares\android-ndk-r10d;C:\Program Files\Microsoft SQL Server\Client SDK\ODBC\110\Tools\Binn\;C:\Program Files (x86)\Microsoft SQL Server\120\Tools\Binn\;C:\Program Files\Microsoft SQL Server\120\Tools\Binn\;C:\Program Files\Microsoft SQL Server\120\DTS\Binn\;C:\Program Files (x86)\Microsoft SQL Server\120\Tools\Binn\ManagementStudio\;C:\Program Files (x86)\Microsoft SQL Server\120\DTS\Binn\;C:\Program Files (x86)\Microsoft SQL Server\110\Tools\Binn\;C:\Program Files\Microsoft SQL Server\110\DTS\Binn\;C:\xampp\php;C:\ProgramData\ComposerSetup\bin;C:\Users\MEK\.dnx\bin;C:\Program Files\Microsoft DNX\Dnvm\;C:\Program Files\MongoDB\Server\3.0\bin;C:\Go\bin;C:\Program Files (x86)\nodejs\;C:\Program Files\MongoDB\Server\3.2\bin;C:\Users\MEK\.dnx\bin;C:\Python33\Lib\site-packages\django\bin;C:\Program Files\Java\jdk1.7.0_51\bin;D:\gradle-1.12\bin;C:\Windows\Microsoft.NET\Framework\v4.0.30319;C:\Program Files\Sublime Text 2;C:\Users\MEK\AppData\Local\Code\bin;C:\Program Files\Java\jdk1.8.0_25\jre\bin;C:\Users\MEK\AppData\Roaming\npm
USERNAME=MEK
OS=Windows_NT
PROCESSOR_IDENTIFIER=Intel64 Family 6 Model 42 Stepping 7, GenuineIntel



---------------  S Y S T E M  ---------------

OS: Windows 8.1 , 64 bit Build 9600 

CPU:total 4 (2 cores per cpu, 2 threads per core) family 6 model 42 stepping 7, cmov, cx8, fxsr, mmx, sse, sse2, sse3, ssse3, sse4.1, sse4.2, popcnt, avx, clmul, ht, tsc, tscinvbit

Memory: 4k page, physical 4099848k(186392k free), swap 7171848k(2148k free)

vm_info: Java HotSpot(TM) 64-Bit Server VM (25.25-b02) for windows-amd64 JRE (1.8.0_25-b18), built on Oct  7 2014 14:25:37 by "java_re" with MS VC++ 10.0 (VS2010)

time: Mon Jul 04 08:33:28 2016
elapsed time: 5 seconds (0d 0h 0m 5s)

