#
# There is insufficient memory for the Java Runtime Environment to continue.
# Native memory allocation (malloc) failed to allocate 910256 bytes for Chunk::new
# Possible reasons:
#   The system is out of physical RAM or swap space
#   In 32 bit mode, the process size limit was hit
# Possible solutions:
#   Reduce memory load on the system
#   Increase physical memory or swap space
#   Check if swap backing store is full
#   Use 64 bit Java on a 64 bit OS
#   Decrease Java heap size (-Xmx/-Xms)
#   Decrease number of Java threads
#   Decrease Java thread stack sizes (-Xss)
#   Set larger code cache with -XX:ReservedCodeCacheSize=
# This output file may be truncated or incomplete.
#
#  Out of Memory Error (allocation.cpp:390), pid=10368, tid=10572
#
# JRE version: Java(TM) SE Runtime Environment (8.0_25-b18) (build 1.8.0_25-b18)
# Java VM: Java HotSpot(TM) 64-Bit Server VM (25.25-b02 mixed mode windows-amd64 compressed oops)
# Failed to write core dump. Minidumps are not enabled by default on client versions of Windows
#

---------------  T H R E A D  ---------------

Current thread (0x0000000014eb0800):  JavaThread "C2 CompilerThread1" daemon [_thread_in_native, id=10572, stack(0x0000000016520000,0x0000000016620000)]

Stack: [0x0000000016520000,0x0000000016620000]
Native frames: (J=compiled Java code, j=interpreted, Vv=VM code, C=native code)
V  [jvm.dll+0x31667a]


Current CompileTask:
C2:   4427 1414       4       com.android.dx.ssa.SsaRenamer$BlockRenamer::process (191 bytes)


---------------  P R O C E S S  ---------------

Java Threads: ( => current thread )
  0x0000000016982800 JavaThread "pool-1-thread-4" [_thread_in_Java, id=4912, stack(0x0000000017120000,0x0000000017220000)]
  0x000000001697e000 JavaThread "pool-1-thread-3" [_thread_in_Java, id=7484, stack(0x0000000017020000,0x0000000017120000)]
  0x0000000016978800 JavaThread "pool-1-thread-2" [_thread_in_Java, id=9252, stack(0x0000000016f20000,0x0000000017020000)]
  0x0000000016977800 JavaThread "pool-2-thread-1" [_thread_blocked, id=4216, stack(0x0000000016e20000,0x0000000016f20000)]
  0x0000000016975000 JavaThread "pool-1-thread-1" [_thread_in_Java, id=3660, stack(0x0000000016d20000,0x0000000016e20000)]
  0x0000000014f0c800 JavaThread "Service Thread" daemon [_thread_blocked, id=3708, stack(0x0000000016b20000,0x0000000016c20000)]
  0x0000000014ef2800 JavaThread "C1 CompilerThread2" daemon [_thread_blocked, id=11204, stack(0x0000000016620000,0x0000000016720000)]
=>0x0000000014eb0800 JavaThread "C2 CompilerThread1" daemon [_thread_in_native, id=10572, stack(0x0000000016520000,0x0000000016620000)]
  0x0000000014ead800 JavaThread "C2 CompilerThread0" daemon [_thread_in_native, id=8836, stack(0x0000000016420000,0x0000000016520000)]
  0x0000000014eac000 JavaThread "Attach Listener" daemon [_thread_blocked, id=10800, stack(0x0000000016320000,0x0000000016420000)]
  0x0000000014eab000 JavaThread "Signal Dispatcher" daemon [_thread_blocked, id=7576, stack(0x0000000016220000,0x0000000016320000)]
  0x00000000027a5800 JavaThread "Finalizer" daemon [_thread_blocked, id=8364, stack(0x0000000016110000,0x0000000016210000)]
  0x000000000279c800 JavaThread "Reference Handler" daemon [_thread_blocked, id=10228, stack(0x0000000016010000,0x0000000016110000)]
  0x000000000254e000 JavaThread "main" [_thread_in_Java, id=3976, stack(0x0000000002580000,0x0000000002680000)]

Other Threads:
  0x0000000014e75800 VMThread [stack: 0x0000000015f10000,0x0000000016010000] [id=7316]
  0x0000000014f0d800 WatcherThread [stack: 0x0000000016c20000,0x0000000016d20000] [id=5416]

VM state:not at safepoint (normal execution)

VM Mutex/Monitor currently owned by a thread: None

Heap:
 PSYoungGen      total 18944K, used 15098K [0x00000000eab00000, 0x00000000ed000000, 0x0000000100000000)
  eden space 16384K, 76% used [0x00000000eab00000,0x00000000eb7428e0,0x00000000ebb00000)
  from space 2560K, 99% used [0x00000000ebd80000,0x00000000ebffc058,0x00000000ec000000)
  to   space 2560K, 0% used [0x00000000ebb00000,0x00000000ebb00000,0x00000000ebd80000)
 ParOldGen       total 44032K, used 3808K [0x00000000c0000000, 0x00000000c2b00000, 0x00000000eab00000)
  object space 44032K, 8% used [0x00000000c0000000,0x00000000c03b8018,0x00000000c2b00000)
 Metaspace       used 6045K, capacity 7088K, committed 7296K, reserved 1056768K
  class space    used 584K, capacity 616K, committed 640K, reserved 1048576K

Card table byte_map: [0x0000000011b80000,0x0000000011d90000] byte_map_base: 0x0000000011580000

Marking Bits: (ParMarkBitMap*) 0x00000000749dd490
 Begin Bits: [0x00000000122f0000, 0x00000000132f0000)
 End Bits:   [0x00000000132f0000, 0x00000000142f0000)

Polling page: 0x0000000002680000

CodeCache: size=245760Kb used=6122Kb max_used=6122Kb free=239637Kb
 bounds [0x00000000027c0000, 0x0000000002dc0000, 0x00000000117c0000]
 total_blobs=1741 nmethods=1477 adapters=178
 compilation: enabled

Compilation events (10 events):
Event: 4.369 Thread 0x0000000014ef2800 1484       3       com.android.dx.cf.cst.ConstantPoolParser::parse (365 bytes)
Event: 4.374 Thread 0x0000000014ef2800 nmethod 1484 0x0000000002db8b90 code [0x0000000002db90e0, 0x0000000002dbc528]
Event: 4.374 Thread 0x0000000014ef2800 1485       3       java.util.concurrent.locks.AbstractQueuedSynchronizer::hasQueuedPredecessors (40 bytes)
Event: 4.374 Thread 0x0000000014ef2800 nmethod 1485 0x0000000002dbe590 code [0x0000000002dbe700, 0x0000000002dbe950]
Event: 4.374 Thread 0x0000000014ef2800 1486       1       java.util.zip.ZipEntry::getName (5 bytes)
Event: 4.374 Thread 0x0000000014ef2800 nmethod 1486 0x0000000002d9d550 code [0x0000000002d9d6a0, 0x0000000002d9d7b0]
Event: 4.374 Thread 0x0000000014ef2800 1487       3       java.util.concurrent.AbstractExecutorService::submit (25 bytes)
Event: 4.375 Thread 0x0000000014ef2800 nmethod 1487 0x0000000002dbea10 code [0x0000000002dbebc0, 0x0000000002dbf1a8]
Event: 4.375 Thread 0x0000000014ef2800 1488       3       java.util.concurrent.AbstractExecutorService::newTaskFor (9 bytes)
Event: 4.376 Thread 0x0000000014ef2800 nmethod 1488 0x0000000002dbf3d0 code [0x0000000002dbf540, 0x0000000002dbf8a8]

GC Heap History (4 events):
Event: 2.205 GC heap before
{Heap before GC invocations=1 (full 0):
 PSYoungGen      total 18944K, used 16384K [0x00000000eab00000, 0x00000000ec000000, 0x0000000100000000)
  eden space 16384K, 100% used [0x00000000eab00000,0x00000000ebb00000,0x00000000ebb00000)
  from space 2560K, 0% used [0x00000000ebd80000,0x00000000ebd80000,0x00000000ec000000)
  to   space 2560K, 0% used [0x00000000ebb00000,0x00000000ebb00000,0x00000000ebd80000)
 ParOldGen       total 44032K, used 0K [0x00000000c0000000, 0x00000000c2b00000, 0x00000000eab00000)
  object space 44032K, 0% used [0x00000000c0000000,0x00000000c0000000,0x00000000c2b00000)
 Metaspace       used 5659K, capacity 6768K, committed 7040K, reserved 1056768K
  class space    used 582K, capacity 616K, committed 640K, reserved 1048576K
Event: 2.212 GC heap after
Heap after GC invocations=1 (full 0):
 PSYoungGen      total 18944K, used 2535K [0x00000000eab00000, 0x00000000ec000000, 0x0000000100000000)
  eden space 16384K, 0% used [0x00000000eab00000,0x00000000eab00000,0x00000000ebb00000)
  from space 2560K, 99% used [0x00000000ebb00000,0x00000000ebd79c68,0x00000000ebd80000)
  to   space 2560K, 0% used [0x00000000ebd80000,0x00000000ebd80000,0x00000000ec000000)
 ParOldGen       total 44032K, used 1644K [0x00000000c0000000, 0x00000000c2b00000, 0x00000000eab00000)
  object space 44032K, 3% used [0x00000000c0000000,0x00000000c019b388,0x00000000c2b00000)
 Metaspace       used 5659K, capacity 6768K, committed 7040K, reserved 1056768K
  class space    used 582K, capacity 616K, committed 640K, reserved 1048576K
}
Event: 3.741 GC heap before
{Heap before GC invocations=2 (full 0):
 PSYoungGen      total 18944K, used 18919K [0x00000000eab00000, 0x00000000ec000000, 0x0000000100000000)
  eden space 16384K, 100% used [0x00000000eab00000,0x00000000ebb00000,0x00000000ebb00000)
  from space 2560K, 99% used [0x00000000ebb00000,0x00000000ebd79c68,0x00000000ebd80000)
  to   space 2560K, 0% used [0x00000000ebd80000,0x00000000ebd80000,0x00000000ec000000)
 ParOldGen       total 44032K, used 1644K [0x00000000c0000000, 0x00000000c2b00000, 0x00000000eab00000)
  object space 44032K, 3% used [0x00000000c0000000,0x00000000c019b388,0x00000000c2b00000)
 Metaspace       used 5926K, capacity 6960K, committed 7040K, reserved 1056768K
  class space    used 584K, capacity 616K, committed 640K, reserved 1048576K
Event: 3.897 GC heap after
Heap after GC invocations=2 (full 0):
 PSYoungGen      total 18944K, used 2544K [0x00000000eab00000, 0x00000000ed000000, 0x0000000100000000)
  eden space 16384K, 0% used [0x00000000eab00000,0x00000000eab00000,0x00000000ebb00000)
  from space 2560K, 99% used [0x00000000ebd80000,0x00000000ebffc058,0x00000000ec000000)
  to   space 2560K, 0% used [0x00000000ebb00000,0x00000000ebb00000,0x00000000ebd80000)
 ParOldGen       total 44032K, used 3808K [0x00000000c0000000, 0x00000000c2b00000, 0x00000000eab00000)
  object space 44032K, 8% used [0x00000000c0000000,0x00000000c03b8018,0x00000000c2b00000)
 Metaspace       used 5926K, capacity 6960K, committed 7040K, reserved 1056768K
  class space    used 584K, capacity 616K, committed 640K, reserved 1048576K
}

Deoptimization events (6 events):
Event: 1.952 Thread 0x0000000016975000 Uncommon trap: reason=class_check action=maybe_recompile pc=0x0000000002abb66c method=com.android.dx.ssa.NormalSsaInsn.accept(Lcom/android/dx/ssa/SsaInsn$Visitor;)V @ 9
Event: 1.952 Thread 0x0000000016975000 Uncommon trap: reason=class_check action=maybe_recompile pc=0x0000000002abb66c method=com.android.dx.ssa.NormalSsaInsn.accept(Lcom/android/dx/ssa/SsaInsn$Visitor;)V @ 9
Event: 1.952 Thread 0x0000000016975000 Uncommon trap: reason=class_check action=maybe_recompile pc=0x0000000002abb66c method=com.android.dx.ssa.NormalSsaInsn.accept(Lcom/android/dx/ssa/SsaInsn$Visitor;)V @ 9
Event: 1.952 Thread 0x0000000016975000 Uncommon trap: reason=class_check action=maybe_recompile pc=0x0000000002abb66c method=com.android.dx.ssa.NormalSsaInsn.accept(Lcom/android/dx/ssa/SsaInsn$Visitor;)V @ 9
Event: 1.953 Thread 0x0000000016975000 Uncommon trap: reason=class_check action=maybe_recompile pc=0x0000000002a63630 method=com.android.dx.ssa.NormalSsaInsn.accept(Lcom/android/dx/ssa/SsaInsn$Visitor;)V @ 9
Event: 2.647 Thread 0x0000000016978800 Uncommon trap: reason=null_check action=make_not_entrant pc=0x0000000002b04120 method=com.android.dx.rop.type.Type.equals(Ljava/lang/Object;)Z @ 8

Internal exceptions (10 events):
Event: 1.566 Thread 0x000000000254e000 Exception <a 'java/security/PrivilegedActionException'> (0x00000000eb603af0) thrown at [D:\re\workspace\8-2-build-windows-amd64-cygwin\jdk8u25\1677\hotspot\src\share\vm\prims\jvm.cpp, line 1312]
Event: 1.892 Thread 0x0000000016978800 Exception <a 'java/security/PrivilegedActionException'> (0x00000000eb699498) thrown at [D:\re\workspace\8-2-build-windows-amd64-cygwin\jdk8u25\1677\hotspot\src\share\vm\prims\jvm.cpp, line 1312]
Event: 1.893 Thread 0x0000000016978800 Exception <a 'java/security/PrivilegedActionException'> (0x00000000eb69ef00) thrown at [D:\re\workspace\8-2-build-windows-amd64-cygwin\jdk8u25\1677\hotspot\src\share\vm\prims\jvm.cpp, line 1312]
Event: 1.894 Thread 0x0000000016978800 Exception <a 'java/security/PrivilegedActionException'> (0x00000000eb6a4710) thrown at [D:\re\workspace\8-2-build-windows-amd64-cygwin\jdk8u25\1677\hotspot\src\share\vm\prims\jvm.cpp, line 1312]
Event: 1.896 Thread 0x0000000016978800 Exception <a 'java/security/PrivilegedActionException'> (0x00000000eb6a9830) thrown at [D:\re\workspace\8-2-build-windows-amd64-cygwin\jdk8u25\1677\hotspot\src\share\vm\prims\jvm.cpp, line 1312]
Event: 1.910 Thread 0x0000000016978800 Exception <a 'java/security/PrivilegedActionException'> (0x00000000eb7450a8) thrown at [D:\re\workspace\8-2-build-windows-amd64-cygwin\jdk8u25\1677\hotspot\src\share\vm\prims\jvm.cpp, line 1312]
Event: 1.986 Thread 0x000000000254e000 Exception <a 'java/security/PrivilegedActionException'> (0x00000000eb896980) thrown at [D:\re\workspace\8-2-build-windows-amd64-cygwin\jdk8u25\1677\hotspot\src\share\vm\prims\jvm.cpp, line 1312]
Event: 2.314 Thread 0x000000000254e000 Exception <a 'java/security/PrivilegedActionException'> (0x00000000eb033808) thrown at [D:\re\workspace\8-2-build-windows-amd64-cygwin\jdk8u25\1677\hotspot\src\share\vm\prims\jvm.cpp, line 1312]
Event: 2.647 Thread 0x0000000016978800 Implicit null exception at 0x0000000002b04022 to 0x0000000002b04112
Event: 2.829 Thread 0x000000001697e000 Exception <a 'java/security/PrivilegedActionException'> (0x00000000eb2e2328) thrown at [D:\re\workspace\8-2-build-windows-amd64-cygwin\jdk8u25\1677\hotspot\src\share\vm\prims\jvm.cpp, line 1312]

Events (10 events):
Event: 2.218 loading class sun/misc/Cleaner done
Event: 2.314 loading class com/android/dx/cf/attrib/AttLocalVariableTypeTable
Event: 2.314 loading class com/android/dx/cf/attrib/AttLocalVariableTypeTable done
Event: 2.647 Thread 0x0000000016978800 Uncommon trap: trap_request=0xfffffff4 fr.pc=0x0000000002b04120
Event: 2.647 Thread 0x0000000016978800 DEOPT PACKING pc=0x0000000002b04120 sp=0x000000001701ec40
Event: 2.647 Thread 0x0000000016978800 DEOPT UNPACKING pc=0x000000000280556a sp=0x000000001701ebd8 mode 2
Event: 2.828 loading class com/android/dx/cf/code/SwitchList
Event: 2.828 loading class com/android/dx/cf/code/SwitchList done
Event: 3.741 Executing VM operation: ParallelGCFailedAllocation
Event: 3.897 Executing VM operation: ParallelGCFailedAllocation done


Dynamic libraries:
0x00007ff6cf090000 - 0x00007ff6cf0c4000 	C:\Program Files\Java\jdk1.8.0_25\bin\java.exe
0x00007ff9ac8f0000 - 0x00007ff9acab1000 	C:\WINDOWS\SYSTEM32\ntdll.dll
0x00007ff9aa1b0000 - 0x00007ff9aa25d000 	C:\WINDOWS\system32\KERNEL32.DLL
0x00007ff9a9470000 - 0x00007ff9a964d000 	C:\WINDOWS\system32\KERNELBASE.dll
0x00007ff9a7a70000 - 0x00007ff9a7ae8000 	C:\WINDOWS\system32\apphelp.dll
0x00007ff9ac5e0000 - 0x00007ff9ac686000 	C:\WINDOWS\system32\ADVAPI32.dll
0x00007ff9abda0000 - 0x00007ff9abe3d000 	C:\WINDOWS\system32\msvcrt.dll
0x00007ff9ac410000 - 0x00007ff9ac46b000 	C:\WINDOWS\system32\sechost.dll
0x00007ff9ac060000 - 0x00007ff9ac186000 	C:\WINDOWS\system32\RPCRT4.dll
0x00007ff9aa270000 - 0x00007ff9aa3be000 	C:\WINDOWS\system32\USER32.dll
0x00007ff9ab8f0000 - 0x00007ff9aba76000 	C:\WINDOWS\system32\GDI32.dll
0x00007ff989d90000 - 0x00007ff98a004000 	C:\WINDOWS\WinSxS\amd64_microsoft.windows.common-controls_6595b64144ccf1df_6.0.10240.16384_none_f41f7b285750ef43\COMCTL32.dll
0x00007ff9ac770000 - 0x00007ff9ac7a6000 	C:\WINDOWS\system32\IMM32.DLL
0x00007ff9aba80000 - 0x00007ff9abbdc000 	C:\WINDOWS\system32\MSCTF.dll
0x0000000073d80000 - 0x0000000073e52000 	C:\Program Files\Java\jdk1.8.0_25\jre\bin\msvcr100.dll
0x0000000074200000 - 0x0000000074a5a000 	C:\Program Files\Java\jdk1.8.0_25\jre\bin\server\jvm.dll
0x00007ff9aa260000 - 0x00007ff9aa268000 	C:\WINDOWS\system32\PSAPI.DLL
0x00007ff9a7970000 - 0x00007ff9a7993000 	C:\WINDOWS\SYSTEM32\WINMM.dll
0x00007ff99c160000 - 0x00007ff99c169000 	C:\WINDOWS\SYSTEM32\WSOCK32.dll
0x00007ff9ac6a0000 - 0x00007ff9ac709000 	C:\WINDOWS\system32\WS2_32.dll
0x00007ff9ac690000 - 0x00007ff9ac698000 	C:\WINDOWS\system32\NSI.dll
0x0000000002550000 - 0x000000000257c000 	C:\WINDOWS\SYSTEM32\WINMMBASE.dll
0x00007ff9a9650000 - 0x00007ff9a9694000 	C:\WINDOWS\system32\cfgmgr32.dll
0x00007ff9a7bf0000 - 0x00007ff9a7c17000 	C:\WINDOWS\SYSTEM32\DEVOBJ.dll
0x00000000741f0000 - 0x00000000741ff000 	C:\Program Files\Java\jdk1.8.0_25\jre\bin\verify.dll
0x00000000741c0000 - 0x00000000741e8000 	C:\Program Files\Java\jdk1.8.0_25\jre\bin\java.dll
0x00000000741a0000 - 0x00000000741b6000 	C:\Program Files\Java\jdk1.8.0_25\jre\bin\zip.dll
0x00007ff9aa3c0000 - 0x00007ff9ab8e2000 	C:\WINDOWS\system32\SHELL32.dll
0x00007ff9a9990000 - 0x00007ff9a9fb8000 	C:\WINDOWS\system32\windows.storage.dll
0x00007ff9ac190000 - 0x00007ff9ac40c000 	C:\WINDOWS\system32\combase.dll
0x00007ff9ac710000 - 0x00007ff9ac761000 	C:\WINDOWS\system32\shlwapi.dll
0x00007ff9a9390000 - 0x00007ff9a939f000 	C:\WINDOWS\system32\kernel.appcore.dll
0x00007ff9a96a0000 - 0x00007ff9a9753000 	C:\WINDOWS\system32\shcore.dll
0x00007ff9a9320000 - 0x00007ff9a936a000 	C:\WINDOWS\system32\powrprof.dll
0x00007ff9a93a0000 - 0x00007ff9a93b3000 	C:\WINDOWS\system32\profapi.dll

VM Arguments:
jvm_args: -Xmx1024M -Dfile.encoding=windows-1252 -Duser.country=US -Duser.language=en -Duser.variant 
java_command: com.android.dx.command.Main --dex --num-threads=4 --output D:\mekget\WorkSpace\androidStudioProjects\_gotera\AbbisWood\app\build\intermediates\pre-dexed\debug\internal_impl-24.0.0-9aa71fdd18178851aa07272bca2eb970ae423547.jar D:\mekget\WorkSpace\androidStudioProjects\_gotera\AbbisWood\app\build\intermediates\exploded-aar\com.android.support\support-v4\24.0.0\jars\libs\internal_impl-24.0.0.jar
java_class_path (initial): C:\Program Files (x86)\android1.0\sdk\build-tools\23.0.1\lib\dx.jar
Launcher Type: SUN_STANDARD

Environment Variables:
CLASSPATH=.;C:\Program Files (x86)\Java\jre1.6.0\lib\ext\QTJava.zip;C:\Program Files\Java\jdk1.7.0_51\bin;
PATH=C:\app\MEK\product\12.1.0\dbhome_1\bin;C:\ProgramData\Oracle\Java\javapath;C:\Python33\;C:\WINDOWS\system32;C:\WINDOWS;C:\WINDOWS\System32\Wbem;C:\WINDOWS\System32\WindowsPowerShell\v1.0\;C:\xampp\mysql\bin;C:\Program Files\Microsoft\Web Platform Installer\;C:\Program Files\Microsoft SQL Server\110\Tools\Binn\;c:\Program Files (x86)\Microsoft ASP.NET\ASP.NET Web Pages\v1.0\;C:\Program Files (x86)\Rational\ClearQuest;C:\Program Files (x86)\Rational\Rose\TopLink\;C:\Program Files (x86)\QuickTime\QTSystem\;C:\Program Files (x86)\Windows Kits\8.1\Windows Performance Toolkit\;C:\Program Files (x86)\Microsoft SDKs\TypeScript\1.0\;C:\altera\14.0\modelsim_ase\win32aloem;C:\Program Files (x86)\Git\cmd;D:\softwares\android-ndk-r10d;C:\Program Files\Microsoft SQL Server\Client SDK\ODBC\110\Tools\Binn\;C:\Program Files (x86)\Microsoft SQL Server\120\Tools\Binn\;C:\Program Files\Microsoft SQL Server\120\Tools\Binn\;C:\Program Files\Microsoft SQL Server\120\DTS\Binn\;C:\Program Files (x86)\Microsoft SQL Server\120\Tools\Binn\ManagementStudio\;C:\Program Files (x86)\Microsoft SQL Server\120\DTS\Binn\;C:\Program Files (x86)\Microsoft SQL Server\110\Tools\Binn\;C:\Program Files\Microsoft SQL Server\110\DTS\Binn\;C:\xampp\php;C:\ProgramData\ComposerSetup\bin;C:\Users\MEK\.dnx\bin;C:\Program Files\Microsoft DNX\Dnvm\;C:\Program Files\MongoDB\Server\3.0\bin;C:\Go\bin;C:\Program Files (x86)\nodejs\;C:\Program Files\MongoDB\Server\3.2\bin;C:\Users\MEK\.dnx\bin;C:\Python33\Lib\site-packages\django\bin;C:\Program Files\Java\jdk1.7.0_51\bin;D:\gradle-1.12\bin;C:\Windows\Microsoft.NET\Framework\v4.0.30319;C:\Program Files\Sublime Text 2;C:\Users\MEK\AppData\Local\Code\bin;C:\Program Files\Java\jdk1.8.0_25\jre\bin;C:\Users\MEK\AppData\Roaming\npm
USERNAME=MEK
OS=Windows_NT
PROCESSOR_IDENTIFIER=Intel64 Family 6 Model 42 Stepping 7, GenuineIntel



---------------  S Y S T E M  ---------------

OS: Windows 8.1 , 64 bit Build 9600 

CPU:total 4 (2 cores per cpu, 2 threads per core) family 6 model 42 stepping 7, cmov, cx8, fxsr, mmx, sse, sse2, sse3, ssse3, sse4.1, sse4.2, popcnt, avx, clmul, ht, tsc, tscinvbit

Memory: 4k page, physical 4099848k(325696k free), swap 7171848k(5156k free)

vm_info: Java HotSpot(TM) 64-Bit Server VM (25.25-b02) for windows-amd64 JRE (1.8.0_25-b18), built on Oct  7 2014 14:25:37 by "java_re" with MS VC++ 10.0 (VS2010)

time: Mon Jul 04 08:24:23 2016
elapsed time: 4 seconds (0d 0h 0m 4s)

