#
# There is insufficient memory for the Java Runtime Environment to continue.
# Native memory allocation (malloc) failed to allocate 78336 bytes for Chunk::new
# Possible reasons:
#   The system is out of physical RAM or swap space
#   In 32 bit mode, the process size limit was hit
# Possible solutions:
#   Reduce memory load on the system
#   Increase physical memory or swap space
#   Check if swap backing store is full
#   Use 64 bit Java on a 64 bit OS
#   Decrease Java heap size (-Xmx/-Xms)
#   Decrease number of Java threads
#   Decrease Java thread stack sizes (-Xss)
#   Set larger code cache with -XX:ReservedCodeCacheSize=
# This output file may be truncated or incomplete.
#
#  Out of Memory Error (allocation.cpp:390), pid=11180, tid=9248
#
# JRE version: Java(TM) SE Runtime Environment (8.0_25-b18) (build 1.8.0_25-b18)
# Java VM: Java HotSpot(TM) 64-Bit Server VM (25.25-b02 mixed mode windows-amd64 compressed oops)
# Failed to write core dump. Minidumps are not enabled by default on client versions of Windows
#

---------------  T H R E A D  ---------------

Current thread (0x0000000014ce5800):  JavaThread "C2 CompilerThread1" daemon [_thread_in_native, id=9248, stack(0x0000000016320000,0x0000000016420000)]

Stack: [0x0000000016320000,0x0000000016420000]
Native frames: (J=compiled Java code, j=interpreted, Vv=VM code, C=native code)
V  [jvm.dll+0x31667a]


Current CompileTask:
C2:   1211  837       4       com.android.dx.rop.code.RegisterSpecSet::mutableCopy (57 bytes)


---------------  P R O C E S S  ---------------

Java Threads: ( => current thread )
  0x0000000016887000 JavaThread "pool-1-thread-4" [_thread_in_Java, id=8928, stack(0x0000000016f20000,0x0000000017020000)]
  0x0000000016884800 JavaThread "pool-1-thread-3" [_thread_in_Java, id=9616, stack(0x0000000016e20000,0x0000000016f20000)]
  0x0000000016883800 JavaThread "pool-1-thread-2" [_thread_blocked, id=10056, stack(0x0000000016d20000,0x0000000016e20000)]
  0x0000000016883000 JavaThread "pool-2-thread-1" [_thread_blocked, id=7468, stack(0x0000000016c20000,0x0000000016d20000)]
  0x0000000016882800 JavaThread "pool-1-thread-1" [_thread_in_vm, id=10136, stack(0x0000000016b20000,0x0000000016c20000)]
  0x0000000014d0d800 JavaThread "Service Thread" daemon [_thread_blocked, id=8624, stack(0x0000000016520000,0x0000000016620000)]
  0x0000000014d01800 JavaThread "C1 CompilerThread2" daemon [_thread_blocked, id=11024, stack(0x0000000016420000,0x0000000016520000)]
=>0x0000000014ce5800 JavaThread "C2 CompilerThread1" daemon [_thread_in_native, id=9248, stack(0x0000000016320000,0x0000000016420000)]
  0x0000000014cad000 JavaThread "C2 CompilerThread0" daemon [_thread_in_native, id=884, stack(0x0000000016220000,0x0000000016320000)]
  0x0000000014cac000 JavaThread "Attach Listener" daemon [_thread_blocked, id=4100, stack(0x0000000016120000,0x0000000016220000)]
  0x0000000014caa800 JavaThread "Signal Dispatcher" daemon [_thread_blocked, id=10348, stack(0x0000000016020000,0x0000000016120000)]
  0x00000000025d5800 JavaThread "Finalizer" daemon [_thread_blocked, id=9200, stack(0x0000000015f20000,0x0000000016020000)]
  0x00000000025ce800 JavaThread "Reference Handler" daemon [_thread_blocked, id=8236, stack(0x0000000015e20000,0x0000000015f20000)]
  0x00000000022de000 JavaThread "main" [_thread_in_vm, id=9564, stack(0x00000000023e0000,0x00000000024e0000)]

Other Threads:
  0x0000000014c75800 VMThread [stack: 0x0000000015d20000,0x0000000015e20000] [id=11196]
  0x0000000016621800 WatcherThread [stack: 0x0000000016a20000,0x0000000016b20000] [id=6292]

VM state:synchronizing (normal execution)

VM Mutex/Monitor currently owned by a thread:  ([mutex/lock_event])
[0x00000000022dd710] Safepoint_lock - owner thread: 0x0000000014c75800
[0x00000000022dd390] Threads_lock - owner thread: 0x0000000014c75800
[0x00000000022dd190] Heap_lock - owner thread: 0x0000000016883800
[0x00000000022dd310] CompiledIC_lock - owner thread: 0x00000000022de000

Heap:
 PSYoungGen      total 18944K, used 16384K [0x00000000eab00000, 0x00000000ec000000, 0x0000000100000000)
  eden space 16384K, 100% used [0x00000000eab00000,0x00000000ebb00000,0x00000000ebb00000)
  from space 2560K, 0% used [0x00000000ebd80000,0x00000000ebd80000,0x00000000ec000000)
  to   space 2560K, 0% used [0x00000000ebb00000,0x00000000ebb00000,0x00000000ebd80000)
 ParOldGen       total 44032K, used 0K [0x00000000c0000000, 0x00000000c2b00000, 0x00000000eab00000)
  object space 44032K, 0% used [0x00000000c0000000,0x00000000c0000000,0x00000000c2b00000)
 Metaspace       used 5624K, capacity 6768K, committed 7040K, reserved 1056768K
  class space    used 580K, capacity 616K, committed 640K, reserved 1048576K

Card table byte_map: [0x00000000119a0000,0x0000000011bb0000] byte_map_base: 0x00000000113a0000

Marking Bits: (ParMarkBitMap*) 0x00000000749dd490
 Begin Bits: [0x0000000012110000, 0x0000000013110000)
 End Bits:   [0x0000000013110000, 0x0000000014110000)

Polling page: 0x0000000000b30000

CodeCache: size=245760Kb used=3370Kb max_used=3370Kb free=242389Kb
 bounds [0x00000000025e0000, 0x0000000002930000, 0x00000000115e0000]
 total_blobs=1100 nmethods=836 adapters=178
 compilation: enabled

Compilation events (10 events):
Event: 1.182 Thread 0x0000000014d01800  818   !   3       com.android.dx.ssa.LocalVariableInfo::setStarts (40 bytes)
Event: 1.182 Thread 0x0000000014ce5800  837       4       com.android.dx.rop.code.RegisterSpecSet::mutableCopy (57 bytes)
Event: 1.182 Thread 0x0000000014d01800 nmethod 818 0x0000000002920490 code [0x0000000002920640, 0x0000000002920c68]
Event: 1.182 Thread 0x0000000014d01800  839       3       com.android.dx.rop.code.RegisterSpec::intersect (169 bytes)
Event: 1.184 Thread 0x0000000014d01800 nmethod 839 0x000000000291ee10 code [0x000000000291f060, 0x000000000291ffe8]
Event: 1.184 Thread 0x0000000014d01800  819       3       com.android.dx.ssa.Dominators::getPreds (17 bytes)
Event: 1.184 Thread 0x0000000014d01800 nmethod 819 0x000000000291e910 code [0x000000000291ea80, 0x000000000291ed50]
Event: 1.184 Thread 0x0000000014d01800  838       1       com.android.dx.rop.code.ThrowingInsn::getCatches (5 bytes)
Event: 1.184 Thread 0x0000000014d01800 nmethod 838 0x000000000291b210 code [0x000000000291b360, 0x000000000291b470]
Event: 1.184 Thread 0x0000000014d01800  829       3       com.android.dx.cf.code.Frame::<init> (52 bytes)

GC Heap History (0 events):
No events

Deoptimization events (0 events):
No events

Internal exceptions (10 events):
Event: 0.732 Thread 0x0000000016882800 Exception <a 'java/security/PrivilegedActionException'> (0x00000000eb56ada0) thrown at [D:\re\workspace\8-2-build-windows-amd64-cygwin\jdk8u25\1677\hotspot\src\share\vm\prims\jvm.cpp, line 1312]
Event: 0.733 Thread 0x0000000016882800 Exception <a 'java/security/PrivilegedActionException'> (0x00000000eb56f480) thrown at [D:\re\workspace\8-2-build-windows-amd64-cygwin\jdk8u25\1677\hotspot\src\share\vm\prims\jvm.cpp, line 1312]
Event: 0.734 Thread 0x0000000016882800 Exception <a 'java/security/PrivilegedActionException'> (0x00000000eb574eb0) thrown at [D:\re\workspace\8-2-build-windows-amd64-cygwin\jdk8u25\1677\hotspot\src\share\vm\prims\jvm.cpp, line 1312]
Event: 0.735 Thread 0x0000000016882800 Exception <a 'java/security/PrivilegedActionException'> (0x00000000eb57db98) thrown at [D:\re\workspace\8-2-build-windows-amd64-cygwin\jdk8u25\1677\hotspot\src\share\vm\prims\jvm.cpp, line 1312]
Event: 0.736 Thread 0x0000000016882800 Exception <a 'java/security/PrivilegedActionException'> (0x00000000eb582fa0) thrown at [D:\re\workspace\8-2-build-windows-amd64-cygwin\jdk8u25\1677\hotspot\src\share\vm\prims\jvm.cpp, line 1312]
Event: 0.762 Thread 0x0000000016882800 Exception <a 'java/security/PrivilegedActionException'> (0x00000000eb5a3c28) thrown at [D:\re\workspace\8-2-build-windows-amd64-cygwin\jdk8u25\1677\hotspot\src\share\vm\prims\jvm.cpp, line 1312]
Event: 0.763 Thread 0x0000000016882800 Exception <a 'java/security/PrivilegedActionException'> (0x00000000eb5a9690) thrown at [D:\re\workspace\8-2-build-windows-amd64-cygwin\jdk8u25\1677\hotspot\src\share\vm\prims\jvm.cpp, line 1312]
Event: 0.764 Thread 0x0000000016882800 Exception <a 'java/security/PrivilegedActionException'> (0x00000000eb5aeea0) thrown at [D:\re\workspace\8-2-build-windows-amd64-cygwin\jdk8u25\1677\hotspot\src\share\vm\prims\jvm.cpp, line 1312]
Event: 0.876 Thread 0x0000000016887000 Exception <a 'java/security/PrivilegedActionException'> (0x00000000eb605b38) thrown at [D:\re\workspace\8-2-build-windows-amd64-cygwin\jdk8u25\1677\hotspot\src\share\vm\prims\jvm.cpp, line 1312]
Event: 0.897 Thread 0x00000000022de000 Exception <a 'java/security/PrivilegedActionException'> (0x00000000eb4d50d0) thrown at [D:\re\workspace\8-2-build-windows-amd64-cygwin\jdk8u25\1677\hotspot\src\share\vm\prims\jvm.cpp, line 1312]

Events (10 events):
Event: 0.763 loading class com/android/dx/dex/file/AnnotationSetRefItem
Event: 0.763 loading class com/android/dx/dex/file/AnnotationSetRefItem done
Event: 0.875 loading class com/android/dx/cf/code/SwitchList
Event: 0.875 loading class com/android/dx/cf/code/SwitchList done
Event: 0.891 Executing VM operation: ForceSafepoint
Event: 0.892 Executing VM operation: ForceSafepoint done
Event: 0.897 loading class com/android/dx/dex/file/MethodAnnotationStruct
Event: 0.897 loading class com/android/dx/dex/file/MethodAnnotationStruct done
Event: 0.926 loading class java/util/ArrayList$1
Event: 0.926 loading class java/util/ArrayList$1 done


Dynamic libraries:
0x00007ff6cf090000 - 0x00007ff6cf0c4000 	C:\Program Files\Java\jdk1.8.0_25\bin\java.exe
0x00007ff9ac8f0000 - 0x00007ff9acab1000 	C:\WINDOWS\SYSTEM32\ntdll.dll
0x00007ff9aa1b0000 - 0x00007ff9aa25d000 	C:\WINDOWS\system32\KERNEL32.DLL
0x00007ff9a9470000 - 0x00007ff9a964d000 	C:\WINDOWS\system32\KERNELBASE.dll
0x00007ff9a7a70000 - 0x00007ff9a7ae8000 	C:\WINDOWS\system32\apphelp.dll
0x00007ff9ac5e0000 - 0x00007ff9ac686000 	C:\WINDOWS\system32\ADVAPI32.dll
0x00007ff9abda0000 - 0x00007ff9abe3d000 	C:\WINDOWS\system32\msvcrt.dll
0x00007ff9ac410000 - 0x00007ff9ac46b000 	C:\WINDOWS\system32\sechost.dll
0x00007ff9ac060000 - 0x00007ff9ac186000 	C:\WINDOWS\system32\RPCRT4.dll
0x00007ff9aa270000 - 0x00007ff9aa3be000 	C:\WINDOWS\system32\USER32.dll
0x00007ff9ab8f0000 - 0x00007ff9aba76000 	C:\WINDOWS\system32\GDI32.dll
0x00007ff989d90000 - 0x00007ff98a004000 	C:\WINDOWS\WinSxS\amd64_microsoft.windows.common-controls_6595b64144ccf1df_6.0.10240.16384_none_f41f7b285750ef43\COMCTL32.dll
0x00007ff9ac770000 - 0x00007ff9ac7a6000 	C:\WINDOWS\system32\IMM32.DLL
0x00007ff9aba80000 - 0x00007ff9abbdc000 	C:\WINDOWS\system32\MSCTF.dll
0x0000000073d80000 - 0x0000000073e52000 	C:\Program Files\Java\jdk1.8.0_25\jre\bin\msvcr100.dll
0x0000000074200000 - 0x0000000074a5a000 	C:\Program Files\Java\jdk1.8.0_25\jre\bin\server\jvm.dll
0x00007ff9aa260000 - 0x00007ff9aa268000 	C:\WINDOWS\system32\PSAPI.DLL
0x00007ff99c160000 - 0x00007ff99c169000 	C:\WINDOWS\SYSTEM32\WSOCK32.dll
0x00007ff9ac6a0000 - 0x00007ff9ac709000 	C:\WINDOWS\system32\WS2_32.dll
0x00007ff9ac690000 - 0x00007ff9ac698000 	C:\WINDOWS\system32\NSI.dll
0x00007ff9a7970000 - 0x00007ff9a7993000 	C:\WINDOWS\SYSTEM32\WINMM.dll
0x00007ff9a7830000 - 0x00007ff9a785c000 	C:\WINDOWS\SYSTEM32\WINMMBASE.dll
0x00007ff9a9650000 - 0x00007ff9a9694000 	C:\WINDOWS\system32\cfgmgr32.dll
0x00007ff9a7bf0000 - 0x00007ff9a7c17000 	C:\WINDOWS\SYSTEM32\DEVOBJ.dll
0x00000000741f0000 - 0x00000000741ff000 	C:\Program Files\Java\jdk1.8.0_25\jre\bin\verify.dll
0x00000000741c0000 - 0x00000000741e8000 	C:\Program Files\Java\jdk1.8.0_25\jre\bin\java.dll
0x00000000741a0000 - 0x00000000741b6000 	C:\Program Files\Java\jdk1.8.0_25\jre\bin\zip.dll
0x00007ff9aa3c0000 - 0x00007ff9ab8e2000 	C:\WINDOWS\system32\SHELL32.dll
0x00007ff9a9990000 - 0x00007ff9a9fb8000 	C:\WINDOWS\system32\windows.storage.dll
0x00007ff9ac190000 - 0x00007ff9ac40c000 	C:\WINDOWS\system32\combase.dll
0x00007ff9ac710000 - 0x00007ff9ac761000 	C:\WINDOWS\system32\shlwapi.dll
0x00007ff9a9390000 - 0x00007ff9a939f000 	C:\WINDOWS\system32\kernel.appcore.dll
0x00007ff9a96a0000 - 0x00007ff9a9753000 	C:\WINDOWS\system32\shcore.dll
0x00007ff9a9320000 - 0x00007ff9a936a000 	C:\WINDOWS\system32\powrprof.dll
0x00007ff9a93a0000 - 0x00007ff9a93b3000 	C:\WINDOWS\system32\profapi.dll
0x00007ff989c00000 - 0x00007ff989d8a000 	C:\WINDOWS\SYSTEM32\dbghelp.dll

VM Arguments:
jvm_args: -Xmx1024M -Dfile.encoding=windows-1252 -Duser.country=US -Duser.language=en -Duser.variant 
java_command: com.android.dx.command.Main --dex --num-threads=4 --output D:\mekget\WorkSpace\androidStudioProjects\_gotera\AbbisWood\app\build\intermediates\pre-dexed\debug\classes-f58952dc5c2f28b2f832bb6415cbcb566f3eb764.jar D:\mekget\WorkSpace\androidStudioProjects\_gotera\AbbisWood\app\build\intermediates\exploded-aar\com.android.support\support-vector-drawable\24.0.0\jars\classes.jar
java_class_path (initial): C:\Program Files (x86)\android1.0\sdk\build-tools\23.0.1\lib\dx.jar
Launcher Type: SUN_STANDARD

Environment Variables:
CLASSPATH=.;C:\Program Files (x86)\Java\jre1.6.0\lib\ext\QTJava.zip;C:\Program Files\Java\jdk1.7.0_51\bin;
PATH=C:\app\MEK\product\12.1.0\dbhome_1\bin;C:\ProgramData\Oracle\Java\javapath;C:\Python33\;C:\WINDOWS\system32;C:\WINDOWS;C:\WINDOWS\System32\Wbem;C:\WINDOWS\System32\WindowsPowerShell\v1.0\;C:\xampp\mysql\bin;C:\Program Files\Microsoft\Web Platform Installer\;C:\Program Files\Microsoft SQL Server\110\Tools\Binn\;c:\Program Files (x86)\Microsoft ASP.NET\ASP.NET Web Pages\v1.0\;C:\Program Files (x86)\Rational\ClearQuest;C:\Program Files (x86)\Rational\Rose\TopLink\;C:\Program Files (x86)\QuickTime\QTSystem\;C:\Program Files (x86)\Windows Kits\8.1\Windows Performance Toolkit\;C:\Program Files (x86)\Microsoft SDKs\TypeScript\1.0\;C:\altera\14.0\modelsim_ase\win32aloem;C:\Program Files (x86)\Git\cmd;D:\softwares\android-ndk-r10d;C:\Program Files\Microsoft SQL Server\Client SDK\ODBC\110\Tools\Binn\;C:\Program Files (x86)\Microsoft SQL Server\120\Tools\Binn\;C:\Program Files\Microsoft SQL Server\120\Tools\Binn\;C:\Program Files\Microsoft SQL Server\120\DTS\Binn\;C:\Program Files (x86)\Microsoft SQL Server\120\Tools\Binn\ManagementStudio\;C:\Program Files (x86)\Microsoft SQL Server\120\DTS\Binn\;C:\Program Files (x86)\Microsoft SQL Server\110\Tools\Binn\;C:\Program Files\Microsoft SQL Server\110\DTS\Binn\;C:\xampp\php;C:\ProgramData\ComposerSetup\bin;C:\Users\MEK\.dnx\bin;C:\Program Files\Microsoft DNX\Dnvm\;C:\Program Files\MongoDB\Server\3.0\bin;C:\Go\bin;C:\Program Files (x86)\nodejs\;C:\Program Files\MongoDB\Server\3.2\bin;C:\Users\MEK\.dnx\bin;C:\Python33\Lib\site-packages\django\bin;C:\Program Files\Java\jdk1.7.0_51\bin;D:\gradle-1.12\bin;C:\Windows\Microsoft.NET\Framework\v4.0.30319;C:\Program Files\Sublime Text 2;C:\Users\MEK\AppData\Local\Code\bin;C:\Program Files\Java\jdk1.8.0_25\jre\bin;C:\Users\MEK\AppData\Roaming\npm
USERNAME=MEK
OS=Windows_NT
PROCESSOR_IDENTIFIER=Intel64 Family 6 Model 42 Stepping 7, GenuineIntel



---------------  S Y S T E M  ---------------

OS: Windows 8.1 , 64 bit Build 9600 

CPU:total 4 (2 cores per cpu, 2 threads per core) family 6 model 42 stepping 7, cmov, cx8, fxsr, mmx, sse, sse2, sse3, ssse3, sse4.1, sse4.2, popcnt, avx, clmul, ht, tsc, tscinvbit

Memory: 4k page, physical 4099848k(221488k free), swap 7171848k(3476k free)

vm_info: Java HotSpot(TM) 64-Bit Server VM (25.25-b02) for windows-amd64 JRE (1.8.0_25-b18), built on Oct  7 2014 14:25:37 by "java_re" with MS VC++ 10.0 (VS2010)

time: Mon Jul 04 08:33:34 2016
elapsed time: 1 seconds (0d 0h 0m 1s)

