#
# There is insufficient memory for the Java Runtime Environment to continue.
# Native memory allocation (malloc) failed to allocate 418064 bytes for Chunk::new
# Possible reasons:
#   The system is out of physical RAM or swap space
#   In 32 bit mode, the process size limit was hit
# Possible solutions:
#   Reduce memory load on the system
#   Increase physical memory or swap space
#   Check if swap backing store is full
#   Use 64 bit Java on a 64 bit OS
#   Decrease Java heap size (-Xmx/-Xms)
#   Decrease number of Java threads
#   Decrease Java thread stack sizes (-Xss)
#   Set larger code cache with -XX:ReservedCodeCacheSize=
# This output file may be truncated or incomplete.
#
#  Out of Memory Error (allocation.cpp:390), pid=10104, tid=9476
#
# JRE version: Java(TM) SE Runtime Environment (8.0_25-b18) (build 1.8.0_25-b18)
# Java VM: Java HotSpot(TM) 64-Bit Server VM (25.25-b02 mixed mode windows-amd64 compressed oops)
# Failed to write core dump. Minidumps are not enabled by default on client versions of Windows
#

---------------  T H R E A D  ---------------

Current thread (0x0000000014c9d800):  JavaThread "C2 CompilerThread0" daemon [_thread_in_native, id=9476, stack(0x0000000016200000,0x0000000016300000)]

Stack: [0x0000000016200000,0x0000000016300000]
Native frames: (J=compiled Java code, j=interpreted, Vv=VM code, C=native code)
V  [jvm.dll+0x31667a]


Current CompileTask:
C2:   2148  962       4       com.android.dx.ssa.back.LivenessAnalyzer::handleTailRecursion (94 bytes)


---------------  P R O C E S S  ---------------

Java Threads: ( => current thread )
  0x00000000167c3000 JavaThread "pool-1-thread-4" [_thread_in_vm_trans, id=1152, stack(0x0000000016f00000,0x0000000017000000)]
  0x000000001676a000 JavaThread "pool-1-thread-3" [_thread_in_Java, id=8952, stack(0x0000000016e00000,0x0000000016f00000)]
  0x0000000016760000 JavaThread "pool-1-thread-2" [_thread_blocked, id=10100, stack(0x0000000016d00000,0x0000000016e00000)]
  0x0000000016735000 JavaThread "pool-2-thread-1" [_thread_blocked, id=2820, stack(0x0000000016c00000,0x0000000016d00000)]
  0x0000000016734000 JavaThread "pool-1-thread-1" [_thread_blocked, id=6808, stack(0x0000000016b00000,0x0000000016c00000)]
  0x0000000014cfd800 JavaThread "Service Thread" daemon [_thread_blocked, id=2512, stack(0x0000000016500000,0x0000000016600000)]
  0x0000000014ca4000 JavaThread "C1 CompilerThread2" daemon [_thread_in_native, id=10236, stack(0x0000000016400000,0x0000000016500000)]
  0x0000000014ca0800 JavaThread "C2 CompilerThread1" daemon [_thread_in_native, id=944, stack(0x0000000016300000,0x0000000016400000)]
=>0x0000000014c9d800 JavaThread "C2 CompilerThread0" daemon [_thread_in_native, id=9476, stack(0x0000000016200000,0x0000000016300000)]
  0x0000000014c9c000 JavaThread "Attach Listener" daemon [_thread_blocked, id=6864, stack(0x0000000016100000,0x0000000016200000)]
  0x0000000014c9a800 JavaThread "Signal Dispatcher" daemon [_thread_blocked, id=7820, stack(0x0000000016000000,0x0000000016100000)]
  0x0000000002590000 JavaThread "Finalizer" daemon [_thread_blocked, id=6076, stack(0x0000000015ef0000,0x0000000015ff0000)]
  0x000000000258c800 JavaThread "Reference Handler" daemon [_thread_blocked, id=4236, stack(0x0000000015df0000,0x0000000015ef0000)]
  0x000000000239e000 JavaThread "main" [_thread_blocked, id=10732, stack(0x00000000023a0000,0x00000000024a0000)]

Other Threads:
  0x0000000014c65800 VMThread [stack: 0x0000000015cf0000,0x0000000015df0000] [id=10328]
  0x0000000016601800 WatcherThread [stack: 0x0000000016a00000,0x0000000016b00000] [id=4020]

VM state:not at safepoint (normal execution)

VM Mutex/Monitor currently owned by a thread: None

Heap:
 PSYoungGen      total 18944K, used 5791K [0x00000000eab00000, 0x00000000ec000000, 0x0000000100000000)
  eden space 16384K, 19% used [0x00000000eab00000,0x00000000eae2e298,0x00000000ebb00000)
  from space 2560K, 99% used [0x00000000ebb00000,0x00000000ebd79c90,0x00000000ebd80000)
  to   space 2560K, 0% used [0x00000000ebd80000,0x00000000ebd80000,0x00000000ec000000)
 ParOldGen       total 44032K, used 1789K [0x00000000c0000000, 0x00000000c2b00000, 0x00000000eab00000)
  object space 44032K, 4% used [0x00000000c0000000,0x00000000c01bf568,0x00000000c2b00000)
 Metaspace       used 5660K, capacity 6768K, committed 7040K, reserved 1056768K
  class space    used 577K, capacity 616K, committed 640K, reserved 1048576K

Card table byte_map: [0x0000000011970000,0x0000000011b80000] byte_map_base: 0x0000000011370000

Marking Bits: (ParMarkBitMap*) 0x00000000749dd490
 Begin Bits: [0x00000000120e0000, 0x00000000130e0000)
 End Bits:   [0x00000000130e0000, 0x00000000140e0000)

Polling page: 0x0000000002370000

CodeCache: size=245760Kb used=3841Kb max_used=3841Kb free=241918Kb
 bounds [0x00000000025b0000, 0x0000000002980000, 0x00000000115b0000]
 total_blobs=1211 nmethods=947 adapters=178
 compilation: enabled

Compilation events (10 events):
Event: 2.105 Thread 0x0000000014c9d800 nmethod 957 0x0000000002950190 code [0x00000000029502e0, 0x00000000029503f8]
Event: 2.105 Thread 0x0000000014c9d800  962       4       com.android.dx.ssa.back.LivenessAnalyzer::handleTailRecursion (94 bytes)
Event: 2.131 Thread 0x0000000014ca4000 nmethod 931 0x000000000294ef90 code [0x000000000294f180, 0x000000000294fb58]
Event: 2.131 Thread 0x0000000014ca4000  972       1       com.android.dx.ssa.Optimizer::getPreserveLocals (4 bytes)
Event: 2.131 Thread 0x0000000014ca4000 nmethod 972 0x0000000002948810 code [0x0000000002948960, 0x0000000002948a50]
Event: 2.131 Thread 0x0000000014ca4000  933       3       com.android.dx.rop.code.RegisterSpecSet::size (49 bytes)
Event: 2.131 Thread 0x0000000014ca4000 nmethod 933 0x0000000002948310 code [0x0000000002948480, 0x0000000002948710]
Event: 2.131 Thread 0x0000000014ca4000  945   !   3       com.android.dx.cf.code.Ropper::processBlock (1101 bytes)
Event: 2.142 Thread 0x0000000014ca0800 nmethod 930 0x00000000029475d0 code [0x0000000002947760, 0x0000000002947d18]
Event: 2.142 Thread 0x0000000014ca0800  971       4       com.android.dx.ssa.SsaRenamer$BlockRenamer::addMapping (143 bytes)

GC Heap History (2 events):
Event: 2.054 GC heap before
{Heap before GC invocations=1 (full 0):
 PSYoungGen      total 18944K, used 16384K [0x00000000eab00000, 0x00000000ec000000, 0x0000000100000000)
  eden space 16384K, 100% used [0x00000000eab00000,0x00000000ebb00000,0x00000000ebb00000)
  from space 2560K, 0% used [0x00000000ebd80000,0x00000000ebd80000,0x00000000ec000000)
  to   space 2560K, 0% used [0x00000000ebb00000,0x00000000ebb00000,0x00000000ebd80000)
 ParOldGen       total 44032K, used 0K [0x00000000c0000000, 0x00000000c2b00000, 0x00000000eab00000)
  object space 44032K, 0% used [0x00000000c0000000,0x00000000c0000000,0x00000000c2b00000)
 Metaspace       used 5640K, capacity 6768K, committed 7040K, reserved 1056768K
  class space    used 577K, capacity 616K, committed 640K, reserved 1048576K
Event: 2.062 GC heap after
Heap after GC invocations=1 (full 0):
 PSYoungGen      total 18944K, used 2535K [0x00000000eab00000, 0x00000000ec000000, 0x0000000100000000)
  eden space 16384K, 0% used [0x00000000eab00000,0x00000000eab00000,0x00000000ebb00000)
  from space 2560K, 99% used [0x00000000ebb00000,0x00000000ebd79c90,0x00000000ebd80000)
  to   space 2560K, 0% used [0x00000000ebd80000,0x00000000ebd80000,0x00000000ec000000)
 ParOldGen       total 44032K, used 1789K [0x00000000c0000000, 0x00000000c2b00000, 0x00000000eab00000)
  object space 44032K, 4% used [0x00000000c0000000,0x00000000c01bf568,0x00000000c2b00000)
 Metaspace       used 5640K, capacity 6768K, committed 7040K, reserved 1056768K
  class space    used 577K, capacity 616K, committed 640K, reserved 1048576K
}

Deoptimization events (6 events):
Event: 1.769 Thread 0x000000001676a000 Uncommon trap: reason=class_check action=maybe_recompile pc=0x0000000002869868 method=com.android.dx.ssa.NormalSsaInsn.accept(Lcom/android/dx/ssa/SsaInsn$Visitor;)V @ 9
Event: 1.815 Thread 0x00000000167c3000 Uncommon trap: reason=class_check action=maybe_recompile pc=0x0000000002869868 method=com.android.dx.ssa.NormalSsaInsn.accept(Lcom/android/dx/ssa/SsaInsn$Visitor;)V @ 9
Event: 1.815 Thread 0x00000000167c3000 Uncommon trap: reason=class_check action=maybe_recompile pc=0x0000000002869868 method=com.android.dx.ssa.NormalSsaInsn.accept(Lcom/android/dx/ssa/SsaInsn$Visitor;)V @ 9
Event: 1.815 Thread 0x00000000167c3000 Uncommon trap: reason=class_check action=maybe_recompile pc=0x0000000002869868 method=com.android.dx.ssa.NormalSsaInsn.accept(Lcom/android/dx/ssa/SsaInsn$Visitor;)V @ 9
Event: 1.817 Thread 0x000000000239e000 Uncommon trap: reason=class_check action=maybe_recompile pc=0x00000000027eccb0 method=com.android.dx.ssa.NormalSsaInsn.accept(Lcom/android/dx/ssa/SsaInsn$Visitor;)V @ 9
Event: 1.832 Thread 0x00000000167c3000 Uncommon trap: reason=bimorphic action=maybe_recompile pc=0x0000000002836554 method=java.util.HashMap.getNode(ILjava/lang/Object;)Ljava/util/HashMap$Node; @ 126

Internal exceptions (10 events):
Event: 1.245 Thread 0x00000000167c3000 Exception <a 'java/security/PrivilegedActionException'> (0x00000000eb382aa0) thrown at [D:\re\workspace\8-2-build-windows-amd64-cygwin\jdk8u25\1677\hotspot\src\share\vm\prims\jvm.cpp, line 1312]
Event: 1.251 Thread 0x00000000167c3000 Exception <a 'java/security/PrivilegedActionException'> (0x00000000eb3862b8) thrown at [D:\re\workspace\8-2-build-windows-amd64-cygwin\jdk8u25\1677\hotspot\src\share\vm\prims\jvm.cpp, line 1312]
Event: 1.256 Thread 0x00000000167c3000 Exception <a 'java/security/PrivilegedActionException'> (0x00000000eb392ae0) thrown at [D:\re\workspace\8-2-build-windows-amd64-cygwin\jdk8u25\1677\hotspot\src\share\vm\prims\jvm.cpp, line 1312]
Event: 1.257 Thread 0x00000000167c3000 Exception <a 'java/security/PrivilegedActionException'> (0x00000000eb398d30) thrown at [D:\re\workspace\8-2-build-windows-amd64-cygwin\jdk8u25\1677\hotspot\src\share\vm\prims\jvm.cpp, line 1312]
Event: 1.258 Thread 0x00000000167c3000 Exception <a 'java/security/PrivilegedActionException'> (0x00000000eb39d428) thrown at [D:\re\workspace\8-2-build-windows-amd64-cygwin\jdk8u25\1677\hotspot\src\share\vm\prims\jvm.cpp, line 1312]
Event: 1.309 Thread 0x000000001676a000 Exception <a 'java/security/PrivilegedActionException'> (0x00000000eb429178) thrown at [D:\re\workspace\8-2-build-windows-amd64-cygwin\jdk8u25\1677\hotspot\src\share\vm\prims\jvm.cpp, line 1312]
Event: 1.347 Thread 0x0000000016760000 Exception <a 'java/security/PrivilegedActionException'> (0x00000000eb20a2e8) thrown at [D:\re\workspace\8-2-build-windows-amd64-cygwin\jdk8u25\1677\hotspot\src\share\vm\prims\jvm.cpp, line 1312]
Event: 1.361 Thread 0x0000000016734000 Exception <a 'java/security/PrivilegedActionException'> (0x00000000eb2d98b8) thrown at [D:\re\workspace\8-2-build-windows-amd64-cygwin\jdk8u25\1677\hotspot\src\share\vm\prims\jvm.cpp, line 1312]
Event: 1.392 Thread 0x000000001676a000 Exception <a 'java/security/PrivilegedActionException'> (0x00000000eb5c4420) thrown at [D:\re\workspace\8-2-build-windows-amd64-cygwin\jdk8u25\1677\hotspot\src\share\vm\prims\jvm.cpp, line 1312]
Event: 1.798 Thread 0x0000000016734000 Exception <a 'java/security/PrivilegedActionException'> (0x00000000eb83aa10) thrown at [D:\re\workspace\8-2-build-windows-amd64-cygwin\jdk8u25\1677\hotspot\src\share\vm\prims\jvm.cpp, line 1312]

Events (10 events):
Event: 1.817 Thread 0x000000000239e000 Uncommon trap: trap_request=0xffffffde fr.pc=0x00000000027eccb0
Event: 1.817 Thread 0x000000000239e000 DEOPT PACKING pc=0x00000000027eccb0 sp=0x000000000249e5a0
Event: 1.817 Thread 0x000000000239e000 DEOPT UNPACKING pc=0x00000000025f556a sp=0x000000000249e530 mode 2
Event: 1.832 Thread 0x00000000167c3000 Uncommon trap: trap_request=0xffffffc6 fr.pc=0x0000000002836554
Event: 1.832 Thread 0x00000000167c3000 DEOPT PACKING pc=0x0000000002836554 sp=0x0000000016ffedc0
Event: 1.832 Thread 0x00000000167c3000 DEOPT UNPACKING pc=0x00000000025f556a sp=0x0000000016ffece8 mode 2
Event: 2.053 Executing VM operation: ParallelGCFailedAllocation
Event: 2.063 Executing VM operation: ParallelGCFailedAllocation done
Event: 2.122 loading class sun/misc/Cleaner
Event: 2.122 loading class sun/misc/Cleaner done


Dynamic libraries:
0x00007ff6cf090000 - 0x00007ff6cf0c4000 	C:\Program Files\Java\jdk1.8.0_25\bin\java.exe
0x00007ff9ac8f0000 - 0x00007ff9acab1000 	C:\WINDOWS\SYSTEM32\ntdll.dll
0x00007ff9aa1b0000 - 0x00007ff9aa25d000 	C:\WINDOWS\system32\KERNEL32.DLL
0x00007ff9a9470000 - 0x00007ff9a964d000 	C:\WINDOWS\system32\KERNELBASE.dll
0x00007ff9a7a70000 - 0x00007ff9a7ae8000 	C:\WINDOWS\system32\apphelp.dll
0x00007ff9ac5e0000 - 0x00007ff9ac686000 	C:\WINDOWS\system32\ADVAPI32.dll
0x00007ff9abda0000 - 0x00007ff9abe3d000 	C:\WINDOWS\system32\msvcrt.dll
0x00007ff9ac410000 - 0x00007ff9ac46b000 	C:\WINDOWS\system32\sechost.dll
0x00007ff9ac060000 - 0x00007ff9ac186000 	C:\WINDOWS\system32\RPCRT4.dll
0x00007ff9aa270000 - 0x00007ff9aa3be000 	C:\WINDOWS\system32\USER32.dll
0x00007ff9ab8f0000 - 0x00007ff9aba76000 	C:\WINDOWS\system32\GDI32.dll
0x00007ff989d90000 - 0x00007ff98a004000 	C:\WINDOWS\WinSxS\amd64_microsoft.windows.common-controls_6595b64144ccf1df_6.0.10240.16384_none_f41f7b285750ef43\COMCTL32.dll
0x00007ff9ac770000 - 0x00007ff9ac7a6000 	C:\WINDOWS\system32\IMM32.DLL
0x00007ff9aba80000 - 0x00007ff9abbdc000 	C:\WINDOWS\system32\MSCTF.dll
0x0000000073d80000 - 0x0000000073e52000 	C:\Program Files\Java\jdk1.8.0_25\jre\bin\msvcr100.dll
0x0000000074200000 - 0x0000000074a5a000 	C:\Program Files\Java\jdk1.8.0_25\jre\bin\server\jvm.dll
0x00007ff9aa260000 - 0x00007ff9aa268000 	C:\WINDOWS\system32\PSAPI.DLL
0x00007ff99c160000 - 0x00007ff99c169000 	C:\WINDOWS\SYSTEM32\WSOCK32.dll
0x00007ff9ac6a0000 - 0x00007ff9ac709000 	C:\WINDOWS\system32\WS2_32.dll
0x00007ff9ac690000 - 0x00007ff9ac698000 	C:\WINDOWS\system32\NSI.dll
0x00007ff9a7970000 - 0x00007ff9a7993000 	C:\WINDOWS\SYSTEM32\WINMM.dll
0x00007ff9a7830000 - 0x00007ff9a785c000 	C:\WINDOWS\SYSTEM32\WINMMBASE.dll
0x00007ff9a9650000 - 0x00007ff9a9694000 	C:\WINDOWS\system32\cfgmgr32.dll
0x00007ff9a7bf0000 - 0x00007ff9a7c17000 	C:\WINDOWS\SYSTEM32\DEVOBJ.dll
0x00000000741f0000 - 0x00000000741ff000 	C:\Program Files\Java\jdk1.8.0_25\jre\bin\verify.dll
0x00000000741c0000 - 0x00000000741e8000 	C:\Program Files\Java\jdk1.8.0_25\jre\bin\java.dll
0x00000000741a0000 - 0x00000000741b6000 	C:\Program Files\Java\jdk1.8.0_25\jre\bin\zip.dll
0x00007ff9aa3c0000 - 0x00007ff9ab8e2000 	C:\WINDOWS\system32\SHELL32.dll
0x00007ff9a9990000 - 0x00007ff9a9fb8000 	C:\WINDOWS\system32\windows.storage.dll
0x00007ff9ac190000 - 0x00007ff9ac40c000 	C:\WINDOWS\system32\combase.dll
0x00007ff9ac710000 - 0x00007ff9ac761000 	C:\WINDOWS\system32\shlwapi.dll
0x00007ff9a9390000 - 0x00007ff9a939f000 	C:\WINDOWS\system32\kernel.appcore.dll
0x00007ff9a96a0000 - 0x00007ff9a9753000 	C:\WINDOWS\system32\shcore.dll
0x00007ff9a9320000 - 0x00007ff9a936a000 	C:\WINDOWS\system32\powrprof.dll
0x00007ff9a93a0000 - 0x00007ff9a93b3000 	C:\WINDOWS\system32\profapi.dll

VM Arguments:
jvm_args: -Xmx1024M -Dfile.encoding=windows-1252 -Duser.country=US -Duser.language=en -Duser.variant 
java_command: com.android.dx.command.Main --dex --num-threads=4 --output D:\mekget\WorkSpace\androidStudioProjects\_gotera\AbbisWood\app\build\intermediates\pre-dexed\debug\nineoldandroids-library-2.4.0-0f3a7e7167979f5efaacc429826b94fae079e952.jar D:\mekget\WorkSpace\androidStudioProjects\_gotera\AbbisWood\app\build\intermediates\exploded-aar\com.specyci\residemenu\1.6\jars\libs\nineoldandroids-library-2.4.0.jar
java_class_path (initial): C:\Program Files (x86)\android1.0\sdk\build-tools\23.0.1\lib\dx.jar
Launcher Type: SUN_STANDARD

Environment Variables:
CLASSPATH=.;C:\Program Files (x86)\Java\jre1.6.0\lib\ext\QTJava.zip;C:\Program Files\Java\jdk1.7.0_51\bin;
PATH=C:\app\MEK\product\12.1.0\dbhome_1\bin;C:\ProgramData\Oracle\Java\javapath;C:\Python33\;C:\WINDOWS\system32;C:\WINDOWS;C:\WINDOWS\System32\Wbem;C:\WINDOWS\System32\WindowsPowerShell\v1.0\;C:\xampp\mysql\bin;C:\Program Files\Microsoft\Web Platform Installer\;C:\Program Files\Microsoft SQL Server\110\Tools\Binn\;c:\Program Files (x86)\Microsoft ASP.NET\ASP.NET Web Pages\v1.0\;C:\Program Files (x86)\Rational\ClearQuest;C:\Program Files (x86)\Rational\Rose\TopLink\;C:\Program Files (x86)\QuickTime\QTSystem\;C:\Program Files (x86)\Windows Kits\8.1\Windows Performance Toolkit\;C:\Program Files (x86)\Microsoft SDKs\TypeScript\1.0\;C:\altera\14.0\modelsim_ase\win32aloem;C:\Program Files (x86)\Git\cmd;D:\softwares\android-ndk-r10d;C:\Program Files\Microsoft SQL Server\Client SDK\ODBC\110\Tools\Binn\;C:\Program Files (x86)\Microsoft SQL Server\120\Tools\Binn\;C:\Program Files\Microsoft SQL Server\120\Tools\Binn\;C:\Program Files\Microsoft SQL Server\120\DTS\Binn\;C:\Program Files (x86)\Microsoft SQL Server\120\Tools\Binn\ManagementStudio\;C:\Program Files (x86)\Microsoft SQL Server\120\DTS\Binn\;C:\Program Files (x86)\Microsoft SQL Server\110\Tools\Binn\;C:\Program Files\Microsoft SQL Server\110\DTS\Binn\;C:\xampp\php;C:\ProgramData\ComposerSetup\bin;C:\Users\MEK\.dnx\bin;C:\Program Files\Microsoft DNX\Dnvm\;C:\Program Files\MongoDB\Server\3.0\bin;C:\Go\bin;C:\Program Files (x86)\nodejs\;C:\Program Files\MongoDB\Server\3.2\bin;C:\Users\MEK\.dnx\bin;C:\Python33\Lib\site-packages\django\bin;C:\Program Files\Java\jdk1.7.0_51\bin;D:\gradle-1.12\bin;C:\Windows\Microsoft.NET\Framework\v4.0.30319;C:\Program Files\Sublime Text 2;C:\Users\MEK\AppData\Local\Code\bin;C:\Program Files\Java\jdk1.8.0_25\jre\bin;C:\Users\MEK\AppData\Roaming\npm
USERNAME=MEK
OS=Windows_NT
PROCESSOR_IDENTIFIER=Intel64 Family 6 Model 42 Stepping 7, GenuineIntel



---------------  S Y S T E M  ---------------

OS: Windows 8.1 , 64 bit Build 9600 

CPU:total 4 (2 cores per cpu, 2 threads per core) family 6 model 42 stepping 7, cmov, cx8, fxsr, mmx, sse, sse2, sse3, ssse3, sse4.1, sse4.2, popcnt, avx, clmul, ht, tsc, tscinvbit

Memory: 4k page, physical 4099848k(230764k free), swap 7171848k(364k free)

vm_info: Java HotSpot(TM) 64-Bit Server VM (25.25-b02) for windows-amd64 JRE (1.8.0_25-b18), built on Oct  7 2014 14:25:37 by "java_re" with MS VC++ 10.0 (VS2010)

time: Mon Jul 04 08:33:32 2016
elapsed time: 2 seconds (0d 0h 0m 2s)

